mkdir in /home/clexma/Desktop/fox3/fuzzing
mkdir ./experiment_result/temp/0
mkdir in /home/clexma/Desktop/fox3/fuzzing
mkdir ./experiment_result/temp/2
cp -rf ./ChatAnalyzer/pathsFile.txt ./ChatAnalyzer/path_source_code.txt ./target_functions.txt ./ChatAnalyzer/syz_comm_content.txt ./ChatAnalyzer/syz_comm_sig.txt ./linuxRepo/line2addr/input_functions.txt ./linuxRepo/line2addr/func2addr_info.txt ./linuxRepo/line2addr/result_addr_info.txt  ./experiment_result/temp/2
cp ./target_functions.txt ./experiment_result/temp/2
cp ./syzkaller/experiment_output_llmenabled.txt ./experiment_result/temp/2
START EXP
----- target functions

fscontext_create_fd

----- target functions

stable_page_flags

----- target functions

ksys_semctl

----- target functions

mmgrab

----- target functions

__sys_setfsgid

----- target functions

do_sched_yield

----- target functions

access_pidfd_pidns

----- target functions

vm_acct_memory

----- target functions

__shmem_file_setup

----- target functions

inc_cluster_info_page

----- target functions

io_register_iowq_max_workers

----- target functions

__anon_inode_getfile

----- target functions

copy_fsxattr_from_user

----- target functions

__io_uring_add_tctx_node

----- target functions

keyring_ptr_to_key

----- target functions

mnt_get_writers

----- target functions

futex_requeue_pi_prepare

----- target functions

wait_for_device_probe

----- target functions

memcpy_to_page

----- target functions

task_clear_jobctl_trapping

----- target functions

__io_put_kbuf

----- target functions

bio_discard_limit

----- target functions

ptr_set_bit

----- target functions

kimage_is_destination_range

----- target functions

find_lock_entries

----- target functions

fsnotify_data_sb

----- target functions

security_inode_setxattr

----- target functions

relocate_restore_code

----- target functions

free_partitions

----- target functions

bpf_prog_free

----- target functions

xol_free_insn_slot

----- target functions

locks_delete_global_blocked

----- target functions

pmd_none_or_clear_bad

----- target functions

__hugetlb_cgroup_uncharge_folio

----- target functions

__submit_bio_noacct_mq

----- target functions

srcu_read_lock_nmisafe

----- target functions

__skb_queue_after

----- target functions

trace_wbc_writepage

----- target functions

alloc_skb_with_frags

----- target functions

sk_set_bit

----- target functions

sidtab_search_core

----- target functions

__owner_task

----- target functions

clockevent_state_shutdown
is llm enable: 1
close range: 2
0 CURRENT TARGET FUNCTIONS: 
fscontext_create_fd
write target_functions.txt
b'close function: fscontext_create_fd\ncurrent function name file path: /home/clexma/Desktop/fox3/fuzzing/linuxRepo//linux_new/fs/fsopen.c\nline range: \nfrom: 87 to: 96\nLLM ENABLED\nCLOSE RANGE: 2\npython3 chat_interface.py init fscontext_create_fd\ninit output: 1 syscall analysis for fscontext_create_fd : ----------------------------\n[fsopen, fspick]\nInit LLM result:\nfsopen\nfspick\n\ninit error: \n/home/clexma/Desktop/fox3/fuzzing/ChatAnalyzer\npython3 chat_interface.py close fscontext_create_fd 2\n/home/clexma/Desktop/fox3/fuzzing/linuxRepo/line2addr\npython3 ./addr_extractor.py ./input_functions.txt\nfuzzing terminate, time bound reach\n'
b'close function: fscontext_create_fd\ncurrent function name file path: /home/clexma/Desktop/fox3/fuzzing/linuxRepo//linux_new/fs/fsopen.c\nline range: \nfrom: 87 to: 96\nLLM ENABLED\nCLOSE RANGE: 2\npython3 chat_interface.py init fscontext_create_fd\ninit output: 1 syscall analysis for fscontext_create_fd : ----------------------------\n[fsopen, fspick]\nInit LLM result:\nfsopen\nfspick\n\ninit error: \n/home/clexma/Desktop/fox3/fuzzing/ChatAnalyzer\npython3 chat_interface.py close fscontext_create_fd 2\n/home/clexma/Desktop/fox3/fuzzing/linuxRepo/line2addr\npython3 ./addr_extractor.py ./input_functions.txt\nfuzzing terminate, time bound reach\n'
b'Traceback (most recent call last):\n  File "/home/clexma/Desktop/fox3/fuzzing/./run_experiment.py", line 128, in <module>\n    syzkaller_proc.wait(timeout=syzkaller_time_out)\n  File "/usr/lib/python3.10/subprocess.py", line 1209, in wait\n    return self._wait(timeout=timeout)\n  File "/usr/lib/python3.10/subprocess.py", line 1951, in _wait\n    raise TimeoutExpired(self.args, timeout)\nsubprocess.TimeoutExpired: Command \'[\'sudo\', \'-s\', \'./bin/syz-manager\', \'-config\', \'./my.cfg\']\' timed out after 7200 seconds\n\nDuring handling of the above exception, another exception occurred:\n\nTraceback (most recent call last):\n  File "/home/clexma/Desktop/fox3/fuzzing/./run_experiment.py", line 132, in <module>\n    kill_process_tree(syzkaller_proc.pid)\n  File "/home/clexma/Desktop/fox3/fuzzing/./run_experiment.py", line 14, in kill_process_tree\n    os.kill(child.pid, sig)\nPermissionError: [Errno 1] Operation not permitted\n'
python3 ./run_experiment.py copy 0
2 CURRENT TARGET FUNCTIONS: 
ksys_semctl
write target_functions.txt
b'close function: ksys_semctl\ncurrent function name file path: /home/clexma/Desktop/fox3/fuzzing/linuxRepo//linux_new/ipc/sem.c\nline range: \nfrom: 1651 to: 1703\nLLM ENABLED\nCLOSE RANGE: 2\npython3 chat_interface.py init ksys_semctl\ninit output: 1 syscall analysis for ksys_semctl : ----------------------------\n[semctl, old_semctl, compat_ksys_old_semctl]\nInit LLM result:\nsemctl\nold_semctl\ncompat_ksys_old_semctl\n\ninit error: \n/home/clexma/Desktop/fox3/fuzzing/ChatAnalyzer\npython3 chat_interface.py close ksys_semctl 2\n/home/clexma/Desktop/fox3/fuzzing/linuxRepo/line2addr\npython3 ./addr_extractor.py ./input_functions.txt\nfuzzing terminate, time bound reach\n'
b'close function: ksys_semctl\ncurrent function name file path: /home/clexma/Desktop/fox3/fuzzing/linuxRepo//linux_new/ipc/sem.c\nline range: \nfrom: 1651 to: 1703\nLLM ENABLED\nCLOSE RANGE: 2\npython3 chat_interface.py init ksys_semctl\ninit output: 1 syscall analysis for ksys_semctl : ----------------------------\n[semctl, old_semctl, compat_ksys_old_semctl]\nInit LLM result:\nsemctl\nold_semctl\ncompat_ksys_old_semctl\n\ninit error: \n/home/clexma/Desktop/fox3/fuzzing/ChatAnalyzer\npython3 chat_interface.py close ksys_semctl 2\n/home/clexma/Desktop/fox3/fuzzing/linuxRepo/line2addr\npython3 ./addr_extractor.py ./input_functions.txt\nfuzzing terminate, time bound reach\n'
b'Traceback (most recent call last):\n  File "/home/clexma/Desktop/fox3/fuzzing/./run_experiment.py", line 128, in <module>\n    syzkaller_proc.wait(timeout=syzkaller_time_out)\n  File "/usr/lib/python3.10/subprocess.py", line 1209, in wait\n    return self._wait(timeout=timeout)\n  File "/usr/lib/python3.10/subprocess.py", line 1951, in _wait\n    raise TimeoutExpired(self.args, timeout)\nsubprocess.TimeoutExpired: Command \'[\'sudo\', \'-s\', \'./bin/syz-manager\', \'-config\', \'./my.cfg\']\' timed out after 7200 seconds\n\nDuring handling of the above exception, another exception occurred:\n\nTraceback (most recent call last):\n  File "/home/clexma/Desktop/fox3/fuzzing/./run_experiment.py", line 132, in <module>\n    kill_process_tree(syzkaller_proc.pid)\n  File "/home/clexma/Desktop/fox3/fuzzing/./run_experiment.py", line 14, in kill_process_tree\n    os.kill(child.pid, sig)\nPermissionError: [Errno 1] Operation not permitted\n'
python3 ./run_experiment.py copy 2
3 CURRENT TARGET FUNCTIONS: 
mmgrab
write target_functions.txt
b'close function: __mem_open\nclose function: __mmu_interval_notifier_insert\nclose function: __mmu_notifier_register\nclose function: __oom_kill_process\nclose function: __schedule\nclose function: __set_oom_adj\nclose function: cpu_init\nclose function: exit_mm\nclose function: io_uring_create\nclose function: io_uring_setup\nclose function: iommu_sva_bind_device\nclose function: iommu_sva_domain_alloc\nclose function: kthread_unuse_mm\nclose function: kthread_use_mm\nclose function: mark_oom_victim\nclose function: mmgrab\nclose function: mmgrab_lazy_tlb\nclose function: mmu_interval_notifier_insert\nclose function: mmu_interval_notifier_insert_locked\nclose function: mmu_notifier_get_locked\nclose function: mmu_notifier_register\nclose function: oom_adj_write\nclose function: oom_kill_process\nclose function: oom_score_adj_write\nclose function: out_of_memory\nclose function: pagemap_open\nclose function: proc_maps_open\nclose function: proc_mem_open\nclose function: sched_init\nclose function: smaps_rollup_open\nclose function: start_secondary\nclose function: trap_init\ncurrent function name file path: /home/clexma/Desktop/fox3/fuzzing/linuxRepo//linux_new/fs/proc/base.c\nline range: \nfrom: 797 to: 815\ncurrent function name file path: /home/clexma/Desktop/fox3/fuzzing/linuxRepo//linux_new/kernel/kthread.c\nline range: \nfrom: 1429 to: 1468\ncurrent function name file path: /home/clexma/Desktop/fox3/fuzzing/linuxRepo//linux_new/mm/mmu_notifier.c\nline range: \nfrom: 992 to: 1011\ncurrent function name file path: /home/clexma/Desktop/fox3/fuzzing/linuxRepo//linux_new/drivers/iommu/iommu-sva.c\nline range: \nfrom: 70 to: 137\ncurrent function name file path: NOT FOUND\nNOT FOUND\nline range: \nfrom: -1 to: -1\ncurrent function name file path: /home/clexma/Desktop/fox3/fuzzing/linuxRepo//linux_new/fs/proc/task_mmu.c\nline range: \nfrom: 1748 to: 1757\ncurrent function name file path: /home/clexma/Desktop/fox3/fuzzing/linuxRepo//linux_new/kernel/kthread.c\nline range: \nfrom: 1475 to: 1501\ncurrent function name file path: /home/clexma/Desktop/fox3/fuzzing/linuxRepo//linux_new/mm/mmu_notifier.c\nline range: \nfrom: 697 to: 706\ncurrent function name file path: /home/clexma/Desktop/fox3/fuzzing/linuxRepo//linux_new/arch/hexagon/kernel/smp.c\nline range: \nfrom: 123 to: 165\ncurrent function name file path: /home/clexma/Desktop/fox3/fuzzing/linuxRepo//linux_new/fs/proc/base.c\nline range: \nfrom: 1154 to: 1189\ncurrent function name file path: /home/clexma/Desktop/fox3/fuzzing/linuxRepo//linux_new/io_uring/io_uring.c\nline range: \nfrom: 3410 to: 3615\ncurrent function name file path: /home/clexma/Desktop/fox3/fuzzing/linuxRepo//linux_new/fs/proc/base.c\nline range: \nfrom: 817 to: 826\ncurrent function name file path: /home/clexma/Desktop/fox3/fuzzing/linuxRepo//linux_new/mm/oom_kill.c\nline range: \nfrom: 1012 to: 1058\ncurrent function name file path: /home/clexma/Desktop/fox3/fuzzing/linuxRepo//linux_new/fs/proc/task_mmu.c\nline range: \nfrom: 1014 to: 1041\ncurrent function name file path: /home/clexma/Desktop/fox3/fuzzing/linuxRepo//linux_new/kernel/sched/core.c\nline range: \nfrom: 9920 to: 10107\ncurrent function name file path: NOT FOUND\nNOT FOUND\nline range: \nfrom: -1 to: -1\ncurrent function name file path: /home/clexma/Desktop/fox3/fuzzing/linuxRepo//linux_new/arch/arm/kernel/setup.c\nline range: \nfrom: 531 to: 592\ncurrent function name file path: NOT FOUND\nNOT FOUND\nline range: \nfrom: -1 to: -1\ncurrent function name file path: /home/clexma/Desktop/fox3/fuzzing/linuxRepo//linux_new/kernel/sched/core.c\nline range: \nfrom: 6615 to: 6751\ncurrent function name file path: /home/clexma/Desktop/fox3/fuzzing/linuxRepo//linux_new/mm/mmu_notifier.c\nline range: \nfrom: 749 to: 774\ncurrent function name file path: /home/clexma/Desktop/fox3/fuzzing/linuxRepo//linux_new/mm/oom_kill.c\nline range: \nfrom: 916 to: 996\ncurrent function name file path: /home/clexma/Desktop/fox3/fuzzing/linuxRepo//linux_new/arch/alpha/kernel/traps.c\nline range: \nfrom: 917 to: 929\ncurrent function name file path: /home/clexma/Desktop/fox3/fuzzing/linuxRepo//linux_new/drivers/iommu/iommu-sva.c\nline range: \nfrom: 280 to: 303\ncurrent function name file path: /home/clexma/Desktop/fox3/fuzzing/linuxRepo//linux_new/fs/proc/base.c\nline range: \nfrom: 1213 to: 1239\ncurrent function name file path: /home/clexma/Desktop/fox3/fuzzing/linuxRepo//linux_new/mm/oom_kill.c\nline range: \nfrom: 1107 to: 1176\ncurrent function name file path: /home/clexma/Desktop/fox3/fuzzing/linuxRepo//linux_new/mm/mmu_notifier.c\nline range: \nfrom: 888 to: 952\ncurrent function name file path: /home/clexma/Desktop/fox3/fuzzing/linuxRepo//linux_new/io_uring/io_uring.c\nline range: \nfrom: 3666 to: 3673\ncurrent function name file path: /home/clexma/Desktop/fox3/fuzzing/linuxRepo//linux_new/mm/mmu_notifier.c\nline range: \nfrom: 594 to: 675\ncurrent function name file path: /home/clexma/Desktop/fox3/fuzzing/linuxRepo//linux_new/fs/proc/base.c\nline range: \nfrom: 1061 to: 1142\ncurrent function name file path: /home/clexma/Desktop/fox3/fuzzing/linuxRepo//linux_new/kernel/exit.c\nline range: \nfrom: 537 to: 571\ncurrent function name file path: /home/clexma/Desktop/fox3/fuzzing/linuxRepo//linux_new/mm/mmu_notifier.c\nline range: \nfrom: 970 to: 989\ncurrent function name file path: /home/clexma/Desktop/fox3/fuzzing/linuxRepo//linux_new/fs/proc/task_mmu.c\nline range: \nfrom: 204 to: 222\nLLM ENABLED\nCLOSE RANGE: 2\npython3 chat_interface.py init mmgrab\ninit output: \ninit error: Traceback (most recent call last):\n  File "/home/clexma/Desktop/fox3/fuzzing/ChatAnalyzer/chat_interface.py", line 441, in <module>\n    llm_list_result = interface.ask_for_syscalls_can_reach_functions(name)\n  File "/home/clexma/Desktop/fox3/fuzzing/ChatAnalyzer/chat_interface.py", line 131, in ask_for_syscalls_can_reach_functions\n    answer = self.ask_question_and_record(description)\n  File "/home/clexma/Desktop/fox3/fuzzing/ChatAnalyzer/chat_interface.py", line 61, in ask_question_and_record\n    res = self.client.chat.completions.create(\n  File "/home/clexma/.local/lib/python3.10/site-packages/openai/_utils/_utils.py", line 274, in wrapper\n    return func(*args, **kwargs)\n  File "/home/clexma/.local/lib/python3.10/site-packages/openai/resources/chat/completions.py", line 704, in create\n    return self._post(\n  File "/home/clexma/.local/lib/python3.10/site-packages/openai/_base_client.py", line 1260, in post\n    return cast(ResponseT, self.request(cast_to, opts, stream=stream, stream_cls=stream_cls))\n  File "/home/clexma/.local/lib/python3.10/site-packages/openai/_base_client.py", line 937, in request\n    return self._request(\n  File "/home/clexma/.local/lib/python3.10/site-packages/openai/_base_client.py", line 1041, in _request\n    raise self._make_status_error_from_response(err.response) from None\nopenai.BadRequestError: Error code: 400 - {\'error\': {\'message\': "This model\'s maximum context length is 128000 tokens. However, your messages resulted in 153152 tokens. Please reduce the length of the messages.", \'type\': \'invalid_request_error\', \'param\': \'messages\', \'code\': \'context_length_exceeded\'}}\n\n/home/clexma/Desktop/fox3/fuzzing/ChatAnalyzer\npython3 chat_interface.py close mmgrab 2\n/home/clexma/Desktop/fox3/fuzzing/linuxRepo/line2addr\npython3 ./addr_extractor.py ./input_functions.txt\nfuzzing terminate, time bound reach\n'
b'close function: __mem_open\nclose function: __mmu_interval_notifier_insert\nclose function: __mmu_notifier_register\nclose function: __oom_kill_process\nclose function: __schedule\nclose function: __set_oom_adj\nclose function: cpu_init\nclose function: exit_mm\nclose function: io_uring_create\nclose function: io_uring_setup\nclose function: iommu_sva_bind_device\nclose function: iommu_sva_domain_alloc\nclose function: kthread_unuse_mm\nclose function: kthread_use_mm\nclose function: mark_oom_victim\nclose function: mmgrab\nclose function: mmgrab_lazy_tlb\nclose function: mmu_interval_notifier_insert\nclose function: mmu_interval_notifier_insert_locked\nclose function: mmu_notifier_get_locked\nclose function: mmu_notifier_register\nclose function: oom_adj_write\nclose function: oom_kill_process\nclose function: oom_score_adj_write\nclose function: out_of_memory\nclose function: pagemap_open\nclose function: proc_maps_open\nclose function: proc_mem_open\nclose function: sched_init\nclose function: smaps_rollup_open\nclose function: start_secondary\nclose function: trap_init\ncurrent function name file path: /home/clexma/Desktop/fox3/fuzzing/linuxRepo//linux_new/fs/proc/base.c\nline range: \nfrom: 797 to: 815\ncurrent function name file path: /home/clexma/Desktop/fox3/fuzzing/linuxRepo//linux_new/kernel/kthread.c\nline range: \nfrom: 1429 to: 1468\ncurrent function name file path: /home/clexma/Desktop/fox3/fuzzing/linuxRepo//linux_new/mm/mmu_notifier.c\nline range: \nfrom: 992 to: 1011\ncurrent function name file path: /home/clexma/Desktop/fox3/fuzzing/linuxRepo//linux_new/drivers/iommu/iommu-sva.c\nline range: \nfrom: 70 to: 137\ncurrent function name file path: NOT FOUND\nNOT FOUND\nline range: \nfrom: -1 to: -1\ncurrent function name file path: /home/clexma/Desktop/fox3/fuzzing/linuxRepo//linux_new/fs/proc/task_mmu.c\nline range: \nfrom: 1748 to: 1757\ncurrent function name file path: /home/clexma/Desktop/fox3/fuzzing/linuxRepo//linux_new/kernel/kthread.c\nline range: \nfrom: 1475 to: 1501\ncurrent function name file path: /home/clexma/Desktop/fox3/fuzzing/linuxRepo//linux_new/mm/mmu_notifier.c\nline range: \nfrom: 697 to: 706\ncurrent function name file path: /home/clexma/Desktop/fox3/fuzzing/linuxRepo//linux_new/arch/hexagon/kernel/smp.c\nline range: \nfrom: 123 to: 165\ncurrent function name file path: /home/clexma/Desktop/fox3/fuzzing/linuxRepo//linux_new/fs/proc/base.c\nline range: \nfrom: 1154 to: 1189\ncurrent function name file path: /home/clexma/Desktop/fox3/fuzzing/linuxRepo//linux_new/io_uring/io_uring.c\nline range: \nfrom: 3410 to: 3615\ncurrent function name file path: /home/clexma/Desktop/fox3/fuzzing/linuxRepo//linux_new/fs/proc/base.c\nline range: \nfrom: 817 to: 826\ncurrent function name file path: /home/clexma/Desktop/fox3/fuzzing/linuxRepo//linux_new/mm/oom_kill.c\nline range: \nfrom: 1012 to: 1058\ncurrent function name file path: /home/clexma/Desktop/fox3/fuzzing/linuxRepo//linux_new/fs/proc/task_mmu.c\nline range: \nfrom: 1014 to: 1041\ncurrent function name file path: /home/clexma/Desktop/fox3/fuzzing/linuxRepo//linux_new/kernel/sched/core.c\nline range: \nfrom: 9920 to: 10107\ncurrent function name file path: NOT FOUND\nNOT FOUND\nline range: \nfrom: -1 to: -1\ncurrent function name file path: /home/clexma/Desktop/fox3/fuzzing/linuxRepo//linux_new/arch/arm/kernel/setup.c\nline range: \nfrom: 531 to: 592\ncurrent function name file path: NOT FOUND\nNOT FOUND\nline range: \nfrom: -1 to: -1\ncurrent function name file path: /home/clexma/Desktop/fox3/fuzzing/linuxRepo//linux_new/kernel/sched/core.c\nline range: \nfrom: 6615 to: 6751\ncurrent function name file path: /home/clexma/Desktop/fox3/fuzzing/linuxRepo//linux_new/mm/mmu_notifier.c\nline range: \nfrom: 749 to: 774\ncurrent function name file path: /home/clexma/Desktop/fox3/fuzzing/linuxRepo//linux_new/mm/oom_kill.c\nline range: \nfrom: 916 to: 996\ncurrent function name file path: /home/clexma/Desktop/fox3/fuzzing/linuxRepo//linux_new/arch/alpha/kernel/traps.c\nline range: \nfrom: 917 to: 929\ncurrent function name file path: /home/clexma/Desktop/fox3/fuzzing/linuxRepo//linux_new/drivers/iommu/iommu-sva.c\nline range: \nfrom: 280 to: 303\ncurrent function name file path: /home/clexma/Desktop/fox3/fuzzing/linuxRepo//linux_new/fs/proc/base.c\nline range: \nfrom: 1213 to: 1239\ncurrent function name file path: /home/clexma/Desktop/fox3/fuzzing/linuxRepo//linux_new/mm/oom_kill.c\nline range: \nfrom: 1107 to: 1176\ncurrent function name file path: /home/clexma/Desktop/fox3/fuzzing/linuxRepo//linux_new/mm/mmu_notifier.c\nline range: \nfrom: 888 to: 952\ncurrent function name file path: /home/clexma/Desktop/fox3/fuzzing/linuxRepo//linux_new/io_uring/io_uring.c\nline range: \nfrom: 3666 to: 3673\ncurrent function name file path: /home/clexma/Desktop/fox3/fuzzing/linuxRepo//linux_new/mm/mmu_notifier.c\nline range: \nfrom: 594 to: 675\ncurrent function name file path: /home/clexma/Desktop/fox3/fuzzing/linuxRepo//linux_new/fs/proc/base.c\nline range: \nfrom: 1061 to: 1142\ncurrent function name file path: /home/clexma/Desktop/fox3/fuzzing/linuxRepo//linux_new/kernel/exit.c\nline range: \nfrom: 537 to: 571\ncurrent function name file path: /home/clexma/Desktop/fox3/fuzzing/linuxRepo//linux_new/mm/mmu_notifier.c\nline range: \nfrom: 970 to: 989\ncurrent function name file path: /home/clexma/Desktop/fox3/fuzzing/linuxRepo//linux_new/fs/proc/task_mmu.c\nline range: \nfrom: 204 to: 222\nLLM ENABLED\nCLOSE RANGE: 2\npython3 chat_interface.py init mmgrab\ninit output: \ninit error: Traceback (most recent call last):\n  File "/home/clexma/Desktop/fox3/fuzzing/ChatAnalyzer/chat_interface.py", line 441, in <module>\n    llm_list_result = interface.ask_for_syscalls_can_reach_functions(name)\n  File "/home/clexma/Desktop/fox3/fuzzing/ChatAnalyzer/chat_interface.py", line 131, in ask_for_syscalls_can_reach_functions\n    answer = self.ask_question_and_record(description)\n  File "/home/clexma/Desktop/fox3/fuzzing/ChatAnalyzer/chat_interface.py", line 61, in ask_question_and_record\n    res = self.client.chat.completions.create(\n  File "/home/clexma/.local/lib/python3.10/site-packages/openai/_utils/_utils.py", line 274, in wrapper\n    return func(*args, **kwargs)\n  File "/home/clexma/.local/lib/python3.10/site-packages/openai/resources/chat/completions.py", line 704, in create\n    return self._post(\n  File "/home/clexma/.local/lib/python3.10/site-packages/openai/_base_client.py", line 1260, in post\n    return cast(ResponseT, self.request(cast_to, opts, stream=stream, stream_cls=stream_cls))\n  File "/home/clexma/.local/lib/python3.10/site-packages/openai/_base_client.py", line 937, in request\n    return self._request(\n  File "/home/clexma/.local/lib/python3.10/site-packages/openai/_base_client.py", line 1041, in _request\n    raise self._make_status_error_from_response(err.response) from None\nopenai.BadRequestError: Error code: 400 - {\'error\': {\'message\': "This model\'s maximum context length is 128000 tokens. However, your messages resulted in 153152 tokens. Please reduce the length of the messages.", \'type\': \'invalid_request_error\', \'param\': \'messages\', \'code\': \'context_length_exceeded\'}}\n\n/home/clexma/Desktop/fox3/fuzzing/ChatAnalyzer\npython3 chat_interface.py close mmgrab 2\n/home/clexma/Desktop/fox3/fuzzing/linuxRepo/line2addr\npython3 ./addr_extractor.py ./input_functions.txt\nfuzzing terminate, time bound reach\n'
mkdir in /home/clexma/Desktop/fox3/fuzzing
mkdir ./experiment_result/temp/3
cp -rf ./ChatAnalyzer/pathsFile.txt ./ChatAnalyzer/path_source_code.txt ./target_functions.txt ./ChatAnalyzer/syz_comm_content.txt ./ChatAnalyzer/syz_comm_sig.txt ./linuxRepo/line2addr/input_functions.txt ./linuxRepo/line2addr/func2addr_info.txt ./linuxRepo/line2addr/result_addr_info.txt  ./experiment_result/temp/3
cp ./target_functions.txt ./experiment_result/temp/3
cp ./syzkaller/experiment_output_llmenabled.txt ./experiment_result/temp/3
mkdir in /home/clexma/Desktop/fox3/fuzzing
mkdir ./experiment_result/temp/4
cp -rf ./ChatAnalyzer/pathsFile.txt ./ChatAnalyzer/path_source_code.txt ./target_functions.txt ./ChatAnalyzer/syz_comm_content.txt ./ChatAnalyzer/syz_comm_sig.txt ./linuxRepo/line2addr/input_functions.txt ./linuxRepo/line2addr/func2addr_info.txt ./linuxRepo/line2addr/result_addr_info.txt  ./experiment_result/temp/4
cp ./target_functions.txt ./experiment_result/temp/4
cp ./syzkaller/experiment_output_llmenabled.txt ./experiment_result/temp/4
mkdir in /home/clexma/Desktop/fox3/fuzzing
mkdir ./experiment_result/temp/5
cp -rf ./ChatAnalyzer/pathsFile.txt ./ChatAnalyzer/path_source_code.txt ./target_functions.txt ./ChatAnalyzer/syz_comm_content.txt ./ChatAnalyzer/syz_comm_sig.txt ./linuxRepo/line2addr/input_functions.txt ./linuxRepo/line2addr/func2addr_info.txt ./linuxRepo/line2addr/result_addr_info.txt  ./experiment_result/temp/5
cp ./target_functions.txt ./experiment_result/temp/5
cp ./syzkaller/experiment_output_llmenabled.txt ./experiment_result/temp/5
b'usage: line2addr.py [-h] --binary BINARY [--json-db] [--file FILE]\n                    [--line LINE] [--directory DIRECTORY]\n                    [--base-address BASE_ADDRESS] [--dwarf]\nline2addr.py: error: unrecognized arguments: FOUND\nusage: line2addr.py [-h] --binary BINARY [--json-db] [--file FILE]\n                    [--line LINE] [--directory DIRECTORY]\n                    [--base-address BASE_ADDRESS] [--dwarf]\nline2addr.py: error: unrecognized arguments: FOUND\nusage: line2addr.py [-h] --binary BINARY [--json-db] [--file FILE]\n                    [--line LINE] [--directory DIRECTORY]\n                    [--base-address BASE_ADDRESS] [--dwarf]\nline2addr.py: error: unrecognized arguments: FOUND\nTraceback (most recent call last):\n  File "/home/clexma/Desktop/fox3/fuzzing/./run_experiment.py", line 128, in <module>\n    syzkaller_proc.wait(timeout=syzkaller_time_out)\n  File "/usr/lib/python3.10/subprocess.py", line 1209, in wait\n    return self._wait(timeout=timeout)\n  File "/usr/lib/python3.10/subprocess.py", line 1951, in _wait\n    raise TimeoutExpired(self.args, timeout)\nsubprocess.TimeoutExpired: Command \'[\'sudo\', \'-s\', \'./bin/syz-manager\', \'-config\', \'./my.cfg\']\' timed out after 7200 seconds\n\nDuring handling of the above exception, another exception occurred:\n\nTraceback (most recent call last):\n  File "/home/clexma/Desktop/fox3/fuzzing/./run_experiment.py", line 132, in <module>\n    kill_process_tree(syzkaller_proc.pid)\n  File "/home/clexma/Desktop/fox3/fuzzing/./run_experiment.py", line 14, in kill_process_tree\n    os.kill(child.pid, sig)\nPermissionError: [Errno 1] Operation not permitted\n'
python3 ./run_experiment.py copy 3
4 CURRENT TARGET FUNCTIONS: 
__sys_setfsgid
write target_functions.txt
b'close function: __sys_setfsgid\ncurrent function name file path: /home/clexma/Desktop/fox3/fuzzing/linuxRepo//linux_new/kernel/sys.c\nline range: \nfrom: 913 to: 947\nLLM ENABLED\nCLOSE RANGE: 2\npython3 chat_interface.py init __sys_setfsgid\ninit output: 1 syscall analysis for __sys_setfsgid : ----------------------------\n[setfsgid, setfsgid16]\nInit LLM result:\nsetfsgid\nsetfsgid16\n\ninit error: \n/home/clexma/Desktop/fox3/fuzzing/ChatAnalyzer\npython3 chat_interface.py close __sys_setfsgid 2\n/home/clexma/Desktop/fox3/fuzzing/linuxRepo/line2addr\npython3 ./addr_extractor.py ./input_functions.txt\nfuzzing terminate, time bound reach\n'
b'close function: __sys_setfsgid\ncurrent function name file path: /home/clexma/Desktop/fox3/fuzzing/linuxRepo//linux_new/kernel/sys.c\nline range: \nfrom: 913 to: 947\nLLM ENABLED\nCLOSE RANGE: 2\npython3 chat_interface.py init __sys_setfsgid\ninit output: 1 syscall analysis for __sys_setfsgid : ----------------------------\n[setfsgid, setfsgid16]\nInit LLM result:\nsetfsgid\nsetfsgid16\n\ninit error: \n/home/clexma/Desktop/fox3/fuzzing/ChatAnalyzer\npython3 chat_interface.py close __sys_setfsgid 2\n/home/clexma/Desktop/fox3/fuzzing/linuxRepo/line2addr\npython3 ./addr_extractor.py ./input_functions.txt\nfuzzing terminate, time bound reach\n'
b'Traceback (most recent call last):\n  File "/home/clexma/Desktop/fox3/fuzzing/./run_experiment.py", line 128, in <module>\n    syzkaller_proc.wait(timeout=syzkaller_time_out)\n  File "/usr/lib/python3.10/subprocess.py", line 1209, in wait\n    return self._wait(timeout=timeout)\n  File "/usr/lib/python3.10/subprocess.py", line 1951, in _wait\n    raise TimeoutExpired(self.args, timeout)\nsubprocess.TimeoutExpired: Command \'[\'sudo\', \'-s\', \'./bin/syz-manager\', \'-config\', \'./my.cfg\']\' timed out after 7200 seconds\n\nDuring handling of the above exception, another exception occurred:\n\nTraceback (most recent call last):\n  File "/home/clexma/Desktop/fox3/fuzzing/./run_experiment.py", line 132, in <module>\n    kill_process_tree(syzkaller_proc.pid)\n  File "/home/clexma/Desktop/fox3/fuzzing/./run_experiment.py", line 14, in kill_process_tree\n    os.kill(child.pid, sig)\nPermissionError: [Errno 1] Operation not permitted\n'
python3 ./run_experiment.py copy 4
5 CURRENT TARGET FUNCTIONS: 
do_sched_yield
write target_functions.txt
b'close function: do_sched_yield\nclose function: netlink_broadcast_filtered\nclose function: try_address\nclose function: usb_sg_wait\nclose function: yield\ncurrent function name file path: /home/clexma/Desktop/fox3/fuzzing/linuxRepo//linux_new/drivers/i2c/algos/i2c-algo-bit.c\nline range: \nfrom: 319 to: 342\ncurrent function name file path: /home/clexma/Desktop/fox3/fuzzing/linuxRepo//linux_new/drivers/usb/core/message.c\nline range: \nfrom: 651 to: 710\ncurrent function name file path: /home/clexma/Desktop/fox3/fuzzing/linuxRepo//linux_new/kernel/sched/core.c\nline range: \nfrom: 8554 to: 8569\ncurrent function name file path: /home/clexma/Desktop/fox3/fuzzing/linuxRepo//linux_new/net/netlink/af_netlink.c\nline range: \nfrom: 1513 to: 1562\ncurrent function name file path: /home/clexma/Desktop/fox3/fuzzing/linuxRepo//linux_new/kernel/sched/core.c\nline range: \nfrom: 8579 to: 8583\nLLM ENABLED\nCLOSE RANGE: 2\npython3 chat_interface.py init do_sched_yield\ninit output: 1 syscall analysis for do_sched_yield : ----------------------------\n[sched_yield, netlink_sendmsg]\nInit LLM result:\nsched_yield\nnetlink_sendmsg\n\ninit error: \n/home/clexma/Desktop/fox3/fuzzing/ChatAnalyzer\npython3 chat_interface.py close do_sched_yield 2\n/home/clexma/Desktop/fox3/fuzzing/linuxRepo/line2addr\npython3 ./addr_extractor.py ./input_functions.txt\nfuzzing terminate, time bound reach\n'
b'close function: do_sched_yield\nclose function: netlink_broadcast_filtered\nclose function: try_address\nclose function: usb_sg_wait\nclose function: yield\ncurrent function name file path: /home/clexma/Desktop/fox3/fuzzing/linuxRepo//linux_new/drivers/i2c/algos/i2c-algo-bit.c\nline range: \nfrom: 319 to: 342\ncurrent function name file path: /home/clexma/Desktop/fox3/fuzzing/linuxRepo//linux_new/drivers/usb/core/message.c\nline range: \nfrom: 651 to: 710\ncurrent function name file path: /home/clexma/Desktop/fox3/fuzzing/linuxRepo//linux_new/kernel/sched/core.c\nline range: \nfrom: 8554 to: 8569\ncurrent function name file path: /home/clexma/Desktop/fox3/fuzzing/linuxRepo//linux_new/net/netlink/af_netlink.c\nline range: \nfrom: 1513 to: 1562\ncurrent function name file path: /home/clexma/Desktop/fox3/fuzzing/linuxRepo//linux_new/kernel/sched/core.c\nline range: \nfrom: 8579 to: 8583\nLLM ENABLED\nCLOSE RANGE: 2\npython3 chat_interface.py init do_sched_yield\ninit output: 1 syscall analysis for do_sched_yield : ----------------------------\n[sched_yield, netlink_sendmsg]\nInit LLM result:\nsched_yield\nnetlink_sendmsg\n\ninit error: \n/home/clexma/Desktop/fox3/fuzzing/ChatAnalyzer\npython3 chat_interface.py close do_sched_yield 2\n/home/clexma/Desktop/fox3/fuzzing/linuxRepo/line2addr\npython3 ./addr_extractor.py ./input_functions.txt\nfuzzing terminate, time bound reach\n'
b'Traceback (most recent call last):\n  File "/home/clexma/Desktop/fox3/fuzzing/./run_experiment.py", line 128, in <module>\n    syzkaller_proc.wait(timeout=syzkaller_time_out)\n  File "/usr/lib/python3.10/subprocess.py", line 1209, in wait\n    return self._wait(timeout=timeout)\n  File "/usr/lib/python3.10/subprocess.py", line 1951, in _wait\n    raise TimeoutExpired(self.args, timeout)\nsubprocess.TimeoutExpired: Command \'[\'sudo\', \'-s\', \'./bin/syz-manager\', \'-config\', \'./my.cfg\']\' timed out after 7200 seconds\n\nDuring handling of the above exception, another exception occurred:\n\nTraceback (most recent call last):\n  File "/home/clexma/Desktop/fox3/fuzzing/./run_experiment.py", line 132, in <module>\n    kill_process_tree(syzkaller_proc.pid)\n  File "/home/clexma/Desktop/fox3/fuzzing/./run_experiment.py", line 14, in kill_process_tree\n    os.kill(child.pid, sig)\nPermissionError: [Errno 1] Operation not permitted\n'
python3 ./run_experiment.py copy 5
7 CURRENT TARGET FUNCTIONS: 
vm_acct_memory
write target_functions.txt
mkdir in /home/clexma/Desktop/fox3/fuzzing
mkdir ./experiment_result/temp/7
cp -rf ./ChatAnalyzer/pathsFile.txt ./ChatAnalyzer/path_source_code.txt ./target_functions.txt ./ChatAnalyzer/syz_comm_content.txt ./ChatAnalyzer/syz_comm_sig.txt ./linuxRepo/line2addr/input_functions.txt ./linuxRepo/line2addr/func2addr_info.txt ./linuxRepo/line2addr/result_addr_info.txt  ./experiment_result/temp/7
cp ./target_functions.txt ./experiment_result/temp/7
cp ./syzkaller/experiment_output_llmenabled.txt ./experiment_result/temp/7
b'close function: __vm_enough_memory\nclose function: do_brk_flags\nclose function: dup_mmap\nclose function: exit_mmap\nclose function: insert_vm_struct\nclose function: mmap_region\nclose function: move_vma\nclose function: mprotect_fixup\nclose function: mremap_to\nclose function: remove_mt\nclose function: security_vm_enough_memory_mm\nclose function: shmem_reacct_size\nclose function: shmem_unacct_blocks\nclose function: shmem_unacct_size\nclose function: vm_acct_memory\nclose function: vm_unacct_memory\ncurrent function name file path: NOT FOUND\nNOT FOUND\nline range: \nfrom: -1 to: -1\ncurrent function name file path: /home/clexma/Desktop/fox3/fuzzing/linuxRepo//linux_new/mm/mremap.c\nline range: \nfrom: 650 to: 811\ncurrent function name file path: /home/clexma/Desktop/fox3/fuzzing/linuxRepo//linux_new/mm/mmap.c\nline range: \nfrom: 3158 to: 3235\ncurrent function name file path: /home/clexma/Desktop/fox3/fuzzing/linuxRepo//linux_new/mm/shmem.c\nline range: \nfrom: 204 to: 208\ncurrent function name file path: /home/clexma/Desktop/fox3/fuzzing/linuxRepo//linux_new/mm/mremap.c\nline range: \nfrom: 867 to: 952\ncurrent function name file path: NOT FOUND\nNOT FOUND\nline range: \nfrom: -1 to: -1\ncurrent function name file path: /home/clexma/Desktop/fox3/fuzzing/linuxRepo//linux_new/mm/mmap.c\nline range: \nfrom: 2321 to: 2337\ncurrent function name file path: /home/clexma/Desktop/fox3/fuzzing/linuxRepo//linux_new/mm/shmem.c\nline range: \nfrom: 176 to: 187\ncurrent function name file path: /home/clexma/Desktop/fox3/fuzzing/linuxRepo//linux_new/mm/mmap.c\nline range: \nfrom: 3285 to: 3349\ncurrent function name file path: /home/clexma/Desktop/fox3/fuzzing/linuxRepo//linux_new/security/security.c\nline range: \nfrom: 1111 to: 1132\ncurrent function name file path: /home/clexma/Desktop/fox3/fuzzing/linuxRepo//linux_new/mm/util.c\nline range: \nfrom: 959 to: 1003\ncurrent function name file path: /home/clexma/Desktop/fox3/fuzzing/linuxRepo//linux_new/mm/mmap.c\nline range: \nfrom: 3355 to: 3391\ncurrent function name file path: /home/clexma/Desktop/fox3/fuzzing/linuxRepo//linux_new/kernel/fork.c\nline range: \nfrom: 628 to: 792\ncurrent function name file path: /home/clexma/Desktop/fox3/fuzzing/linuxRepo//linux_new/mm/mprotect.c\nline range: \nfrom: 578 to: 676\ncurrent function name file path: /home/clexma/Desktop/fox3/fuzzing/linuxRepo//linux_new/mm/mmap.c\nline range: \nfrom: 2760 to: 3005\ncurrent function name file path: /home/clexma/Desktop/fox3/fuzzing/linuxRepo//linux_new/mm/shmem.c\nline range: \nfrom: 170 to: 174\nLLM ENABLED\nCLOSE RANGE: 2\npython3 chat_interface.py init vm_acct_memory\ninit output: 1 syscall analysis for vm_acct_memory : ----------------------------\n[mremap, swapoff, osf_brk, pkey_mprotect, mprotect]\nInit LLM result:\nmremap\nswapoff\nosf_brk\npkey_mprotect\nmprotect\n\ninit error: \n/home/clexma/Desktop/fox3/fuzzing/ChatAnalyzer\npython3 chat_interface.py close vm_acct_memory 2\n/home/clexma/Desktop/fox3/fuzzing/linuxRepo/line2addr\npython3 ./addr_extractor.py ./input_functions.txt\nfuzzing terminate, time bound reach\n'
b'close function: __vm_enough_memory\nclose function: do_brk_flags\nclose function: dup_mmap\nclose function: exit_mmap\nclose function: insert_vm_struct\nclose function: mmap_region\nclose function: move_vma\nclose function: mprotect_fixup\nclose function: mremap_to\nclose function: remove_mt\nclose function: security_vm_enough_memory_mm\nclose function: shmem_reacct_size\nclose function: shmem_unacct_blocks\nclose function: shmem_unacct_size\nclose function: vm_acct_memory\nclose function: vm_unacct_memory\ncurrent function name file path: NOT FOUND\nNOT FOUND\nline range: \nfrom: -1 to: -1\ncurrent function name file path: /home/clexma/Desktop/fox3/fuzzing/linuxRepo//linux_new/mm/mremap.c\nline range: \nfrom: 650 to: 811\ncurrent function name file path: /home/clexma/Desktop/fox3/fuzzing/linuxRepo//linux_new/mm/mmap.c\nline range: \nfrom: 3158 to: 3235\ncurrent function name file path: /home/clexma/Desktop/fox3/fuzzing/linuxRepo//linux_new/mm/shmem.c\nline range: \nfrom: 204 to: 208\ncurrent function name file path: /home/clexma/Desktop/fox3/fuzzing/linuxRepo//linux_new/mm/mremap.c\nline range: \nfrom: 867 to: 952\ncurrent function name file path: NOT FOUND\nNOT FOUND\nline range: \nfrom: -1 to: -1\ncurrent function name file path: /home/clexma/Desktop/fox3/fuzzing/linuxRepo//linux_new/mm/mmap.c\nline range: \nfrom: 2321 to: 2337\ncurrent function name file path: /home/clexma/Desktop/fox3/fuzzing/linuxRepo//linux_new/mm/shmem.c\nline range: \nfrom: 176 to: 187\ncurrent function name file path: /home/clexma/Desktop/fox3/fuzzing/linuxRepo//linux_new/mm/mmap.c\nline range: \nfrom: 3285 to: 3349\ncurrent function name file path: /home/clexma/Desktop/fox3/fuzzing/linuxRepo//linux_new/security/security.c\nline range: \nfrom: 1111 to: 1132\ncurrent function name file path: /home/clexma/Desktop/fox3/fuzzing/linuxRepo//linux_new/mm/util.c\nline range: \nfrom: 959 to: 1003\ncurrent function name file path: /home/clexma/Desktop/fox3/fuzzing/linuxRepo//linux_new/mm/mmap.c\nline range: \nfrom: 3355 to: 3391\ncurrent function name file path: /home/clexma/Desktop/fox3/fuzzing/linuxRepo//linux_new/kernel/fork.c\nline range: \nfrom: 628 to: 792\ncurrent function name file path: /home/clexma/Desktop/fox3/fuzzing/linuxRepo//linux_new/mm/mprotect.c\nline range: \nfrom: 578 to: 676\ncurrent function name file path: /home/clexma/Desktop/fox3/fuzzing/linuxRepo//linux_new/mm/mmap.c\nline range: \nfrom: 2760 to: 3005\ncurrent function name file path: /home/clexma/Desktop/fox3/fuzzing/linuxRepo//linux_new/mm/shmem.c\nline range: \nfrom: 170 to: 174\nLLM ENABLED\nCLOSE RANGE: 2\npython3 chat_interface.py init vm_acct_memory\ninit output: 1 syscall analysis for vm_acct_memory : ----------------------------\n[mremap, swapoff, osf_brk, pkey_mprotect, mprotect]\nInit LLM result:\nmremap\nswapoff\nosf_brk\npkey_mprotect\nmprotect\n\ninit error: \n/home/clexma/Desktop/fox3/fuzzing/ChatAnalyzer\npython3 chat_interface.py close vm_acct_memory 2\n/home/clexma/Desktop/fox3/fuzzing/linuxRepo/line2addr\npython3 ./addr_extractor.py ./input_functions.txt\nfuzzing terminate, time bound reach\n'
b'usage: line2addr.py [-h] --binary BINARY [--json-db] [--file FILE]\n                    [--line LINE] [--directory DIRECTORY]\n                    [--base-address BASE_ADDRESS] [--dwarf]\nline2addr.py: error: unrecognized arguments: FOUND\nusage: line2addr.py [-h] --binary BINARY [--json-db] [--file FILE]\n                    [--line LINE] [--directory DIRECTORY]\n                    [--base-address BASE_ADDRESS] [--dwarf]\nline2addr.py: error: unrecognized arguments: FOUND\nTraceback (most recent call last):\n  File "/home/clexma/Desktop/fox3/fuzzing/./run_experiment.py", line 128, in <module>\n    syzkaller_proc.wait(timeout=syzkaller_time_out)\n  File "/usr/lib/python3.10/subprocess.py", line 1209, in wait\n    return self._wait(timeout=timeout)\n  File "/usr/lib/python3.10/subprocess.py", line 1951, in _wait\n    raise TimeoutExpired(self.args, timeout)\nsubprocess.TimeoutExpired: Command \'[\'sudo\', \'-s\', \'./bin/syz-manager\', \'-config\', \'./my.cfg\']\' timed out after 7200 seconds\n\nDuring handling of the above exception, another exception occurred:\n\nTraceback (most recent call last):\n  File "/home/clexma/Desktop/fox3/fuzzing/./run_experiment.py", line 132, in <module>\n    kill_process_tree(syzkaller_proc.pid)\n  File "/home/clexma/Desktop/fox3/fuzzing/./run_experiment.py", line 14, in kill_process_tree\n    os.kill(child.pid, sig)\nPermissionError: [Errno 1] Operation not permitted\n'
python3 ./run_experiment.py copy 7
8 CURRENT TARGET FUNCTIONS: 
__shmem_file_setup
write target_functions.txt
mkdir in /home/clexma/Desktop/fox3/fuzzing
mkdir ./experiment_result/temp/8
cp -rf ./ChatAnalyzer/pathsFile.txt ./ChatAnalyzer/path_source_code.txt ./target_functions.txt ./ChatAnalyzer/syz_comm_content.txt ./ChatAnalyzer/syz_comm_sig.txt ./linuxRepo/line2addr/input_functions.txt ./linuxRepo/line2addr/func2addr_info.txt ./linuxRepo/line2addr/result_addr_info.txt  ./experiment_result/temp/8
cp ./target_functions.txt ./experiment_result/temp/8
cp ./syzkaller/experiment_output_llmenabled.txt ./experiment_result/temp/8
b'close function: __create_shmem\nclose function: __shmem_file_setup\nclose function: drm_gem_object_init\nclose function: i915_ttm_tt_shmem_populate\nclose function: newseg\nclose function: shmem_create_from_data\nclose function: shmem_file_setup\nclose function: shmem_file_setup_with_mnt\nclose function: shmem_kernel_file_setup\nclose function: shmem_zero_setup\nclose function: ttm_tt_swapout\ncurrent function name file path: /home/clexma/Desktop/fox3/fuzzing/linuxRepo//linux_new/drivers/gpu/drm/i915/gem/i915_gem_shmem.c\nline range: \nfrom: 547 to: 580\ncurrent function name file path: /home/clexma/Desktop/fox3/fuzzing/linuxRepo//linux_new/mm/shmem.c\nline range: \nfrom: 4830 to: 4864\ncurrent function name file path: /home/clexma/Desktop/fox3/fuzzing/linuxRepo//linux_new/drivers/gpu/drm/drm_gem.c\nline range: \nfrom: 125 to: 139\ncurrent function name file path: /home/clexma/Desktop/fox3/fuzzing/linuxRepo//linux_new/drivers/gpu/drm/i915/gem/i915_gem_ttm.c\nline range: \nfrom: 182 to: 239\ncurrent function name file path: /home/clexma/Desktop/fox3/fuzzing/linuxRepo//linux_new/mm/shmem.c\nline range: \nfrom: 4888 to: 4891\ncurrent function name file path: /home/clexma/Desktop/fox3/fuzzing/linuxRepo//linux_new/mm/shmem.c\nline range: \nfrom: 4912 to: 4933\ncurrent function name file path: /home/clexma/Desktop/fox3/fuzzing/linuxRepo//linux_new/drivers/gpu/drm/ttm/ttm_tt.c\nline range: \nfrom: 265 to: 310\ncurrent function name file path: /home/clexma/Desktop/fox3/fuzzing/linuxRepo//linux_new/ipc/shm.c\nline range: \nfrom: 697 to: 807\ncurrent function name file path: /home/clexma/Desktop/fox3/fuzzing/linuxRepo//linux_new/drivers/gpu/drm/i915/gt/shmem_utils.c\nline range: \nfrom: 17 to: 33\ncurrent function name file path: /home/clexma/Desktop/fox3/fuzzing/linuxRepo//linux_new/mm/shmem.c\nline range: \nfrom: 4901 to: 4905\ncurrent function name file path: /home/clexma/Desktop/fox3/fuzzing/linuxRepo//linux_new/mm/shmem.c\nline range: \nfrom: 4876 to: 4879\nLLM ENABLED\nCLOSE RANGE: 2\npython3 chat_interface.py init __shmem_file_setup\ninit output: 1 syscall analysis for __shmem_file_setup : ----------------------------\n[memfd_create, shmat, shmget, mmap, shm_open]\nInit LLM result:\nmemfd_create\nshmat\nshmget\nmmap\nshm_open\n\ninit error: \n/home/clexma/Desktop/fox3/fuzzing/ChatAnalyzer\npython3 chat_interface.py close __shmem_file_setup 2\n/home/clexma/Desktop/fox3/fuzzing/linuxRepo/line2addr\npython3 ./addr_extractor.py ./input_functions.txt\nfuzzing terminate, time bound reach\n'
b'close function: __create_shmem\nclose function: __shmem_file_setup\nclose function: drm_gem_object_init\nclose function: i915_ttm_tt_shmem_populate\nclose function: newseg\nclose function: shmem_create_from_data\nclose function: shmem_file_setup\nclose function: shmem_file_setup_with_mnt\nclose function: shmem_kernel_file_setup\nclose function: shmem_zero_setup\nclose function: ttm_tt_swapout\ncurrent function name file path: /home/clexma/Desktop/fox3/fuzzing/linuxRepo//linux_new/drivers/gpu/drm/i915/gem/i915_gem_shmem.c\nline range: \nfrom: 547 to: 580\ncurrent function name file path: /home/clexma/Desktop/fox3/fuzzing/linuxRepo//linux_new/mm/shmem.c\nline range: \nfrom: 4830 to: 4864\ncurrent function name file path: /home/clexma/Desktop/fox3/fuzzing/linuxRepo//linux_new/drivers/gpu/drm/drm_gem.c\nline range: \nfrom: 125 to: 139\ncurrent function name file path: /home/clexma/Desktop/fox3/fuzzing/linuxRepo//linux_new/drivers/gpu/drm/i915/gem/i915_gem_ttm.c\nline range: \nfrom: 182 to: 239\ncurrent function name file path: /home/clexma/Desktop/fox3/fuzzing/linuxRepo//linux_new/mm/shmem.c\nline range: \nfrom: 4888 to: 4891\ncurrent function name file path: /home/clexma/Desktop/fox3/fuzzing/linuxRepo//linux_new/mm/shmem.c\nline range: \nfrom: 4912 to: 4933\ncurrent function name file path: /home/clexma/Desktop/fox3/fuzzing/linuxRepo//linux_new/drivers/gpu/drm/ttm/ttm_tt.c\nline range: \nfrom: 265 to: 310\ncurrent function name file path: /home/clexma/Desktop/fox3/fuzzing/linuxRepo//linux_new/ipc/shm.c\nline range: \nfrom: 697 to: 807\ncurrent function name file path: /home/clexma/Desktop/fox3/fuzzing/linuxRepo//linux_new/drivers/gpu/drm/i915/gt/shmem_utils.c\nline range: \nfrom: 17 to: 33\ncurrent function name file path: /home/clexma/Desktop/fox3/fuzzing/linuxRepo//linux_new/mm/shmem.c\nline range: \nfrom: 4901 to: 4905\ncurrent function name file path: /home/clexma/Desktop/fox3/fuzzing/linuxRepo//linux_new/mm/shmem.c\nline range: \nfrom: 4876 to: 4879\nLLM ENABLED\nCLOSE RANGE: 2\npython3 chat_interface.py init __shmem_file_setup\ninit output: 1 syscall analysis for __shmem_file_setup : ----------------------------\n[memfd_create, shmat, shmget, mmap, shm_open]\nInit LLM result:\nmemfd_create\nshmat\nshmget\nmmap\nshm_open\n\ninit error: \n/home/clexma/Desktop/fox3/fuzzing/ChatAnalyzer\npython3 chat_interface.py close __shmem_file_setup 2\n/home/clexma/Desktop/fox3/fuzzing/linuxRepo/line2addr\npython3 ./addr_extractor.py ./input_functions.txt\nfuzzing terminate, time bound reach\n'
b'Traceback (most recent call last):\n  File "/home/clexma/Desktop/fox3/fuzzing/./run_experiment.py", line 128, in <module>\n    syzkaller_proc.wait(timeout=syzkaller_time_out)\n  File "/usr/lib/python3.10/subprocess.py", line 1209, in wait\n    return self._wait(timeout=timeout)\n  File "/usr/lib/python3.10/subprocess.py", line 1951, in _wait\n    raise TimeoutExpired(self.args, timeout)\nsubprocess.TimeoutExpired: Command \'[\'sudo\', \'-s\', \'./bin/syz-manager\', \'-config\', \'./my.cfg\']\' timed out after 7200 seconds\n\nDuring handling of the above exception, another exception occurred:\n\nTraceback (most recent call last):\n  File "/home/clexma/Desktop/fox3/fuzzing/./run_experiment.py", line 132, in <module>\n    kill_process_tree(syzkaller_proc.pid)\n  File "/home/clexma/Desktop/fox3/fuzzing/./run_experiment.py", line 14, in kill_process_tree\n    os.kill(child.pid, sig)\nPermissionError: [Errno 1] Operation not permitted\n'
python3 ./run_experiment.py copy 8
10 CURRENT TARGET FUNCTIONS: 
io_register_iowq_max_workers
write target_functions.txt
b'close function: __io_uring_register\nclose function: io_register_iowq_max_workers\ncurrent function name file path: /home/clexma/Desktop/fox3/fuzzing/linuxRepo//linux_new/io_uring/register.c\nline range: \nfrom: 389 to: 571\ncurrent function name file path: /home/clexma/Desktop/fox3/fuzzing/linuxRepo//linux_new/io_uring/register.c\nline range: \nfrom: 307 to: 387\nLLM ENABLED\nCLOSE RANGE: 2\npython3 chat_interface.py init io_register_iowq_max_workers\ninit output: 1 syscall analysis for io_register_iowq_max_workers : ----------------------------\n[io_uring_register]\nInit LLM result:\nio_uring_register\n\ninit error: \n/home/clexma/Desktop/fox3/fuzzing/ChatAnalyzer\npython3 chat_interface.py close io_register_iowq_max_workers 2\n/home/clexma/Desktop/fox3/fuzzing/linuxRepo/line2addr\npython3 ./addr_extractor.py ./input_functions.txt\nfuzzing terminate, time bound reach\n'
b'close function: __io_uring_register\nclose function: io_register_iowq_max_workers\ncurrent function name file path: /home/clexma/Desktop/fox3/fuzzing/linuxRepo//linux_new/io_uring/register.c\nline range: \nfrom: 389 to: 571\ncurrent function name file path: /home/clexma/Desktop/fox3/fuzzing/linuxRepo//linux_new/io_uring/register.c\nline range: \nfrom: 307 to: 387\nLLM ENABLED\nCLOSE RANGE: 2\npython3 chat_interface.py init io_register_iowq_max_workers\ninit output: 1 syscall analysis for io_register_iowq_max_workers : ----------------------------\n[io_uring_register]\nInit LLM result:\nio_uring_register\n\ninit error: \n/home/clexma/Desktop/fox3/fuzzing/ChatAnalyzer\npython3 chat_interface.py close io_register_iowq_max_workers 2\n/home/clexma/Desktop/fox3/fuzzing/linuxRepo/line2addr\npython3 ./addr_extractor.py ./input_functions.txt\nfuzzing terminate, time bound reach\n'
mkdir in /home/clexma/Desktop/fox3/fuzzing
mkdir ./experiment_result/temp/10
cp -rf ./ChatAnalyzer/pathsFile.txt ./ChatAnalyzer/path_source_code.txt ./target_functions.txt ./ChatAnalyzer/syz_comm_content.txt ./ChatAnalyzer/syz_comm_sig.txt ./linuxRepo/line2addr/input_functions.txt ./linuxRepo/line2addr/func2addr_info.txt ./linuxRepo/line2addr/result_addr_info.txt  ./experiment_result/temp/10
cp ./target_functions.txt ./experiment_result/temp/10
cp ./syzkaller/experiment_output_llmenabled.txt ./experiment_result/temp/10
b'Traceback (most recent call last):\n  File "/home/clexma/Desktop/fox3/fuzzing/./run_experiment.py", line 128, in <module>\n    syzkaller_proc.wait(timeout=syzkaller_time_out)\n  File "/usr/lib/python3.10/subprocess.py", line 1209, in wait\n    return self._wait(timeout=timeout)\n  File "/usr/lib/python3.10/subprocess.py", line 1951, in _wait\n    raise TimeoutExpired(self.args, timeout)\nsubprocess.TimeoutExpired: Command \'[\'sudo\', \'-s\', \'./bin/syz-manager\', \'-config\', \'./my.cfg\']\' timed out after 7200 seconds\n\nDuring handling of the above exception, another exception occurred:\n\nTraceback (most recent call last):\n  File "/home/clexma/Desktop/fox3/fuzzing/./run_experiment.py", line 132, in <module>\n    kill_process_tree(syzkaller_proc.pid)\n  File "/home/clexma/Desktop/fox3/fuzzing/./run_experiment.py", line 14, in kill_process_tree\n    os.kill(child.pid, sig)\nPermissionError: [Errno 1] Operation not permitted\n'
python3 ./run_experiment.py copy 10
11 CURRENT TARGET FUNCTIONS: 
__anon_inode_getfile
write target_functions.txt
b'close function: __anon_inode_getfd\nclose function: __anon_inode_getfile\nclose function: anon_inode_create_getfd\nclose function: anon_inode_create_getfile\nclose function: anon_inode_getfd\nclose function: anon_inode_getfile\nclose function: anon_inode_getfile_fmode\nclose function: do_epoll_create\nclose function: do_eventfd\nclose function: do_signalfd4\nclose function: drm_syncobj_get_fd\nclose function: init_listener\nclose function: io_uring_get_file\nclose function: mmap_singleton\nclose function: mock_drm_getfile\nclose function: sync_file_alloc\ncurrent function name file path: /home/clexma/Desktop/fox3/fuzzing/linuxRepo//linux_new/fs/anon_inodes.c\nline range: \nfrom: 266 to: 270\ncurrent function name file path: /home/clexma/Desktop/fox3/fuzzing/linuxRepo//linux_new/fs/eventpoll.c\nline range: \nfrom: 2171 to: 2217\ncurrent function name file path: /home/clexma/Desktop/fox3/fuzzing/linuxRepo//linux_new/drivers/gpu/drm/i915/gem/i915_gem_mman.c\nline range: \nfrom: 915 to: 934\ncurrent function name file path: /home/clexma/Desktop/fox3/fuzzing/linuxRepo//linux_new/kernel/seccomp.c\nline range: \nfrom: 1836 to: 1861\ncurrent function name file path: /home/clexma/Desktop/fox3/fuzzing/linuxRepo//linux_new/fs/anon_inodes.c\nline range: \nfrom: 220 to: 247\ncurrent function name file path: /home/clexma/Desktop/fox3/fuzzing/linuxRepo//linux_new/fs/signalfd.c\nline range: \nfrom: 251 to: 312\ncurrent function name file path: /home/clexma/Desktop/fox3/fuzzing/linuxRepo//linux_new/drivers/gpu/drm/drm_syncobj.c\nline range: \nfrom: 672 to: 694\ncurrent function name file path: /home/clexma/Desktop/fox3/fuzzing/linuxRepo//linux_new/drivers/dma-buf/sync_file.c\nline range: \nfrom: 23 to: 45\ncurrent function name file path: /home/clexma/Desktop/fox3/fuzzing/linuxRepo//linux_new/fs/anon_inodes.c\nline range: \nfrom: 169 to: 180\ncurrent function name file path: /home/clexma/Desktop/fox3/fuzzing/linuxRepo//linux_new/io_uring/io_uring.c\nline range: \nfrom: 3403 to: 3408\ncurrent function name file path: /home/clexma/Desktop/fox3/fuzzing/linuxRepo//linux_new/fs/anon_inodes.c\nline range: \nfrom: 143 to: 148\ncurrent function name file path: /home/clexma/Desktop/fox3/fuzzing/linuxRepo//linux_new/fs/anon_inodes.c\nline range: \nfrom: 78 to: 125\ncurrent function name file path: /home/clexma/Desktop/fox3/fuzzing/linuxRepo//linux_new/fs/eventfd.c\nline range: \nfrom: 382 to: 425\ncurrent function name file path: /home/clexma/Desktop/fox3/fuzzing/linuxRepo//linux_new/fs/anon_inodes.c\nline range: \nfrom: 210 to: 217\ncurrent function name file path: /home/clexma/Desktop/fox3/fuzzing/linuxRepo//linux_new/drivers/gpu/drm/drm_file.c\nline range: \nfrom: 993 to: 1016\ncurrent function name file path: /home/clexma/Desktop/fox3/fuzzing/linuxRepo//linux_new/fs/anon_inodes.c\nline range: \nfrom: 299 to: 304\nLLM ENABLED\nCLOSE RANGE: 2\npython3 chat_interface.py init __anon_inode_getfile\ninit output: 1 syscall analysis for __anon_inode_getfile : ----------------------------\n[inotify_init, inotify_init1, fsopen, fspick, perf_event_open, timerfd_create, epoll_create, epoll_create1, eventfd, eventfd2, signalfd, signalfd4]\nInit LLM result:\ninotify_init\ninotify_init1\nfsopen\nfspick\nperf_event_open\ntimerfd_create\nepoll_create\nepoll_create1\neventfd\neventfd2\nsignalfd\nsignalfd4\n\ninit error: \n/home/clexma/Desktop/fox3/fuzzing/ChatAnalyzer\npython3 chat_interface.py close __anon_inode_getfile 2\n/home/clexma/Desktop/fox3/fuzzing/linuxRepo/line2addr\npython3 ./addr_extractor.py ./input_functions.txt\nfuzzing terminate, time bound reach\n'
mkdir in /home/clexma/Desktop/fox3/fuzzing
mkdir ./experiment_result/temp/11
cp -rf ./ChatAnalyzer/pathsFile.txt ./ChatAnalyzer/path_source_code.txt ./target_functions.txt ./ChatAnalyzer/syz_comm_content.txt ./ChatAnalyzer/syz_comm_sig.txt ./linuxRepo/line2addr/input_functions.txt ./linuxRepo/line2addr/func2addr_info.txt ./linuxRepo/line2addr/result_addr_info.txt  ./experiment_result/temp/11
cp ./target_functions.txt ./experiment_result/temp/11
cp ./syzkaller/experiment_output_llmenabled.txt ./experiment_result/temp/11
mkdir in /home/clexma/Desktop/fox3/fuzzing
mkdir ./experiment_result/temp/12
cp -rf ./ChatAnalyzer/pathsFile.txt ./ChatAnalyzer/path_source_code.txt ./target_functions.txt ./ChatAnalyzer/syz_comm_content.txt ./ChatAnalyzer/syz_comm_sig.txt ./linuxRepo/line2addr/input_functions.txt ./linuxRepo/line2addr/func2addr_info.txt ./linuxRepo/line2addr/result_addr_info.txt  ./experiment_result/temp/12
cp ./target_functions.txt ./experiment_result/temp/12
cp ./syzkaller/experiment_output_llmenabled.txt ./experiment_result/temp/12
b'close function: __anon_inode_getfd\nclose function: __anon_inode_getfile\nclose function: anon_inode_create_getfd\nclose function: anon_inode_create_getfile\nclose function: anon_inode_getfd\nclose function: anon_inode_getfile\nclose function: anon_inode_getfile_fmode\nclose function: do_epoll_create\nclose function: do_eventfd\nclose function: do_signalfd4\nclose function: drm_syncobj_get_fd\nclose function: init_listener\nclose function: io_uring_get_file\nclose function: mmap_singleton\nclose function: mock_drm_getfile\nclose function: sync_file_alloc\ncurrent function name file path: /home/clexma/Desktop/fox3/fuzzing/linuxRepo//linux_new/fs/anon_inodes.c\nline range: \nfrom: 266 to: 270\ncurrent function name file path: /home/clexma/Desktop/fox3/fuzzing/linuxRepo//linux_new/fs/eventpoll.c\nline range: \nfrom: 2171 to: 2217\ncurrent function name file path: /home/clexma/Desktop/fox3/fuzzing/linuxRepo//linux_new/drivers/gpu/drm/i915/gem/i915_gem_mman.c\nline range: \nfrom: 915 to: 934\ncurrent function name file path: /home/clexma/Desktop/fox3/fuzzing/linuxRepo//linux_new/kernel/seccomp.c\nline range: \nfrom: 1836 to: 1861\ncurrent function name file path: /home/clexma/Desktop/fox3/fuzzing/linuxRepo//linux_new/fs/anon_inodes.c\nline range: \nfrom: 220 to: 247\ncurrent function name file path: /home/clexma/Desktop/fox3/fuzzing/linuxRepo//linux_new/fs/signalfd.c\nline range: \nfrom: 251 to: 312\ncurrent function name file path: /home/clexma/Desktop/fox3/fuzzing/linuxRepo//linux_new/drivers/gpu/drm/drm_syncobj.c\nline range: \nfrom: 672 to: 694\ncurrent function name file path: /home/clexma/Desktop/fox3/fuzzing/linuxRepo//linux_new/drivers/dma-buf/sync_file.c\nline range: \nfrom: 23 to: 45\ncurrent function name file path: /home/clexma/Desktop/fox3/fuzzing/linuxRepo//linux_new/fs/anon_inodes.c\nline range: \nfrom: 169 to: 180\ncurrent function name file path: /home/clexma/Desktop/fox3/fuzzing/linuxRepo//linux_new/io_uring/io_uring.c\nline range: \nfrom: 3403 to: 3408\ncurrent function name file path: /home/clexma/Desktop/fox3/fuzzing/linuxRepo//linux_new/fs/anon_inodes.c\nline range: \nfrom: 143 to: 148\ncurrent function name file path: /home/clexma/Desktop/fox3/fuzzing/linuxRepo//linux_new/fs/anon_inodes.c\nline range: \nfrom: 78 to: 125\ncurrent function name file path: /home/clexma/Desktop/fox3/fuzzing/linuxRepo//linux_new/fs/eventfd.c\nline range: \nfrom: 382 to: 425\ncurrent function name file path: /home/clexma/Desktop/fox3/fuzzing/linuxRepo//linux_new/fs/anon_inodes.c\nline range: \nfrom: 210 to: 217\ncurrent function name file path: /home/clexma/Desktop/fox3/fuzzing/linuxRepo//linux_new/drivers/gpu/drm/drm_file.c\nline range: \nfrom: 993 to: 1016\ncurrent function name file path: /home/clexma/Desktop/fox3/fuzzing/linuxRepo//linux_new/fs/anon_inodes.c\nline range: \nfrom: 299 to: 304\nLLM ENABLED\nCLOSE RANGE: 2\npython3 chat_interface.py init __anon_inode_getfile\ninit output: 1 syscall analysis for __anon_inode_getfile : ----------------------------\n[inotify_init, inotify_init1, fsopen, fspick, perf_event_open, timerfd_create, epoll_create, epoll_create1, eventfd, eventfd2, signalfd, signalfd4]\nInit LLM result:\ninotify_init\ninotify_init1\nfsopen\nfspick\nperf_event_open\ntimerfd_create\nepoll_create\nepoll_create1\neventfd\neventfd2\nsignalfd\nsignalfd4\n\ninit error: \n/home/clexma/Desktop/fox3/fuzzing/ChatAnalyzer\npython3 chat_interface.py close __anon_inode_getfile 2\n/home/clexma/Desktop/fox3/fuzzing/linuxRepo/line2addr\npython3 ./addr_extractor.py ./input_functions.txt\nfuzzing terminate, time bound reach\n'
b'Traceback (most recent call last):\n  File "/home/clexma/Desktop/fox3/fuzzing/./run_experiment.py", line 128, in <module>\n    syzkaller_proc.wait(timeout=syzkaller_time_out)\n  File "/usr/lib/python3.10/subprocess.py", line 1209, in wait\n    return self._wait(timeout=timeout)\n  File "/usr/lib/python3.10/subprocess.py", line 1951, in _wait\n    raise TimeoutExpired(self.args, timeout)\nsubprocess.TimeoutExpired: Command \'[\'sudo\', \'-s\', \'./bin/syz-manager\', \'-config\', \'./my.cfg\']\' timed out after 7200 seconds\n\nDuring handling of the above exception, another exception occurred:\n\nTraceback (most recent call last):\n  File "/home/clexma/Desktop/fox3/fuzzing/./run_experiment.py", line 132, in <module>\n    kill_process_tree(syzkaller_proc.pid)\n  File "/home/clexma/Desktop/fox3/fuzzing/./run_experiment.py", line 14, in kill_process_tree\n    os.kill(child.pid, sig)\nPermissionError: [Errno 1] Operation not permitted\n'
python3 ./run_experiment.py copy 11
12 CURRENT TARGET FUNCTIONS: 
copy_fsxattr_from_user
write target_functions.txt
b'close function: copy_fsxattr_from_user\nclose function: do_vfs_ioctl\nclose function: ioctl_fssetxattr\ncurrent function name file path: /home/clexma/Desktop/fox3/fuzzing/linuxRepo//linux_new/fs/ioctl.c\nline range: \nfrom: 748 to: 764\ncurrent function name file path: /home/clexma/Desktop/fox3/fuzzing/linuxRepo//linux_new/fs/ioctl.c\nline range: \nfrom: 562 to: 577\ncurrent function name file path: /home/clexma/Desktop/fox3/fuzzing/linuxRepo//linux_new/fs/ioctl.c\nline range: \nfrom: 803 to: 891\nLLM ENABLED\nCLOSE RANGE: 2\npython3 chat_interface.py init copy_fsxattr_from_user\ninit output: 1 syscall analysis for copy_fsxattr_from_user : ----------------------------\n[ioctl]\nInit LLM result:\nioctl\n\ninit error: \n/home/clexma/Desktop/fox3/fuzzing/ChatAnalyzer\npython3 chat_interface.py close copy_fsxattr_from_user 2\n/home/clexma/Desktop/fox3/fuzzing/linuxRepo/line2addr\npython3 ./addr_extractor.py ./input_functions.txt\nfuzzing terminate, time bound reach\n'
b'close function: copy_fsxattr_from_user\nclose function: do_vfs_ioctl\nclose function: ioctl_fssetxattr\ncurrent function name file path: /home/clexma/Desktop/fox3/fuzzing/linuxRepo//linux_new/fs/ioctl.c\nline range: \nfrom: 748 to: 764\ncurrent function name file path: /home/clexma/Desktop/fox3/fuzzing/linuxRepo//linux_new/fs/ioctl.c\nline range: \nfrom: 562 to: 577\ncurrent function name file path: /home/clexma/Desktop/fox3/fuzzing/linuxRepo//linux_new/fs/ioctl.c\nline range: \nfrom: 803 to: 891\nLLM ENABLED\nCLOSE RANGE: 2\npython3 chat_interface.py init copy_fsxattr_from_user\ninit output: 1 syscall analysis for copy_fsxattr_from_user : ----------------------------\n[ioctl]\nInit LLM result:\nioctl\n\ninit error: \n/home/clexma/Desktop/fox3/fuzzing/ChatAnalyzer\npython3 chat_interface.py close copy_fsxattr_from_user 2\n/home/clexma/Desktop/fox3/fuzzing/linuxRepo/line2addr\npython3 ./addr_extractor.py ./input_functions.txt\nfuzzing terminate, time bound reach\n'
b'Traceback (most recent call last):\n  File "/home/clexma/Desktop/fox3/fuzzing/./run_experiment.py", line 128, in <module>\n    syzkaller_proc.wait(timeout=syzkaller_time_out)\n  File "/usr/lib/python3.10/subprocess.py", line 1209, in wait\n    return self._wait(timeout=timeout)\n  File "/usr/lib/python3.10/subprocess.py", line 1951, in _wait\n    raise TimeoutExpired(self.args, timeout)\nsubprocess.TimeoutExpired: Command \'[\'sudo\', \'-s\', \'./bin/syz-manager\', \'-config\', \'./my.cfg\']\' timed out after 7200 seconds\n\nDuring handling of the above exception, another exception occurred:\n\nTraceback (most recent call last):\n  File "/home/clexma/Desktop/fox3/fuzzing/./run_experiment.py", line 132, in <module>\n    kill_process_tree(syzkaller_proc.pid)\n  File "/home/clexma/Desktop/fox3/fuzzing/./run_experiment.py", line 14, in kill_process_tree\n    os.kill(child.pid, sig)\nPermissionError: [Errno 1] Operation not permitted\n'
python3 ./run_experiment.py copy 12
17 CURRENT TARGET FUNCTIONS: 
wait_for_device_probe
write target_functions.txt
b'close function: __device_release_driver\nclose function: autodetect_raid\nclose function: device_block_probing\nclose function: device_links_unbind_consumers\nclose function: device_shutdown\nclose function: dpm_prepare\nclose function: dpm_suspend_start\nclose function: find_resume_device\nclose function: hibernate_quiet_exec\nclose function: hibernation_snapshot\nclose function: ip_auto_config\nclose function: kernel_init_freeable\nclose function: kernel_restart_prepare\nclose function: kernel_shutdown_prepare\nclose function: md_run_setup\nclose function: prepare_namespace\nclose function: snapshot_compat_ioctl\nclose function: snapshot_ioctl\nclose function: snapshot_write\nclose function: software_resume_initcall\nclose function: wait_for_device_probe\nclose function: wait_for_devices\nclose function: wait_for_init_devices_probe\ncurrent function name file path: /home/clexma/Desktop/fox3/fuzzing/linuxRepo//linux_new/drivers/base/core.c\nline range: \nfrom: 1586 to: 1623\ncurrent function name file path: /home/clexma/Desktop/fox3/fuzzing/linuxRepo//linux_new/kernel/reboot.c\nline range: \nfrom: 290 to: 297\ncurrent function name file path: /home/clexma/Desktop/fox3/fuzzing/linuxRepo//linux_new/drivers/base/power/main.c\nline range: \nfrom: 1847 to: 1902\ncurrent function name file path: /home/clexma/Desktop/fox3/fuzzing/linuxRepo//linux_new/kernel/reboot.c\nline range: \nfrom: 91 to: 97\ncurrent function name file path: /home/clexma/Desktop/fox3/fuzzing/linuxRepo//linux_new/init/main.c\nline range: \nfrom: 1548 to: 1604\ncurrent function name file path: /home/clexma/Desktop/fox3/fuzzing/linuxRepo//linux_new/drivers/base/core.c\nline range: \nfrom: 4825 to: 4892\ncurrent function name file path: /home/clexma/Desktop/fox3/fuzzing/linuxRepo//linux_new/drivers/md/md-autodetect.c\nline range: \nfrom: 268 to: 279\ncurrent function name file path: /home/clexma/Desktop/fox3/fuzzing/linuxRepo//linux_new/drivers/base/dd.c\nline range: \nfrom: 766 to: 774\ncurrent function name file path: /home/clexma/Desktop/fox3/fuzzing/linuxRepo//linux_new/kernel/power/user.c\nline range: \nfrom: 249 to: 423\ncurrent function name file path: /home/clexma/Desktop/fox3/fuzzing/linuxRepo//linux_new/kernel/power/hibernate.c\nline range: \nfrom: 1067 to: 1083\ncurrent function name file path: /home/clexma/Desktop/fox3/fuzzing/linuxRepo//linux_new/drivers/base/power/main.c\nline range: \nfrom: 1911 to: 1924\ncurrent function name file path: /home/clexma/Desktop/fox3/fuzzing/linuxRepo//linux_new/drivers/md/md-autodetect.c\nline range: \nfrom: 255 to: 266\ncurrent function name file path: /home/clexma/Desktop/fox3/fuzzing/linuxRepo//linux_new/drivers/base/dd.c\nline range: \nfrom: 1239 to: 1284\ncurrent function name file path: /home/clexma/Desktop/fox3/fuzzing/linuxRepo//linux_new/kernel/power/user.c\nline range: \nfrom: 168 to: 206\ncurrent function name file path: /home/clexma/Desktop/fox3/fuzzing/linuxRepo//linux_new/drivers/base/dd.c\nline range: \nfrom: 203 to: 208\ncurrent function name file path: /home/clexma/Desktop/fox3/fuzzing/linuxRepo//linux_new/drivers/base/core.c\nline range: \nfrom: 1855 to: 1876\ncurrent function name file path: /home/clexma/Desktop/fox3/fuzzing/linuxRepo//linux_new/kernel/power/hibernate.c\nline range: \nfrom: 949 to: 978\ncurrent function name file path: /home/clexma/Desktop/fox3/fuzzing/linuxRepo//linux_new/kernel/power/hibernate.c\nline range: \nfrom: 858 to: 946\ncurrent function name file path: /home/clexma/Desktop/fox3/fuzzing/linuxRepo//linux_new/init/do_mounts.c\nline range: \nfrom: 464 to: 496\ncurrent function name file path: /home/clexma/Desktop/fox3/fuzzing/linuxRepo//linux_new/kernel/power/user.c\nline range: \nfrom: 427 to: 442\ncurrent function name file path: /home/clexma/Desktop/fox3/fuzzing/linuxRepo//linux_new/net/ipv4/ipconfig.c\nline range: \nfrom: 1476 to: 1660\ncurrent function name file path: /home/clexma/Desktop/fox3/fuzzing/linuxRepo//linux_new/drivers/xen/xenbus/xenbus_probe_frontend.c\nline range: \nfrom: 301 to: 324\ncurrent function name file path: /home/clexma/Desktop/fox3/fuzzing/linuxRepo//linux_new/kernel/power/hibernate.c\nline range: \nfrom: 379 to: 452\nLLM ENABLED\nCLOSE RANGE: 2\npython3 chat_interface.py init wait_for_device_probe\ninit output: 1 syscall analysis for wait_for_device_probe : ----------------------------\n[reboot]\nInit LLM result:\nreboot\n\ninit error: \n/home/clexma/Desktop/fox3/fuzzing/ChatAnalyzer\npython3 chat_interface.py close wait_for_device_probe 2\n/home/clexma/Desktop/fox3/fuzzing/linuxRepo/line2addr\npython3 ./addr_extractor.py ./input_functions.txt\nfuzzing terminate, time bound reach\n'
mkdir in /home/clexma/Desktop/fox3/fuzzing
mkdir ./experiment_result/temp/17
cp -rf ./ChatAnalyzer/pathsFile.txt ./ChatAnalyzer/path_source_code.txt ./target_functions.txt ./ChatAnalyzer/syz_comm_content.txt ./ChatAnalyzer/syz_comm_sig.txt ./linuxRepo/line2addr/input_functions.txt ./linuxRepo/line2addr/func2addr_info.txt ./linuxRepo/line2addr/result_addr_info.txt  ./experiment_result/temp/17
cp ./target_functions.txt ./experiment_result/temp/17
cp ./syzkaller/experiment_output_llmenabled.txt ./experiment_result/temp/17
b'close function: __device_release_driver\nclose function: autodetect_raid\nclose function: device_block_probing\nclose function: device_links_unbind_consumers\nclose function: device_shutdown\nclose function: dpm_prepare\nclose function: dpm_suspend_start\nclose function: find_resume_device\nclose function: hibernate_quiet_exec\nclose function: hibernation_snapshot\nclose function: ip_auto_config\nclose function: kernel_init_freeable\nclose function: kernel_restart_prepare\nclose function: kernel_shutdown_prepare\nclose function: md_run_setup\nclose function: prepare_namespace\nclose function: snapshot_compat_ioctl\nclose function: snapshot_ioctl\nclose function: snapshot_write\nclose function: software_resume_initcall\nclose function: wait_for_device_probe\nclose function: wait_for_devices\nclose function: wait_for_init_devices_probe\ncurrent function name file path: /home/clexma/Desktop/fox3/fuzzing/linuxRepo//linux_new/drivers/base/core.c\nline range: \nfrom: 1586 to: 1623\ncurrent function name file path: /home/clexma/Desktop/fox3/fuzzing/linuxRepo//linux_new/kernel/reboot.c\nline range: \nfrom: 290 to: 297\ncurrent function name file path: /home/clexma/Desktop/fox3/fuzzing/linuxRepo//linux_new/drivers/base/power/main.c\nline range: \nfrom: 1847 to: 1902\ncurrent function name file path: /home/clexma/Desktop/fox3/fuzzing/linuxRepo//linux_new/kernel/reboot.c\nline range: \nfrom: 91 to: 97\ncurrent function name file path: /home/clexma/Desktop/fox3/fuzzing/linuxRepo//linux_new/init/main.c\nline range: \nfrom: 1548 to: 1604\ncurrent function name file path: /home/clexma/Desktop/fox3/fuzzing/linuxRepo//linux_new/drivers/base/core.c\nline range: \nfrom: 4825 to: 4892\ncurrent function name file path: /home/clexma/Desktop/fox3/fuzzing/linuxRepo//linux_new/drivers/md/md-autodetect.c\nline range: \nfrom: 268 to: 279\ncurrent function name file path: /home/clexma/Desktop/fox3/fuzzing/linuxRepo//linux_new/drivers/base/dd.c\nline range: \nfrom: 766 to: 774\ncurrent function name file path: /home/clexma/Desktop/fox3/fuzzing/linuxRepo//linux_new/kernel/power/user.c\nline range: \nfrom: 249 to: 423\ncurrent function name file path: /home/clexma/Desktop/fox3/fuzzing/linuxRepo//linux_new/kernel/power/hibernate.c\nline range: \nfrom: 1067 to: 1083\ncurrent function name file path: /home/clexma/Desktop/fox3/fuzzing/linuxRepo//linux_new/drivers/base/power/main.c\nline range: \nfrom: 1911 to: 1924\ncurrent function name file path: /home/clexma/Desktop/fox3/fuzzing/linuxRepo//linux_new/drivers/md/md-autodetect.c\nline range: \nfrom: 255 to: 266\ncurrent function name file path: /home/clexma/Desktop/fox3/fuzzing/linuxRepo//linux_new/drivers/base/dd.c\nline range: \nfrom: 1239 to: 1284\ncurrent function name file path: /home/clexma/Desktop/fox3/fuzzing/linuxRepo//linux_new/kernel/power/user.c\nline range: \nfrom: 168 to: 206\ncurrent function name file path: /home/clexma/Desktop/fox3/fuzzing/linuxRepo//linux_new/drivers/base/dd.c\nline range: \nfrom: 203 to: 208\ncurrent function name file path: /home/clexma/Desktop/fox3/fuzzing/linuxRepo//linux_new/drivers/base/core.c\nline range: \nfrom: 1855 to: 1876\ncurrent function name file path: /home/clexma/Desktop/fox3/fuzzing/linuxRepo//linux_new/kernel/power/hibernate.c\nline range: \nfrom: 949 to: 978\ncurrent function name file path: /home/clexma/Desktop/fox3/fuzzing/linuxRepo//linux_new/kernel/power/hibernate.c\nline range: \nfrom: 858 to: 946\ncurrent function name file path: /home/clexma/Desktop/fox3/fuzzing/linuxRepo//linux_new/init/do_mounts.c\nline range: \nfrom: 464 to: 496\ncurrent function name file path: /home/clexma/Desktop/fox3/fuzzing/linuxRepo//linux_new/kernel/power/user.c\nline range: \nfrom: 427 to: 442\ncurrent function name file path: /home/clexma/Desktop/fox3/fuzzing/linuxRepo//linux_new/net/ipv4/ipconfig.c\nline range: \nfrom: 1476 to: 1660\ncurrent function name file path: /home/clexma/Desktop/fox3/fuzzing/linuxRepo//linux_new/drivers/xen/xenbus/xenbus_probe_frontend.c\nline range: \nfrom: 301 to: 324\ncurrent function name file path: /home/clexma/Desktop/fox3/fuzzing/linuxRepo//linux_new/kernel/power/hibernate.c\nline range: \nfrom: 379 to: 452\nLLM ENABLED\nCLOSE RANGE: 2\npython3 chat_interface.py init wait_for_device_probe\ninit output: 1 syscall analysis for wait_for_device_probe : ----------------------------\n[reboot]\nInit LLM result:\nreboot\n\ninit error: \n/home/clexma/Desktop/fox3/fuzzing/ChatAnalyzer\npython3 chat_interface.py close wait_for_device_probe 2\n/home/clexma/Desktop/fox3/fuzzing/linuxRepo/line2addr\npython3 ./addr_extractor.py ./input_functions.txt\nfuzzing terminate, time bound reach\n'
b'Traceback (most recent call last):\n  File "/home/clexma/Desktop/fox3/fuzzing/./run_experiment.py", line 128, in <module>\n    syzkaller_proc.wait(timeout=syzkaller_time_out)\n  File "/usr/lib/python3.10/subprocess.py", line 1209, in wait\n    return self._wait(timeout=timeout)\n  File "/usr/lib/python3.10/subprocess.py", line 1951, in _wait\n    raise TimeoutExpired(self.args, timeout)\nsubprocess.TimeoutExpired: Command \'[\'sudo\', \'-s\', \'./bin/syz-manager\', \'-config\', \'./my.cfg\']\' timed out after 7200 seconds\n\nDuring handling of the above exception, another exception occurred:\n\nTraceback (most recent call last):\n  File "/home/clexma/Desktop/fox3/fuzzing/./run_experiment.py", line 132, in <module>\n    kill_process_tree(syzkaller_proc.pid)\n  File "/home/clexma/Desktop/fox3/fuzzing/./run_experiment.py", line 14, in kill_process_tree\n    os.kill(child.pid, sig)\nPermissionError: [Errno 1] Operation not permitted\n'
python3 ./run_experiment.py copy 17
18 CURRENT TARGET FUNCTIONS: 
memcpy_to_page
write target_functions.txt
b'close function: copy_string_kernel\nclose function: copy_strings_kernel\nclose function: do_execveat_common\nclose function: i915_gem_object_put_pages_phys\nclose function: kernel_execve\nclose function: load_misc_binary\nclose function: load_script\nclose function: memcpy_to_page\nclose function: shmem_put_pages\ncurrent function name file path: /home/clexma/Desktop/fox3/fuzzing/linuxRepo//linux_new/fs/exec.c\nline range: \nfrom: 630 to: 664\ncurrent function name file path: /home/clexma/Desktop/fox3/fuzzing/linuxRepo//linux_new/fs/binfmt_misc.c\nline range: \nfrom: 202 to: 278\ncurrent function name file path: /home/clexma/Desktop/fox3/fuzzing/linuxRepo//linux_new/drivers/gpu/drm/i915/gem/i915_gem_shmem.c\nline range: \nfrom: 412 to: 418\ncurrent function name file path: /home/clexma/Desktop/fox3/fuzzing/linuxRepo//linux_new/drivers/gpu/drm/i915/gem/i915_gem_phys.c\nline range: \nfrom: 98 to: 137\ncurrent function name file path: /home/clexma/Desktop/fox3/fuzzing/linuxRepo//linux_new/fs/exec.c\nline range: \nfrom: 2007 to: 2064\ncurrent function name file path: /home/clexma/Desktop/fox3/fuzzing/linuxRepo//linux_new/fs/exec.c\nline range: \nfrom: 667 to: 679\ncurrent function name file path: /home/clexma/Desktop/fox3/fuzzing/linuxRepo//linux_new/fs/exec.c\nline range: \nfrom: 1922 to: 2005\ncurrent function name file path: NOT FOUND\nNOT FOUND\nline range: \nfrom: -1 to: -1\ncurrent function name file path: /home/clexma/Desktop/fox3/fuzzing/linuxRepo//linux_new/fs/binfmt_script.c\nline range: \nfrom: 34 to: 138\nLLM ENABLED\nCLOSE RANGE: 2\npython3 chat_interface.py init memcpy_to_page\ninit output: 1 syscall analysis for memcpy_to_page : ----------------------------\n[execve, execveat]\nInit LLM result:\nexecve\nexecveat\n\ninit error: \n/home/clexma/Desktop/fox3/fuzzing/ChatAnalyzer\npython3 chat_interface.py close memcpy_to_page 2\n/home/clexma/Desktop/fox3/fuzzing/linuxRepo/line2addr\npython3 ./addr_extractor.py ./input_functions.txt\nfuzzing terminate, time bound reach\n'
mkdir in /home/clexma/Desktop/fox3/fuzzing
mkdir ./experiment_result/temp/18
cp -rf ./ChatAnalyzer/pathsFile.txt ./ChatAnalyzer/path_source_code.txt ./target_functions.txt ./ChatAnalyzer/syz_comm_content.txt ./ChatAnalyzer/syz_comm_sig.txt ./linuxRepo/line2addr/input_functions.txt ./linuxRepo/line2addr/func2addr_info.txt ./linuxRepo/line2addr/result_addr_info.txt  ./experiment_result/temp/18
cp ./target_functions.txt ./experiment_result/temp/18
cp ./syzkaller/experiment_output_llmenabled.txt ./experiment_result/temp/18
b'close function: copy_string_kernel\nclose function: copy_strings_kernel\nclose function: do_execveat_common\nclose function: i915_gem_object_put_pages_phys\nclose function: kernel_execve\nclose function: load_misc_binary\nclose function: load_script\nclose function: memcpy_to_page\nclose function: shmem_put_pages\ncurrent function name file path: /home/clexma/Desktop/fox3/fuzzing/linuxRepo//linux_new/fs/exec.c\nline range: \nfrom: 630 to: 664\ncurrent function name file path: /home/clexma/Desktop/fox3/fuzzing/linuxRepo//linux_new/fs/binfmt_misc.c\nline range: \nfrom: 202 to: 278\ncurrent function name file path: /home/clexma/Desktop/fox3/fuzzing/linuxRepo//linux_new/drivers/gpu/drm/i915/gem/i915_gem_shmem.c\nline range: \nfrom: 412 to: 418\ncurrent function name file path: /home/clexma/Desktop/fox3/fuzzing/linuxRepo//linux_new/drivers/gpu/drm/i915/gem/i915_gem_phys.c\nline range: \nfrom: 98 to: 137\ncurrent function name file path: /home/clexma/Desktop/fox3/fuzzing/linuxRepo//linux_new/fs/exec.c\nline range: \nfrom: 2007 to: 2064\ncurrent function name file path: /home/clexma/Desktop/fox3/fuzzing/linuxRepo//linux_new/fs/exec.c\nline range: \nfrom: 667 to: 679\ncurrent function name file path: /home/clexma/Desktop/fox3/fuzzing/linuxRepo//linux_new/fs/exec.c\nline range: \nfrom: 1922 to: 2005\ncurrent function name file path: NOT FOUND\nNOT FOUND\nline range: \nfrom: -1 to: -1\ncurrent function name file path: /home/clexma/Desktop/fox3/fuzzing/linuxRepo//linux_new/fs/binfmt_script.c\nline range: \nfrom: 34 to: 138\nLLM ENABLED\nCLOSE RANGE: 2\npython3 chat_interface.py init memcpy_to_page\ninit output: 1 syscall analysis for memcpy_to_page : ----------------------------\n[execve, execveat]\nInit LLM result:\nexecve\nexecveat\n\ninit error: \n/home/clexma/Desktop/fox3/fuzzing/ChatAnalyzer\npython3 chat_interface.py close memcpy_to_page 2\n/home/clexma/Desktop/fox3/fuzzing/linuxRepo/line2addr\npython3 ./addr_extractor.py ./input_functions.txt\nfuzzing terminate, time bound reach\n'
b'usage: line2addr.py [-h] --binary BINARY [--json-db] [--file FILE]\n                    [--line LINE] [--directory DIRECTORY]\n                    [--base-address BASE_ADDRESS] [--dwarf]\nline2addr.py: error: unrecognized arguments: FOUND\nTraceback (most recent call last):\n  File "/home/clexma/Desktop/fox3/fuzzing/./run_experiment.py", line 128, in <module>\n    syzkaller_proc.wait(timeout=syzkaller_time_out)\n  File "/usr/lib/python3.10/subprocess.py", line 1209, in wait\n    return self._wait(timeout=timeout)\n  File "/usr/lib/python3.10/subprocess.py", line 1951, in _wait\n    raise TimeoutExpired(self.args, timeout)\nsubprocess.TimeoutExpired: Command \'[\'sudo\', \'-s\', \'./bin/syz-manager\', \'-config\', \'./my.cfg\']\' timed out after 7200 seconds\n\nDuring handling of the above exception, another exception occurred:\n\nTraceback (most recent call last):\n  File "/home/clexma/Desktop/fox3/fuzzing/./run_experiment.py", line 132, in <module>\n    kill_process_tree(syzkaller_proc.pid)\n  File "/home/clexma/Desktop/fox3/fuzzing/./run_experiment.py", line 14, in kill_process_tree\n    os.kill(child.pid, sig)\nPermissionError: [Errno 1] Operation not permitted\n'
python3 ./run_experiment.py copy 18
25 CURRENT TARGET FUNCTIONS: 
fsnotify_data_sb
write target_functions.txt
b'close function: __fsnotify_parent\nclose function: fsnotify\nclose function: fsnotify_data_sb\nclose function: fsnotify_inode\nclose function: fsnotify_name\nclose function: fsnotify_parent\nclose function: fsnotify_sb_error\nclose function: kernfs_notify_workfn\ncurrent function name file path: NOT FOUND\nNOT FOUND\nline range: \nfrom: -1 to: -1\ncurrent function name file path: /home/clexma/Desktop/fox3/fuzzing/linuxRepo//linux_new/fs/kernfs/file.c\nline range: \nfrom: 893 to: 953\ncurrent function name file path: NOT FOUND\nNOT FOUND\nline range: \nfrom: -1 to: -1\ncurrent function name file path: /home/clexma/Desktop/fox3/fuzzing/linuxRepo//linux_new/fs/notify/fsnotify.c\nline range: \nfrom: 501 to: 606\ncurrent function name file path: NOT FOUND\nNOT FOUND\nline range: \nfrom: -1 to: -1\ncurrent function name file path: NOT FOUND\nNOT FOUND\nline range: \nfrom: -1 to: -1\ncurrent function name file path: NOT FOUND\nNOT FOUND\nline range: \nfrom: -1 to: -1\ncurrent function name file path: /home/clexma/Desktop/fox3/fuzzing/linuxRepo//linux_new/fs/notify/fsnotify.c\nline range: \nfrom: 201 to: 257\nLLM ENABLED\nCLOSE RANGE: 2\npython3 chat_interface.py init fsnotify_data_sb\ninit output: 1 syscall analysis for fsnotify_data_sb : ----------------------------\n[open, read, write, ioctl]\nInit LLM result:\nopen\nread\nwrite\nioctl\n\ninit error: \n/home/clexma/Desktop/fox3/fuzzing/ChatAnalyzer\npython3 chat_interface.py close fsnotify_data_sb 2\n/home/clexma/Desktop/fox3/fuzzing/linuxRepo/line2addr\npython3 ./addr_extractor.py ./input_functions.txt\nfuzzing terminate, time bound reach\n'
b'close function: __fsnotify_parent\nclose function: fsnotify\nclose function: fsnotify_data_sb\nclose function: fsnotify_inode\nclose function: fsnotify_name\nclose function: fsnotify_parent\nclose function: fsnotify_sb_error\nclose function: kernfs_notify_workfn\ncurrent function name file path: NOT FOUND\nNOT FOUND\nline range: \nfrom: -1 to: -1\ncurrent function name file path: /home/clexma/Desktop/fox3/fuzzing/linuxRepo//linux_new/fs/kernfs/file.c\nline range: \nfrom: 893 to: 953\ncurrent function name file path: NOT FOUND\nNOT FOUND\nline range: \nfrom: -1 to: -1\ncurrent function name file path: /home/clexma/Desktop/fox3/fuzzing/linuxRepo//linux_new/fs/notify/fsnotify.c\nline range: \nfrom: 501 to: 606\ncurrent function name file path: NOT FOUND\nNOT FOUND\nline range: \nfrom: -1 to: -1\ncurrent function name file path: NOT FOUND\nNOT FOUND\nline range: \nfrom: -1 to: -1\ncurrent function name file path: NOT FOUND\nNOT FOUND\nline range: \nfrom: -1 to: -1\ncurrent function name file path: /home/clexma/Desktop/fox3/fuzzing/linuxRepo//linux_new/fs/notify/fsnotify.c\nline range: \nfrom: 201 to: 257\nLLM ENABLED\nCLOSE RANGE: 2\npython3 chat_interface.py init fsnotify_data_sb\ninit output: 1 syscall analysis for fsnotify_data_sb : ----------------------------\n[open, read, write, ioctl]\nInit LLM result:\nopen\nread\nwrite\nioctl\n\ninit error: \n/home/clexma/Desktop/fox3/fuzzing/ChatAnalyzer\npython3 chat_interface.py close fsnotify_data_sb 2\n/home/clexma/Desktop/fox3/fuzzing/linuxRepo/line2addr\npython3 ./addr_extractor.py ./input_functions.txt\nfuzzing terminate, time bound reach\n'
mkdir in /home/clexma/Desktop/fox3/fuzzing
mkdir ./experiment_result/temp/25
cp -rf ./ChatAnalyzer/pathsFile.txt ./ChatAnalyzer/path_source_code.txt ./target_functions.txt ./ChatAnalyzer/syz_comm_content.txt ./ChatAnalyzer/syz_comm_sig.txt ./linuxRepo/line2addr/input_functions.txt ./linuxRepo/line2addr/func2addr_info.txt ./linuxRepo/line2addr/result_addr_info.txt  ./experiment_result/temp/25
cp ./target_functions.txt ./experiment_result/temp/25
cp ./syzkaller/experiment_output_llmenabled.txt ./experiment_result/temp/25
mkdir in /home/clexma/Desktop/fox3/fuzzing
mkdir ./experiment_result/temp/26
cp -rf ./ChatAnalyzer/pathsFile.txt ./ChatAnalyzer/path_source_code.txt ./target_functions.txt ./ChatAnalyzer/syz_comm_content.txt ./ChatAnalyzer/syz_comm_sig.txt ./linuxRepo/line2addr/input_functions.txt ./linuxRepo/line2addr/func2addr_info.txt ./linuxRepo/line2addr/result_addr_info.txt  ./experiment_result/temp/26
cp ./target_functions.txt ./experiment_result/temp/26
cp ./syzkaller/experiment_output_llmenabled.txt ./experiment_result/temp/26
b'usage: line2addr.py [-h] --binary BINARY [--json-db] [--file FILE]\n                    [--line LINE] [--directory DIRECTORY]\n                    [--base-address BASE_ADDRESS] [--dwarf]\nline2addr.py: error: unrecognized arguments: FOUND\nusage: line2addr.py [-h] --binary BINARY [--json-db] [--file FILE]\n                    [--line LINE] [--directory DIRECTORY]\n                    [--base-address BASE_ADDRESS] [--dwarf]\nline2addr.py: error: unrecognized arguments: FOUND\nusage: line2addr.py [-h] --binary BINARY [--json-db] [--file FILE]\n                    [--line LINE] [--directory DIRECTORY]\n                    [--base-address BASE_ADDRESS] [--dwarf]\nline2addr.py: error: unrecognized arguments: FOUND\nusage: line2addr.py [-h] --binary BINARY [--json-db] [--file FILE]\n                    [--line LINE] [--directory DIRECTORY]\n                    [--base-address BASE_ADDRESS] [--dwarf]\nline2addr.py: error: unrecognized arguments: FOUND\nusage: line2addr.py [-h] --binary BINARY [--json-db] [--file FILE]\n                    [--line LINE] [--directory DIRECTORY]\n                    [--base-address BASE_ADDRESS] [--dwarf]\nline2addr.py: error: unrecognized arguments: FOUND\nTraceback (most recent call last):\n  File "/home/clexma/Desktop/fox3/fuzzing/./run_experiment.py", line 128, in <module>\n    syzkaller_proc.wait(timeout=syzkaller_time_out)\n  File "/usr/lib/python3.10/subprocess.py", line 1209, in wait\n    return self._wait(timeout=timeout)\n  File "/usr/lib/python3.10/subprocess.py", line 1951, in _wait\n    raise TimeoutExpired(self.args, timeout)\nsubprocess.TimeoutExpired: Command \'[\'sudo\', \'-s\', \'./bin/syz-manager\', \'-config\', \'./my.cfg\']\' timed out after 7200 seconds\n\nDuring handling of the above exception, another exception occurred:\n\nTraceback (most recent call last):\n  File "/home/clexma/Desktop/fox3/fuzzing/./run_experiment.py", line 132, in <module>\n    kill_process_tree(syzkaller_proc.pid)\n  File "/home/clexma/Desktop/fox3/fuzzing/./run_experiment.py", line 14, in kill_process_tree\n    os.kill(child.pid, sig)\nPermissionError: [Errno 1] Operation not permitted\n'
python3 ./run_experiment.py copy 25
26 CURRENT TARGET FUNCTIONS: 
security_inode_setxattr
write target_functions.txt
b'close function: __vfs_setxattr_locked\nclose function: security_inode_setxattr\nclose function: vfs_setxattr\ncurrent function name file path: /home/clexma/Desktop/fox3/fuzzing/linuxRepo//linux_new/fs/xattr.c\nline range: \nfrom: 275 to: 300\ncurrent function name file path: /home/clexma/Desktop/fox3/fuzzing/linuxRepo//linux_new/fs/xattr.c\nline range: \nfrom: 304 to: 334\ncurrent function name file path: /home/clexma/Desktop/fox3/fuzzing/linuxRepo//linux_new/security/security.c\nline range: \nfrom: 2285 to: 2303\nLLM ENABLED\nCLOSE RANGE: 2\npython3 chat_interface.py init security_inode_setxattr\ninit output: 1 syscall analysis for security_inode_setxattr : ----------------------------\n[setxattr, lsetxattr, fsetxattr]\nInit LLM result:\nsetxattr\nlsetxattr\nfsetxattr\n\ninit error: \n/home/clexma/Desktop/fox3/fuzzing/ChatAnalyzer\npython3 chat_interface.py close security_inode_setxattr 2\n/home/clexma/Desktop/fox3/fuzzing/linuxRepo/line2addr\npython3 ./addr_extractor.py ./input_functions.txt\nfuzzing terminate, time bound reach\n'
b'close function: __vfs_setxattr_locked\nclose function: security_inode_setxattr\nclose function: vfs_setxattr\ncurrent function name file path: /home/clexma/Desktop/fox3/fuzzing/linuxRepo//linux_new/fs/xattr.c\nline range: \nfrom: 275 to: 300\ncurrent function name file path: /home/clexma/Desktop/fox3/fuzzing/linuxRepo//linux_new/fs/xattr.c\nline range: \nfrom: 304 to: 334\ncurrent function name file path: /home/clexma/Desktop/fox3/fuzzing/linuxRepo//linux_new/security/security.c\nline range: \nfrom: 2285 to: 2303\nLLM ENABLED\nCLOSE RANGE: 2\npython3 chat_interface.py init security_inode_setxattr\ninit output: 1 syscall analysis for security_inode_setxattr : ----------------------------\n[setxattr, lsetxattr, fsetxattr]\nInit LLM result:\nsetxattr\nlsetxattr\nfsetxattr\n\ninit error: \n/home/clexma/Desktop/fox3/fuzzing/ChatAnalyzer\npython3 chat_interface.py close security_inode_setxattr 2\n/home/clexma/Desktop/fox3/fuzzing/linuxRepo/line2addr\npython3 ./addr_extractor.py ./input_functions.txt\nfuzzing terminate, time bound reach\n'
b'Traceback (most recent call last):\n  File "/home/clexma/Desktop/fox3/fuzzing/./run_experiment.py", line 128, in <module>\n    syzkaller_proc.wait(timeout=syzkaller_time_out)\n  File "/usr/lib/python3.10/subprocess.py", line 1209, in wait\n    return self._wait(timeout=timeout)\n  File "/usr/lib/python3.10/subprocess.py", line 1951, in _wait\n    raise TimeoutExpired(self.args, timeout)\nsubprocess.TimeoutExpired: Command \'[\'sudo\', \'-s\', \'./bin/syz-manager\', \'-config\', \'./my.cfg\']\' timed out after 7200 seconds\n\nDuring handling of the above exception, another exception occurred:\n\nTraceback (most recent call last):\n  File "/home/clexma/Desktop/fox3/fuzzing/./run_experiment.py", line 132, in <module>\n    kill_process_tree(syzkaller_proc.pid)\n  File "/home/clexma/Desktop/fox3/fuzzing/./run_experiment.py", line 14, in kill_process_tree\n    os.kill(child.pid, sig)\nPermissionError: [Errno 1] Operation not permitted\n'
python3 ./run_experiment.py copy 26
28 CURRENT TARGET FUNCTIONS: 
free_partitions
write target_functions.txt
b'close function: bdev_disk_changed\nclose function: blk_add_partitions\nclose function: check_partition\nclose function: free_partitions\ncurrent function name file path: /home/clexma/Desktop/fox3/fuzzing/linuxRepo//linux_new/block/partitions/core.c\nline range: \nfrom: 571 to: 630\ncurrent function name file path: /home/clexma/Desktop/fox3/fuzzing/linuxRepo//linux_new/block/partitions/core.c\nline range: \nfrom: 114 to: 171\ncurrent function name file path: /home/clexma/Desktop/fox3/fuzzing/linuxRepo//linux_new/block/partitions/core.c\nline range: \nfrom: 632 to: 695\ncurrent function name file path: /home/clexma/Desktop/fox3/fuzzing/linuxRepo//linux_new/block/partitions/core.c\nline range: \nfrom: 108 to: 112\nLLM ENABLED\nCLOSE RANGE: 2\npython3 chat_interface.py init free_partitions\ninit output: 1 syscall analysis for free_partitions : ----------------------------\n[ioctl, open, close, mount, umount]\nInit LLM result:\nioctl\nopen\nclose\nmount\numount\n\ninit error: \n/home/clexma/Desktop/fox3/fuzzing/ChatAnalyzer\npython3 chat_interface.py close free_partitions 2\n/home/clexma/Desktop/fox3/fuzzing/linuxRepo/line2addr\npython3 ./addr_extractor.py ./input_functions.txt\nfuzzing terminate, time bound reach\n'
b'close function: bdev_disk_changed\nclose function: blk_add_partitions\nclose function: check_partition\nclose function: free_partitions\ncurrent function name file path: /home/clexma/Desktop/fox3/fuzzing/linuxRepo//linux_new/block/partitions/core.c\nline range: \nfrom: 571 to: 630\ncurrent function name file path: /home/clexma/Desktop/fox3/fuzzing/linuxRepo//linux_new/block/partitions/core.c\nline range: \nfrom: 114 to: 171\ncurrent function name file path: /home/clexma/Desktop/fox3/fuzzing/linuxRepo//linux_new/block/partitions/core.c\nline range: \nfrom: 632 to: 695\ncurrent function name file path: /home/clexma/Desktop/fox3/fuzzing/linuxRepo//linux_new/block/partitions/core.c\nline range: \nfrom: 108 to: 112\nLLM ENABLED\nCLOSE RANGE: 2\npython3 chat_interface.py init free_partitions\ninit output: 1 syscall analysis for free_partitions : ----------------------------\n[ioctl, open, close, mount, umount]\nInit LLM result:\nioctl\nopen\nclose\nmount\numount\n\ninit error: \n/home/clexma/Desktop/fox3/fuzzing/ChatAnalyzer\npython3 chat_interface.py close free_partitions 2\n/home/clexma/Desktop/fox3/fuzzing/linuxRepo/line2addr\npython3 ./addr_extractor.py ./input_functions.txt\nfuzzing terminate, time bound reach\n'
mkdir in /home/clexma/Desktop/fox3/fuzzing
mkdir ./experiment_result/temp/28
cp -rf ./ChatAnalyzer/pathsFile.txt ./ChatAnalyzer/path_source_code.txt ./target_functions.txt ./ChatAnalyzer/syz_comm_content.txt ./ChatAnalyzer/syz_comm_sig.txt ./linuxRepo/line2addr/input_functions.txt ./linuxRepo/line2addr/func2addr_info.txt ./linuxRepo/line2addr/result_addr_info.txt  ./experiment_result/temp/28
cp ./target_functions.txt ./experiment_result/temp/28
cp ./syzkaller/experiment_output_llmenabled.txt ./experiment_result/temp/28
mkdir in /home/clexma/Desktop/fox3/fuzzing
mkdir ./experiment_result/temp/29
cp -rf ./ChatAnalyzer/pathsFile.txt ./ChatAnalyzer/path_source_code.txt ./target_functions.txt ./ChatAnalyzer/syz_comm_content.txt ./ChatAnalyzer/syz_comm_sig.txt ./linuxRepo/line2addr/input_functions.txt ./linuxRepo/line2addr/func2addr_info.txt ./linuxRepo/line2addr/result_addr_info.txt  ./experiment_result/temp/29
cp ./target_functions.txt ./experiment_result/temp/29
cp ./syzkaller/experiment_output_llmenabled.txt ./experiment_result/temp/29
b'Traceback (most recent call last):\n  File "/home/clexma/Desktop/fox3/fuzzing/./run_experiment.py", line 128, in <module>\n    syzkaller_proc.wait(timeout=syzkaller_time_out)\n  File "/usr/lib/python3.10/subprocess.py", line 1209, in wait\n    return self._wait(timeout=timeout)\n  File "/usr/lib/python3.10/subprocess.py", line 1951, in _wait\n    raise TimeoutExpired(self.args, timeout)\nsubprocess.TimeoutExpired: Command \'[\'sudo\', \'-s\', \'./bin/syz-manager\', \'-config\', \'./my.cfg\']\' timed out after 7200 seconds\n\nDuring handling of the above exception, another exception occurred:\n\nTraceback (most recent call last):\n  File "/home/clexma/Desktop/fox3/fuzzing/./run_experiment.py", line 132, in <module>\n    kill_process_tree(syzkaller_proc.pid)\n  File "/home/clexma/Desktop/fox3/fuzzing/./run_experiment.py", line 14, in kill_process_tree\n    os.kill(child.pid, sig)\nPermissionError: [Errno 1] Operation not permitted\n'
python3 ./run_experiment.py copy 28
29 CURRENT TARGET FUNCTIONS: 
bpf_prog_free
write target_functions.txt
b'close function: __bpf_prog_release\nclose function: __sk_filter_release\nclose function: bpf_migrate_filter\nclose function: bpf_prepare_filter\nclose function: bpf_prog_destroy\nclose function: bpf_prog_free\nclose function: sk_attach_filter\nclose function: sk_reuseport_attach_filter\ncurrent function name file path: /home/clexma/Desktop/fox3/fuzzing/linuxRepo//linux_new/net/core/filter.c\nline range: \nfrom: 1457 to: 1460\ncurrent function name file path: /home/clexma/Desktop/fox3/fuzzing/linuxRepo//linux_new/net/core/filter.c\nline range: \nfrom: 1536 to: 1551\ncurrent function name file path: /home/clexma/Desktop/fox3/fuzzing/linuxRepo//linux_new/net/core/filter.c\nline range: \nfrom: 1250 to: 1318\ncurrent function name file path: /home/clexma/Desktop/fox3/fuzzing/linuxRepo//linux_new/net/core/filter.c\nline range: \nfrom: 1320 to: 1357\ncurrent function name file path: /home/clexma/Desktop/fox3/fuzzing/linuxRepo//linux_new/net/core/filter.c\nline range: \nfrom: 1554 to: 1572\ncurrent function name file path: /home/clexma/Desktop/fox3/fuzzing/linuxRepo//linux_new/net/core/filter.c\nline range: \nfrom: 1174 to: 1182\ncurrent function name file path: /home/clexma/Desktop/fox3/fuzzing/linuxRepo//linux_new/net/core/filter.c\nline range: \nfrom: 1184 to: 1188\ncurrent function name file path: /home/clexma/Desktop/fox3/fuzzing/linuxRepo//linux_new/kernel/bpf/core.c\nline range: \nfrom: 2807 to: 2816\nLLM ENABLED\nCLOSE RANGE: 2\npython3 chat_interface.py init bpf_prog_free\ninit output: 1 syscall analysis for bpf_prog_free : ----------------------------\n[setsockopt]\nInit LLM result:\nsetsockopt\n\ninit error: \n/home/clexma/Desktop/fox3/fuzzing/ChatAnalyzer\npython3 chat_interface.py close bpf_prog_free 2\n/home/clexma/Desktop/fox3/fuzzing/linuxRepo/line2addr\npython3 ./addr_extractor.py ./input_functions.txt\nfuzzing terminate, time bound reach\n'
b'close function: __bpf_prog_release\nclose function: __sk_filter_release\nclose function: bpf_migrate_filter\nclose function: bpf_prepare_filter\nclose function: bpf_prog_destroy\nclose function: bpf_prog_free\nclose function: sk_attach_filter\nclose function: sk_reuseport_attach_filter\ncurrent function name file path: /home/clexma/Desktop/fox3/fuzzing/linuxRepo//linux_new/net/core/filter.c\nline range: \nfrom: 1457 to: 1460\ncurrent function name file path: /home/clexma/Desktop/fox3/fuzzing/linuxRepo//linux_new/net/core/filter.c\nline range: \nfrom: 1536 to: 1551\ncurrent function name file path: /home/clexma/Desktop/fox3/fuzzing/linuxRepo//linux_new/net/core/filter.c\nline range: \nfrom: 1250 to: 1318\ncurrent function name file path: /home/clexma/Desktop/fox3/fuzzing/linuxRepo//linux_new/net/core/filter.c\nline range: \nfrom: 1320 to: 1357\ncurrent function name file path: /home/clexma/Desktop/fox3/fuzzing/linuxRepo//linux_new/net/core/filter.c\nline range: \nfrom: 1554 to: 1572\ncurrent function name file path: /home/clexma/Desktop/fox3/fuzzing/linuxRepo//linux_new/net/core/filter.c\nline range: \nfrom: 1174 to: 1182\ncurrent function name file path: /home/clexma/Desktop/fox3/fuzzing/linuxRepo//linux_new/net/core/filter.c\nline range: \nfrom: 1184 to: 1188\ncurrent function name file path: /home/clexma/Desktop/fox3/fuzzing/linuxRepo//linux_new/kernel/bpf/core.c\nline range: \nfrom: 2807 to: 2816\nLLM ENABLED\nCLOSE RANGE: 2\npython3 chat_interface.py init bpf_prog_free\ninit output: 1 syscall analysis for bpf_prog_free : ----------------------------\n[setsockopt]\nInit LLM result:\nsetsockopt\n\ninit error: \n/home/clexma/Desktop/fox3/fuzzing/ChatAnalyzer\npython3 chat_interface.py close bpf_prog_free 2\n/home/clexma/Desktop/fox3/fuzzing/linuxRepo/line2addr\npython3 ./addr_extractor.py ./input_functions.txt\nfuzzing terminate, time bound reach\n'
b'Traceback (most recent call last):\n  File "/home/clexma/Desktop/fox3/fuzzing/./run_experiment.py", line 128, in <module>\n    syzkaller_proc.wait(timeout=syzkaller_time_out)\n  File "/usr/lib/python3.10/subprocess.py", line 1209, in wait\n    return self._wait(timeout=timeout)\n  File "/usr/lib/python3.10/subprocess.py", line 1951, in _wait\n    raise TimeoutExpired(self.args, timeout)\nsubprocess.TimeoutExpired: Command \'[\'sudo\', \'-s\', \'./bin/syz-manager\', \'-config\', \'./my.cfg\']\' timed out after 7200 seconds\n\nDuring handling of the above exception, another exception occurred:\n\nTraceback (most recent call last):\n  File "/home/clexma/Desktop/fox3/fuzzing/./run_experiment.py", line 132, in <module>\n    kill_process_tree(syzkaller_proc.pid)\n  File "/home/clexma/Desktop/fox3/fuzzing/./run_experiment.py", line 14, in kill_process_tree\n    os.kill(child.pid, sig)\nPermissionError: [Errno 1] Operation not permitted\n'
python3 ./run_experiment.py copy 29
31 CURRENT TARGET FUNCTIONS: 
locks_delete_global_blocked
write target_functions.txt
b'close function: __locks_delete_block\nclose function: __locks_unlink_block\nclose function: __locks_wake_up_blocks\nclose function: locks_delete_global_blocked\ncurrent function name file path: /home/clexma/Desktop/fox3/fuzzing/linuxRepo//linux_new/fs/locks.c\nline range: \nfrom: 726 to: 768\ncurrent function name file path: /home/clexma/Desktop/fox3/fuzzing/linuxRepo//linux_new/fs/locks.c\nline range: \nfrom: 700 to: 724\ncurrent function name file path: /home/clexma/Desktop/fox3/fuzzing/linuxRepo//linux_new/fs/locks.c\nline range: \nfrom: 682 to: 687\ncurrent function name file path: /home/clexma/Desktop/fox3/fuzzing/linuxRepo//linux_new/fs/locks.c\nline range: \nfrom: 694 to: 698\nLLM ENABLED\nCLOSE RANGE: 2\npython3 chat_interface.py init locks_delete_global_blocked\ninit output: 1 syscall analysis for locks_delete_global_blocked : ----------------------------\nWithout the provided related function calling source code, it\'s not possible to give an accurate list of syscalls that may reach `locks_delete_global_blocked`. However, based on typical involvement of file locking in the kernel, I can give a plausible list of syscalls that could be involved:\n\n[fcntl, close, open, unlink, rename]\n\ninit error: Traceback (most recent call last):\n  File "/home/clexma/Desktop/fox3/fuzzing/ChatAnalyzer/chat_interface.py", line 453, in <module>\n    assert(llm_list_result[0] == "[" and llm_list_result[-1] == "]")\nAssertionError\n\n/home/clexma/Desktop/fox3/fuzzing/ChatAnalyzer\npython3 chat_interface.py close locks_delete_global_blocked 2\n/home/clexma/Desktop/fox3/fuzzing/linuxRepo/line2addr\npython3 ./addr_extractor.py ./input_functions.txt\nfuzzing terminate, time bound reach\n'
mkdir in /home/clexma/Desktop/fox3/fuzzing
mkdir ./experiment_result/temp/31
cp -rf ./ChatAnalyzer/pathsFile.txt ./ChatAnalyzer/path_source_code.txt ./target_functions.txt ./ChatAnalyzer/syz_comm_content.txt ./ChatAnalyzer/syz_comm_sig.txt ./linuxRepo/line2addr/input_functions.txt ./linuxRepo/line2addr/func2addr_info.txt ./linuxRepo/line2addr/result_addr_info.txt  ./experiment_result/temp/31
cp ./target_functions.txt ./experiment_result/temp/31
cp ./syzkaller/experiment_output_llmenabled.txt ./experiment_result/temp/31
mkdir in /home/clexma/Desktop/fox3/fuzzing
mkdir ./experiment_result/temp/34
cp -rf ./ChatAnalyzer/pathsFile.txt ./ChatAnalyzer/path_source_code.txt ./target_functions.txt ./ChatAnalyzer/syz_comm_content.txt ./ChatAnalyzer/syz_comm_sig.txt ./linuxRepo/line2addr/input_functions.txt ./linuxRepo/line2addr/func2addr_info.txt ./linuxRepo/line2addr/result_addr_info.txt  ./experiment_result/temp/34
cp ./target_functions.txt ./experiment_result/temp/34
cp ./syzkaller/experiment_output_llmenabled.txt ./experiment_result/temp/34
b'close function: __locks_delete_block\nclose function: __locks_unlink_block\nclose function: __locks_wake_up_blocks\nclose function: locks_delete_global_blocked\ncurrent function name file path: /home/clexma/Desktop/fox3/fuzzing/linuxRepo//linux_new/fs/locks.c\nline range: \nfrom: 726 to: 768\ncurrent function name file path: /home/clexma/Desktop/fox3/fuzzing/linuxRepo//linux_new/fs/locks.c\nline range: \nfrom: 700 to: 724\ncurrent function name file path: /home/clexma/Desktop/fox3/fuzzing/linuxRepo//linux_new/fs/locks.c\nline range: \nfrom: 682 to: 687\ncurrent function name file path: /home/clexma/Desktop/fox3/fuzzing/linuxRepo//linux_new/fs/locks.c\nline range: \nfrom: 694 to: 698\nLLM ENABLED\nCLOSE RANGE: 2\npython3 chat_interface.py init locks_delete_global_blocked\ninit output: 1 syscall analysis for locks_delete_global_blocked : ----------------------------\nWithout the provided related function calling source code, it\'s not possible to give an accurate list of syscalls that may reach `locks_delete_global_blocked`. However, based on typical involvement of file locking in the kernel, I can give a plausible list of syscalls that could be involved:\n\n[fcntl, close, open, unlink, rename]\n\ninit error: Traceback (most recent call last):\n  File "/home/clexma/Desktop/fox3/fuzzing/ChatAnalyzer/chat_interface.py", line 453, in <module>\n    assert(llm_list_result[0] == "[" and llm_list_result[-1] == "]")\nAssertionError\n\n/home/clexma/Desktop/fox3/fuzzing/ChatAnalyzer\npython3 chat_interface.py close locks_delete_global_blocked 2\n/home/clexma/Desktop/fox3/fuzzing/linuxRepo/line2addr\npython3 ./addr_extractor.py ./input_functions.txt\nfuzzing terminate, time bound reach\n'
b'Traceback (most recent call last):\n  File "/home/clexma/Desktop/fox3/fuzzing/./run_experiment.py", line 128, in <module>\n    syzkaller_proc.wait(timeout=syzkaller_time_out)\n  File "/usr/lib/python3.10/subprocess.py", line 1209, in wait\n    return self._wait(timeout=timeout)\n  File "/usr/lib/python3.10/subprocess.py", line 1951, in _wait\n    raise TimeoutExpired(self.args, timeout)\nsubprocess.TimeoutExpired: Command \'[\'sudo\', \'-s\', \'./bin/syz-manager\', \'-config\', \'./my.cfg\']\' timed out after 7200 seconds\n\nDuring handling of the above exception, another exception occurred:\n\nTraceback (most recent call last):\n  File "/home/clexma/Desktop/fox3/fuzzing/./run_experiment.py", line 132, in <module>\n    kill_process_tree(syzkaller_proc.pid)\n  File "/home/clexma/Desktop/fox3/fuzzing/./run_experiment.py", line 14, in kill_process_tree\n    os.kill(child.pid, sig)\nPermissionError: [Errno 1] Operation not permitted\n'
python3 ./run_experiment.py copy 31
34 CURRENT TARGET FUNCTIONS: 
__submit_bio_noacct_mq
write target_functions.txt
b'close function: __submit_bio_noacct_mq\nclose function: submit_bio_noacct\nclose function: submit_bio_noacct_nocheck\ncurrent function name file path: /home/clexma/Desktop/fox3/fuzzing/linuxRepo//linux_new/block/blk-core.c\nline range: \nfrom: 748 to: 852\ncurrent function name file path: /home/clexma/Desktop/fox3/fuzzing/linuxRepo//linux_new/block/blk-core.c\nline range: \nfrom: 695 to: 709\ncurrent function name file path: /home/clexma/Desktop/fox3/fuzzing/linuxRepo//linux_new/block/blk-core.c\nline range: \nfrom: 711 to: 737\nLLM ENABLED\nCLOSE RANGE: 2\npython3 chat_interface.py init __submit_bio_noacct_mq\ninit output: 1 syscall analysis for __submit_bio_noacct_mq : ----------------------------\n[read, write, lseek, pread64, pwrite64, fallocate, posix_fadvise, ftruncate, openat]\nInit LLM result:\nread\nwrite\nlseek\npread64\npwrite64\nfallocate\nposix_fadvise\nftruncate\nopenat\n\ninit error: \n/home/clexma/Desktop/fox3/fuzzing/ChatAnalyzer\npython3 chat_interface.py close __submit_bio_noacct_mq 2\n/home/clexma/Desktop/fox3/fuzzing/linuxRepo/line2addr\npython3 ./addr_extractor.py ./input_functions.txt\nfuzzing terminate, time bound reach\n'
b'close function: __submit_bio_noacct_mq\nclose function: submit_bio_noacct\nclose function: submit_bio_noacct_nocheck\ncurrent function name file path: /home/clexma/Desktop/fox3/fuzzing/linuxRepo//linux_new/block/blk-core.c\nline range: \nfrom: 748 to: 852\ncurrent function name file path: /home/clexma/Desktop/fox3/fuzzing/linuxRepo//linux_new/block/blk-core.c\nline range: \nfrom: 695 to: 709\ncurrent function name file path: /home/clexma/Desktop/fox3/fuzzing/linuxRepo//linux_new/block/blk-core.c\nline range: \nfrom: 711 to: 737\nLLM ENABLED\nCLOSE RANGE: 2\npython3 chat_interface.py init __submit_bio_noacct_mq\ninit output: 1 syscall analysis for __submit_bio_noacct_mq : ----------------------------\n[read, write, lseek, pread64, pwrite64, fallocate, posix_fadvise, ftruncate, openat]\nInit LLM result:\nread\nwrite\nlseek\npread64\npwrite64\nfallocate\nposix_fadvise\nftruncate\nopenat\n\ninit error: \n/home/clexma/Desktop/fox3/fuzzing/ChatAnalyzer\npython3 chat_interface.py close __submit_bio_noacct_mq 2\n/home/clexma/Desktop/fox3/fuzzing/linuxRepo/line2addr\npython3 ./addr_extractor.py ./input_functions.txt\nfuzzing terminate, time bound reach\n'
b'Traceback (most recent call last):\n  File "/home/clexma/Desktop/fox3/fuzzing/./run_experiment.py", line 128, in <module>\n    syzkaller_proc.wait(timeout=syzkaller_time_out)\n  File "/usr/lib/python3.10/subprocess.py", line 1209, in wait\n    return self._wait(timeout=timeout)\n  File "/usr/lib/python3.10/subprocess.py", line 1951, in _wait\n    raise TimeoutExpired(self.args, timeout)\nsubprocess.TimeoutExpired: Command \'[\'sudo\', \'-s\', \'./bin/syz-manager\', \'-config\', \'./my.cfg\']\' timed out after 7200 seconds\n\nDuring handling of the above exception, another exception occurred:\n\nTraceback (most recent call last):\n  File "/home/clexma/Desktop/fox3/fuzzing/./run_experiment.py", line 132, in <module>\n    kill_process_tree(syzkaller_proc.pid)\n  File "/home/clexma/Desktop/fox3/fuzzing/./run_experiment.py", line 14, in kill_process_tree\n    os.kill(child.pid, sig)\nPermissionError: [Errno 1] Operation not permitted\n'
python3 ./run_experiment.py copy 34
35 CURRENT TARGET FUNCTIONS: 
srcu_read_lock_nmisafe
write target_functions.txt
b'close function: __pr_flush\nclose function: console_device\nclose function: console_flush_all\nclose function: console_flush_on_panic\nclose function: console_srcu_read_lock\nclose function: console_unblank\nclose function: srcu_read_lock_nmisafe\ncurrent function name file path: /home/clexma/Desktop/fox3/fuzzing/linuxRepo//linux_new/kernel/printk/printk.c\nline range: \nfrom: 284 to: 287\ncurrent function name file path: /home/clexma/Desktop/fox3/fuzzing/linuxRepo//linux_new/kernel/printk/printk.c\nline range: \nfrom: 3208 to: 3233\ncurrent function name file path: /home/clexma/Desktop/fox3/fuzzing/linuxRepo//linux_new/kernel/printk/printk.c\nline range: \nfrom: 0 to: 0\ncurrent function name file path: /home/clexma/Desktop/fox3/fuzzing/linuxRepo//linux_new/kernel/printk/printk.c\nline range: \nfrom: 3155 to: 3203\ncurrent function name file path: /home/clexma/Desktop/fox3/fuzzing/linuxRepo//linux_new/kernel/printk/printk.c\nline range: \nfrom: 3087 to: 3147\ncurrent function name file path: NOT FOUND\nNOT FOUND\nline range: \nfrom: -1 to: -1\ncurrent function name file path: /home/clexma/Desktop/fox3/fuzzing/linuxRepo//linux_new/kernel/printk/printk.c\nline range: \nfrom: 2958 to: 3011\nLLM ENABLED\nCLOSE RANGE: 2\npython3 chat_interface.py init srcu_read_lock_nmisafe\ninit output: 1 syscall analysis for srcu_read_lock_nmisafe : ----------------------------\n```json\n[]\n```\n\ninit error: Traceback (most recent call last):\n  File "/home/clexma/Desktop/fox3/fuzzing/ChatAnalyzer/chat_interface.py", line 453, in <module>\n    assert(llm_list_result[0] == "[" and llm_list_result[-1] == "]")\nAssertionError\n\n/home/clexma/Desktop/fox3/fuzzing/ChatAnalyzer\npython3 chat_interface.py close srcu_read_lock_nmisafe 2\n/home/clexma/Desktop/fox3/fuzzing/linuxRepo/line2addr\npython3 ./addr_extractor.py ./input_functions.txt\nfuzzing terminate, time bound reach\n'
mkdir in /home/clexma/Desktop/fox3/fuzzing
mkdir ./experiment_result/temp/35
cp -rf ./ChatAnalyzer/pathsFile.txt ./ChatAnalyzer/path_source_code.txt ./target_functions.txt ./ChatAnalyzer/syz_comm_content.txt ./ChatAnalyzer/syz_comm_sig.txt ./linuxRepo/line2addr/input_functions.txt ./linuxRepo/line2addr/func2addr_info.txt ./linuxRepo/line2addr/result_addr_info.txt  ./experiment_result/temp/35
cp ./target_functions.txt ./experiment_result/temp/35
cp ./syzkaller/experiment_output_llmenabled.txt ./experiment_result/temp/35
mkdir in /home/clexma/Desktop/fox3/fuzzing
mkdir ./experiment_result/temp/37
cp -rf ./ChatAnalyzer/pathsFile.txt ./ChatAnalyzer/path_source_code.txt ./target_functions.txt ./ChatAnalyzer/syz_comm_content.txt ./ChatAnalyzer/syz_comm_sig.txt ./linuxRepo/line2addr/input_functions.txt ./linuxRepo/line2addr/func2addr_info.txt ./linuxRepo/line2addr/result_addr_info.txt  ./experiment_result/temp/37
cp ./target_functions.txt ./experiment_result/temp/37
cp ./syzkaller/experiment_output_llmenabled.txt ./experiment_result/temp/37
b'close function: __pr_flush\nclose function: console_device\nclose function: console_flush_all\nclose function: console_flush_on_panic\nclose function: console_srcu_read_lock\nclose function: console_unblank\nclose function: srcu_read_lock_nmisafe\ncurrent function name file path: /home/clexma/Desktop/fox3/fuzzing/linuxRepo//linux_new/kernel/printk/printk.c\nline range: \nfrom: 284 to: 287\ncurrent function name file path: /home/clexma/Desktop/fox3/fuzzing/linuxRepo//linux_new/kernel/printk/printk.c\nline range: \nfrom: 3208 to: 3233\ncurrent function name file path: /home/clexma/Desktop/fox3/fuzzing/linuxRepo//linux_new/kernel/printk/printk.c\nline range: \nfrom: 0 to: 0\ncurrent function name file path: /home/clexma/Desktop/fox3/fuzzing/linuxRepo//linux_new/kernel/printk/printk.c\nline range: \nfrom: 3155 to: 3203\ncurrent function name file path: /home/clexma/Desktop/fox3/fuzzing/linuxRepo//linux_new/kernel/printk/printk.c\nline range: \nfrom: 3087 to: 3147\ncurrent function name file path: NOT FOUND\nNOT FOUND\nline range: \nfrom: -1 to: -1\ncurrent function name file path: /home/clexma/Desktop/fox3/fuzzing/linuxRepo//linux_new/kernel/printk/printk.c\nline range: \nfrom: 2958 to: 3011\nLLM ENABLED\nCLOSE RANGE: 2\npython3 chat_interface.py init srcu_read_lock_nmisafe\ninit output: 1 syscall analysis for srcu_read_lock_nmisafe : ----------------------------\n```json\n[]\n```\n\ninit error: Traceback (most recent call last):\n  File "/home/clexma/Desktop/fox3/fuzzing/ChatAnalyzer/chat_interface.py", line 453, in <module>\n    assert(llm_list_result[0] == "[" and llm_list_result[-1] == "]")\nAssertionError\n\n/home/clexma/Desktop/fox3/fuzzing/ChatAnalyzer\npython3 chat_interface.py close srcu_read_lock_nmisafe 2\n/home/clexma/Desktop/fox3/fuzzing/linuxRepo/line2addr\npython3 ./addr_extractor.py ./input_functions.txt\nfuzzing terminate, time bound reach\n'
b'usage: line2addr.py [-h] --binary BINARY [--json-db] [--file FILE]\n                    [--line LINE] [--directory DIRECTORY]\n                    [--base-address BASE_ADDRESS] [--dwarf]\nline2addr.py: error: unrecognized arguments: FOUND\nTraceback (most recent call last):\n  File "/home/clexma/Desktop/fox3/fuzzing/./run_experiment.py", line 128, in <module>\n    syzkaller_proc.wait(timeout=syzkaller_time_out)\n  File "/usr/lib/python3.10/subprocess.py", line 1209, in wait\n    return self._wait(timeout=timeout)\n  File "/usr/lib/python3.10/subprocess.py", line 1951, in _wait\n    raise TimeoutExpired(self.args, timeout)\nsubprocess.TimeoutExpired: Command \'[\'sudo\', \'-s\', \'./bin/syz-manager\', \'-config\', \'./my.cfg\']\' timed out after 7200 seconds\n\nDuring handling of the above exception, another exception occurred:\n\nTraceback (most recent call last):\n  File "/home/clexma/Desktop/fox3/fuzzing/./run_experiment.py", line 132, in <module>\n    kill_process_tree(syzkaller_proc.pid)\n  File "/home/clexma/Desktop/fox3/fuzzing/./run_experiment.py", line 14, in kill_process_tree\n    os.kill(child.pid, sig)\nPermissionError: [Errno 1] Operation not permitted\n'
python3 ./run_experiment.py copy 35
37 CURRENT TARGET FUNCTIONS: 
trace_wbc_writepage
write target_functions.txt
b'close function: trace_wbc_writepage\nclose function: writeback_get_folio\nclose function: writeback_iter\ncurrent function name file path: /home/clexma/Desktop/fox3/fuzzing/linuxRepo//linux_new/mm/page-writeback.c\nline range: \nfrom: 2430 to: 2455\ncurrent function name file path: /home/clexma/Desktop/fox3/fuzzing/linuxRepo//linux_new/mm/page-writeback.c\nline range: \nfrom: 2483 to: 2569\ncurrent function name file path: NOT FOUND\nNOT FOUND\nline range: \nfrom: -1 to: -1\nLLM ENABLED\nCLOSE RANGE: 2\npython3 chat_interface.py init trace_wbc_writepage\ninit output: 1 syscall analysis for trace_wbc_writepage : ----------------------------\n[write, pwrite64, sync, fsync, fdatasync]\nInit LLM result:\nwrite\npwrite64\nsync\nfsync\nfdatasync\n\ninit error: \n/home/clexma/Desktop/fox3/fuzzing/ChatAnalyzer\npython3 chat_interface.py close trace_wbc_writepage 2\n/home/clexma/Desktop/fox3/fuzzing/linuxRepo/line2addr\npython3 ./addr_extractor.py ./input_functions.txt\nfuzzing terminate, time bound reach\n'
b'close function: trace_wbc_writepage\nclose function: writeback_get_folio\nclose function: writeback_iter\ncurrent function name file path: /home/clexma/Desktop/fox3/fuzzing/linuxRepo//linux_new/mm/page-writeback.c\nline range: \nfrom: 2430 to: 2455\ncurrent function name file path: /home/clexma/Desktop/fox3/fuzzing/linuxRepo//linux_new/mm/page-writeback.c\nline range: \nfrom: 2483 to: 2569\ncurrent function name file path: NOT FOUND\nNOT FOUND\nline range: \nfrom: -1 to: -1\nLLM ENABLED\nCLOSE RANGE: 2\npython3 chat_interface.py init trace_wbc_writepage\ninit output: 1 syscall analysis for trace_wbc_writepage : ----------------------------\n[write, pwrite64, sync, fsync, fdatasync]\nInit LLM result:\nwrite\npwrite64\nsync\nfsync\nfdatasync\n\ninit error: \n/home/clexma/Desktop/fox3/fuzzing/ChatAnalyzer\npython3 chat_interface.py close trace_wbc_writepage 2\n/home/clexma/Desktop/fox3/fuzzing/linuxRepo/line2addr\npython3 ./addr_extractor.py ./input_functions.txt\nfuzzing terminate, time bound reach\n'
b'usage: line2addr.py [-h] --binary BINARY [--json-db] [--file FILE]\n                    [--line LINE] [--directory DIRECTORY]\n                    [--base-address BASE_ADDRESS] [--dwarf]\nline2addr.py: error: unrecognized arguments: FOUND\nTraceback (most recent call last):\n  File "/home/clexma/Desktop/fox3/fuzzing/./run_experiment.py", line 128, in <module>\n    syzkaller_proc.wait(timeout=syzkaller_time_out)\n  File "/usr/lib/python3.10/subprocess.py", line 1209, in wait\n    return self._wait(timeout=timeout)\n  File "/usr/lib/python3.10/subprocess.py", line 1951, in _wait\n    raise TimeoutExpired(self.args, timeout)\nsubprocess.TimeoutExpired: Command \'[\'sudo\', \'-s\', \'./bin/syz-manager\', \'-config\', \'./my.cfg\']\' timed out after 7200 seconds\n\nDuring handling of the above exception, another exception occurred:\n\nTraceback (most recent call last):\n  File "/home/clexma/Desktop/fox3/fuzzing/./run_experiment.py", line 132, in <module>\n    kill_process_tree(syzkaller_proc.pid)\n  File "/home/clexma/Desktop/fox3/fuzzing/./run_experiment.py", line 14, in kill_process_tree\n    os.kill(child.pid, sig)\nPermissionError: [Errno 1] Operation not permitted\n'
python3 ./run_experiment.py copy 37
39 CURRENT TARGET FUNCTIONS: 
sk_set_bit
write target_functions.txt
b'close function: datagram_poll\nclose function: packet_alloc_skb\nclose function: packet_poll\nclose function: sk_set_bit\nclose function: sk_stream_wait_memory\nclose function: sk_wait_data\nclose function: sock_alloc_send_pskb\nclose function: sock_alloc_send_skb\nclose function: tcp_poll\nclose function: tcp_recvmsg_locked\nclose function: tcp_sendmsg_locked\nclose function: tcp_splice_read\nclose function: udp_poll\nclose function: unix_dgram_poll\nclose function: unix_dgram_sendmsg\nclose function: unix_stream_data_wait\nclose function: unix_stream_read_generic\nclose function: unix_stream_sendmsg\ncurrent function name file path: /home/clexma/Desktop/fox3/fuzzing/linuxRepo//linux_new/net/unix/af_unix.c\nline range: \nfrom: 2505 to: 2541\ncurrent function name file path: /home/clexma/Desktop/fox3/fuzzing/linuxRepo//linux_new/net/core/sock.c\nline range: \nfrom: 2764 to: 2805\ncurrent function name file path: NOT FOUND\nNOT FOUND\nline range: \nfrom: -1 to: -1\ncurrent function name file path: /home/clexma/Desktop/fox3/fuzzing/linuxRepo//linux_new/net/ipv4/tcp.c\nline range: \nfrom: 1859 to: 1896\ncurrent function name file path: /home/clexma/Desktop/fox3/fuzzing/linuxRepo//linux_new/net/core/datagram.c\nline range: \nfrom: 859 to: 903\ncurrent function name file path: NOT FOUND\nNOT FOUND\nline range: \nfrom: -1 to: -1\ncurrent function name file path: /home/clexma/Desktop/fox3/fuzzing/linuxRepo//linux_new/net/core/sock.c\nline range: \nfrom: 3024 to: 3035\ncurrent function name file path: /home/clexma/Desktop/fox3/fuzzing/linuxRepo//linux_new/net/ipv4/tcp.c\nline range: \nfrom: 504 to: 608\ncurrent function name file path: /home/clexma/Desktop/fox3/fuzzing/linuxRepo//linux_new/net/core/stream.c\nline range: \nfrom: 118 to: 183\ncurrent function name file path: /home/clexma/Desktop/fox3/fuzzing/linuxRepo//linux_new/net/unix/af_unix.c\nline range: \nfrom: 3143 to: 3204\ncurrent function name file path: /home/clexma/Desktop/fox3/fuzzing/linuxRepo//linux_new/net/ipv4/tcp.c\nline range: \nfrom: 783 to: 871\ncurrent function name file path: /home/clexma/Desktop/fox3/fuzzing/linuxRepo//linux_new/net/ipv4/tcp.c\nline range: \nfrom: 1045 to: 1340\ncurrent function name file path: /home/clexma/Desktop/fox3/fuzzing/linuxRepo//linux_new/net/ipv4/udp.c\nline range: \nfrom: 2890 to: 2908\ncurrent function name file path: /home/clexma/Desktop/fox3/fuzzing/linuxRepo//linux_new/net/unix/af_unix.c\nline range: \nfrom: 1910 to: 2128\ncurrent function name file path: /home/clexma/Desktop/fox3/fuzzing/linuxRepo//linux_new/net/unix/af_unix.c\nline range: \nfrom: 2642 to: 2858\ncurrent function name file path: /home/clexma/Desktop/fox3/fuzzing/linuxRepo//linux_new/net/packet/af_packet.c\nline range: \nfrom: 2916 to: 2940\ncurrent function name file path: /home/clexma/Desktop/fox3/fuzzing/linuxRepo//linux_new/net/unix/af_unix.c\nline range: \nfrom: 2188 to: 2319\ncurrent function name file path: /home/clexma/Desktop/fox3/fuzzing/linuxRepo//linux_new/net/packet/af_packet.c\nline range: \nfrom: 4265 to: 4287\nLLM ENABLED\nCLOSE RANGE: 2\npython3 chat_interface.py init sk_set_bit\ninit output: 1 syscall analysis for sk_set_bit : ----------------------------\nHere is a list of syscalls that can reach the function `sk_set_bit` based on the provided source code:\n\n```plaintext\n[write, poll]\n```\n\ninit error: Traceback (most recent call last):\n  File "/home/clexma/Desktop/fox3/fuzzing/ChatAnalyzer/chat_interface.py", line 453, in <module>\n    assert(llm_list_result[0] == "[" and llm_list_result[-1] == "]")\nAssertionError\n\n/home/clexma/Desktop/fox3/fuzzing/ChatAnalyzer\npython3 chat_interface.py close sk_set_bit 2\n/home/clexma/Desktop/fox3/fuzzing/linuxRepo/line2addr\npython3 ./addr_extractor.py ./input_functions.txt\nfuzzing terminate, time bound reach\n'
b'close function: datagram_poll\nclose function: packet_alloc_skb\nclose function: packet_poll\nclose function: sk_set_bit\nclose function: sk_stream_wait_memory\nclose function: sk_wait_data\nclose function: sock_alloc_send_pskb\nclose function: sock_alloc_send_skb\nclose function: tcp_poll\nclose function: tcp_recvmsg_locked\nclose function: tcp_sendmsg_locked\nclose function: tcp_splice_read\nclose function: udp_poll\nclose function: unix_dgram_poll\nclose function: unix_dgram_sendmsg\nclose function: unix_stream_data_wait\nclose function: unix_stream_read_generic\nclose function: unix_stream_sendmsg\ncurrent function name file path: /home/clexma/Desktop/fox3/fuzzing/linuxRepo//linux_new/net/unix/af_unix.c\nline range: \nfrom: 2505 to: 2541\ncurrent function name file path: /home/clexma/Desktop/fox3/fuzzing/linuxRepo//linux_new/net/core/sock.c\nline range: \nfrom: 2764 to: 2805\ncurrent function name file path: NOT FOUND\nNOT FOUND\nline range: \nfrom: -1 to: -1\ncurrent function name file path: /home/clexma/Desktop/fox3/fuzzing/linuxRepo//linux_new/net/ipv4/tcp.c\nline range: \nfrom: 1859 to: 1896\ncurrent function name file path: /home/clexma/Desktop/fox3/fuzzing/linuxRepo//linux_new/net/core/datagram.c\nline range: \nfrom: 859 to: 903\ncurrent function name file path: NOT FOUND\nNOT FOUND\nline range: \nfrom: -1 to: -1\ncurrent function name file path: /home/clexma/Desktop/fox3/fuzzing/linuxRepo//linux_new/net/core/sock.c\nline range: \nfrom: 3024 to: 3035\ncurrent function name file path: /home/clexma/Desktop/fox3/fuzzing/linuxRepo//linux_new/net/ipv4/tcp.c\nline range: \nfrom: 504 to: 608\ncurrent function name file path: /home/clexma/Desktop/fox3/fuzzing/linuxRepo//linux_new/net/core/stream.c\nline range: \nfrom: 118 to: 183\ncurrent function name file path: /home/clexma/Desktop/fox3/fuzzing/linuxRepo//linux_new/net/unix/af_unix.c\nline range: \nfrom: 3143 to: 3204\ncurrent function name file path: /home/clexma/Desktop/fox3/fuzzing/linuxRepo//linux_new/net/ipv4/tcp.c\nline range: \nfrom: 783 to: 871\ncurrent function name file path: /home/clexma/Desktop/fox3/fuzzing/linuxRepo//linux_new/net/ipv4/tcp.c\nline range: \nfrom: 1045 to: 1340\ncurrent function name file path: /home/clexma/Desktop/fox3/fuzzing/linuxRepo//linux_new/net/ipv4/udp.c\nline range: \nfrom: 2890 to: 2908\ncurrent function name file path: /home/clexma/Desktop/fox3/fuzzing/linuxRepo//linux_new/net/unix/af_unix.c\nline range: \nfrom: 1910 to: 2128\ncurrent function name file path: /home/clexma/Desktop/fox3/fuzzing/linuxRepo//linux_new/net/unix/af_unix.c\nline range: \nfrom: 2642 to: 2858\ncurrent function name file path: /home/clexma/Desktop/fox3/fuzzing/linuxRepo//linux_new/net/packet/af_packet.c\nline range: \nfrom: 2916 to: 2940\ncurrent function name file path: /home/clexma/Desktop/fox3/fuzzing/linuxRepo//linux_new/net/unix/af_unix.c\nline range: \nfrom: 2188 to: 2319\ncurrent function name file path: /home/clexma/Desktop/fox3/fuzzing/linuxRepo//linux_new/net/packet/af_packet.c\nline range: \nfrom: 4265 to: 4287\nLLM ENABLED\nCLOSE RANGE: 2\npython3 chat_interface.py init sk_set_bit\ninit output: 1 syscall analysis for sk_set_bit : ----------------------------\nHere is a list of syscalls that can reach the function `sk_set_bit` based on the provided source code:\n\n```plaintext\n[write, poll]\n```\n\ninit error: Traceback (most recent call last):\n  File "/home/clexma/Desktop/fox3/fuzzing/ChatAnalyzer/chat_interface.py", line 453, in <module>\n    assert(llm_list_result[0] == "[" and llm_list_result[-1] == "]")\nAssertionError\n\n/home/clexma/Desktop/fox3/fuzzing/ChatAnalyzer\npython3 chat_interface.py close sk_set_bit 2\n/home/clexma/Desktop/fox3/fuzzing/linuxRepo/line2addr\npython3 ./addr_extractor.py ./input_functions.txt\nfuzzing terminate, time bound reach\n'
mkdir in /home/clexma/Desktop/fox3/fuzzing
mkdir ./experiment_result/temp/39
cp -rf ./ChatAnalyzer/pathsFile.txt ./ChatAnalyzer/path_source_code.txt ./target_functions.txt ./ChatAnalyzer/syz_comm_content.txt ./ChatAnalyzer/syz_comm_sig.txt ./linuxRepo/line2addr/input_functions.txt ./linuxRepo/line2addr/func2addr_info.txt ./linuxRepo/line2addr/result_addr_info.txt  ./experiment_result/temp/39
cp ./target_functions.txt ./experiment_result/temp/39
cp ./syzkaller/experiment_output_llmenabled.txt ./experiment_result/temp/39
mkdir in /home/clexma/Desktop/fox3/fuzzing
mkdir ./experiment_result/temp/40
cp -rf ./ChatAnalyzer/pathsFile.txt ./ChatAnalyzer/path_source_code.txt ./target_functions.txt ./ChatAnalyzer/syz_comm_content.txt ./ChatAnalyzer/syz_comm_sig.txt ./linuxRepo/line2addr/input_functions.txt ./linuxRepo/line2addr/func2addr_info.txt ./linuxRepo/line2addr/result_addr_info.txt  ./experiment_result/temp/40
cp ./target_functions.txt ./experiment_result/temp/40
cp ./syzkaller/experiment_output_llmenabled.txt ./experiment_result/temp/40
b'usage: line2addr.py [-h] --binary BINARY [--json-db] [--file FILE]\n                    [--line LINE] [--directory DIRECTORY]\n                    [--base-address BASE_ADDRESS] [--dwarf]\nline2addr.py: error: unrecognized arguments: FOUND\nusage: line2addr.py [-h] --binary BINARY [--json-db] [--file FILE]\n                    [--line LINE] [--directory DIRECTORY]\n                    [--base-address BASE_ADDRESS] [--dwarf]\nline2addr.py: error: unrecognized arguments: FOUND\nTraceback (most recent call last):\n  File "/home/clexma/Desktop/fox3/fuzzing/./run_experiment.py", line 128, in <module>\n    syzkaller_proc.wait(timeout=syzkaller_time_out)\n  File "/usr/lib/python3.10/subprocess.py", line 1209, in wait\n    return self._wait(timeout=timeout)\n  File "/usr/lib/python3.10/subprocess.py", line 1951, in _wait\n    raise TimeoutExpired(self.args, timeout)\nsubprocess.TimeoutExpired: Command \'[\'sudo\', \'-s\', \'./bin/syz-manager\', \'-config\', \'./my.cfg\']\' timed out after 7200 seconds\n\nDuring handling of the above exception, another exception occurred:\n\nTraceback (most recent call last):\n  File "/home/clexma/Desktop/fox3/fuzzing/./run_experiment.py", line 132, in <module>\n    kill_process_tree(syzkaller_proc.pid)\n  File "/home/clexma/Desktop/fox3/fuzzing/./run_experiment.py", line 14, in kill_process_tree\n    os.kill(child.pid, sig)\nPermissionError: [Errno 1] Operation not permitted\n'
python3 ./run_experiment.py copy 39
40 CURRENT TARGET FUNCTIONS: 
sidtab_search_core
write target_functions.txt
b'close function: security_bounded_transition\nclose function: security_compute_sid\nclose function: security_compute_validatetrans\nclose function: security_sid_to_context_core\nclose function: sidtab_search\nclose function: sidtab_search_core\nclose function: sidtab_search_entry\nclose function: sidtab_search_entry_force\ncurrent function name file path: NOT FOUND\nNOT FOUND\nline range: \nfrom: -1 to: -1\ncurrent function name file path: /home/clexma/Desktop/fox3/fuzzing/linuxRepo//linux_new/security/selinux/ss/services.c\nline range: \nfrom: 1307 to: 1377\ncurrent function name file path: /home/clexma/Desktop/fox3/fuzzing/linuxRepo//linux_new/security/selinux/ss/services.c\nline range: \nfrom: 746 to: 826\ncurrent function name file path: /home/clexma/Desktop/fox3/fuzzing/linuxRepo//linux_new/security/selinux/ss/sidtab.c\nline range: \nfrom: 263 to: 266\ncurrent function name file path: /home/clexma/Desktop/fox3/fuzzing/linuxRepo//linux_new/security/selinux/ss/sidtab.c\nline range: \nfrom: 258 to: 261\ncurrent function name file path: /home/clexma/Desktop/fox3/fuzzing/linuxRepo//linux_new/security/selinux/ss/sidtab.c\nline range: \nfrom: 241 to: 256\ncurrent function name file path: /home/clexma/Desktop/fox3/fuzzing/linuxRepo//linux_new/security/selinux/ss/services.c\nline range: \nfrom: 851 to: 931\ncurrent function name file path: /home/clexma/Desktop/fox3/fuzzing/linuxRepo//linux_new/security/selinux/ss/services.c\nline range: \nfrom: 1704 to: 1892\nLLM ENABLED\nCLOSE RANGE: 2\npython3 chat_interface.py init sidtab_search_core\ninit output: 1 syscall analysis for sidtab_search_core : ----------------------------\n```json\n["execve", "execveat", "setfsuid", "setfsgid", "setxattr", "keyctl", "msgsnd", "fork", "vfork", "clone", "unshare", "setns", "setattrlist"]\n```\n\ninit error: Traceback (most recent call last):\n  File "/home/clexma/Desktop/fox3/fuzzing/ChatAnalyzer/chat_interface.py", line 453, in <module>\n    assert(llm_list_result[0] == "[" and llm_list_result[-1] == "]")\nAssertionError\n\n/home/clexma/Desktop/fox3/fuzzing/ChatAnalyzer\npython3 chat_interface.py close sidtab_search_core 2\n/home/clexma/Desktop/fox3/fuzzing/linuxRepo/line2addr\npython3 ./addr_extractor.py ./input_functions.txt\nfuzzing terminate, time bound reach\n'
b'close function: security_bounded_transition\nclose function: security_compute_sid\nclose function: security_compute_validatetrans\nclose function: security_sid_to_context_core\nclose function: sidtab_search\nclose function: sidtab_search_core\nclose function: sidtab_search_entry\nclose function: sidtab_search_entry_force\ncurrent function name file path: NOT FOUND\nNOT FOUND\nline range: \nfrom: -1 to: -1\ncurrent function name file path: /home/clexma/Desktop/fox3/fuzzing/linuxRepo//linux_new/security/selinux/ss/services.c\nline range: \nfrom: 1307 to: 1377\ncurrent function name file path: /home/clexma/Desktop/fox3/fuzzing/linuxRepo//linux_new/security/selinux/ss/services.c\nline range: \nfrom: 746 to: 826\ncurrent function name file path: /home/clexma/Desktop/fox3/fuzzing/linuxRepo//linux_new/security/selinux/ss/sidtab.c\nline range: \nfrom: 263 to: 266\ncurrent function name file path: /home/clexma/Desktop/fox3/fuzzing/linuxRepo//linux_new/security/selinux/ss/sidtab.c\nline range: \nfrom: 258 to: 261\ncurrent function name file path: /home/clexma/Desktop/fox3/fuzzing/linuxRepo//linux_new/security/selinux/ss/sidtab.c\nline range: \nfrom: 241 to: 256\ncurrent function name file path: /home/clexma/Desktop/fox3/fuzzing/linuxRepo//linux_new/security/selinux/ss/services.c\nline range: \nfrom: 851 to: 931\ncurrent function name file path: /home/clexma/Desktop/fox3/fuzzing/linuxRepo//linux_new/security/selinux/ss/services.c\nline range: \nfrom: 1704 to: 1892\nLLM ENABLED\nCLOSE RANGE: 2\npython3 chat_interface.py init sidtab_search_core\ninit output: 1 syscall analysis for sidtab_search_core : ----------------------------\n```json\n["execve", "execveat", "setfsuid", "setfsgid", "setxattr", "keyctl", "msgsnd", "fork", "vfork", "clone", "unshare", "setns", "setattrlist"]\n```\n\ninit error: Traceback (most recent call last):\n  File "/home/clexma/Desktop/fox3/fuzzing/ChatAnalyzer/chat_interface.py", line 453, in <module>\n    assert(llm_list_result[0] == "[" and llm_list_result[-1] == "]")\nAssertionError\n\n/home/clexma/Desktop/fox3/fuzzing/ChatAnalyzer\npython3 chat_interface.py close sidtab_search_core 2\n/home/clexma/Desktop/fox3/fuzzing/linuxRepo/line2addr\npython3 ./addr_extractor.py ./input_functions.txt\nfuzzing terminate, time bound reach\n'
b'usage: line2addr.py [-h] --binary BINARY [--json-db] [--file FILE]\n                    [--line LINE] [--directory DIRECTORY]\n                    [--base-address BASE_ADDRESS] [--dwarf]\nline2addr.py: error: unrecognized arguments: FOUND\nTraceback (most recent call last):\n  File "/home/clexma/Desktop/fox3/fuzzing/./run_experiment.py", line 128, in <module>\n    syzkaller_proc.wait(timeout=syzkaller_time_out)\n  File "/usr/lib/python3.10/subprocess.py", line 1209, in wait\n    return self._wait(timeout=timeout)\n  File "/usr/lib/python3.10/subprocess.py", line 1951, in _wait\n    raise TimeoutExpired(self.args, timeout)\nsubprocess.TimeoutExpired: Command \'[\'sudo\', \'-s\', \'./bin/syz-manager\', \'-config\', \'./my.cfg\']\' timed out after 7200 seconds\n\nDuring handling of the above exception, another exception occurred:\n\nTraceback (most recent call last):\n  File "/home/clexma/Desktop/fox3/fuzzing/./run_experiment.py", line 132, in <module>\n    kill_process_tree(syzkaller_proc.pid)\n  File "/home/clexma/Desktop/fox3/fuzzing/./run_experiment.py", line 14, in kill_process_tree\n    os.kill(child.pid, sig)\nPermissionError: [Errno 1] Operation not permitted\n'
python3 ./run_experiment.py copy 40
42 CURRENT TARGET FUNCTIONS: 
clockevent_state_shutdown
write target_functions.txt
mkdir in /home/clexma/Desktop/fox3/fuzzing
mkdir ./experiment_result/temp/42
cp -rf ./ChatAnalyzer/pathsFile.txt ./ChatAnalyzer/path_source_code.txt ./target_functions.txt ./ChatAnalyzer/syz_comm_content.txt ./ChatAnalyzer/syz_comm_sig.txt ./linuxRepo/line2addr/input_functions.txt ./linuxRepo/line2addr/func2addr_info.txt ./linuxRepo/line2addr/result_addr_info.txt  ./experiment_result/temp/42
cp ./target_functions.txt ./experiment_result/temp/42
cp ./syzkaller/experiment_output_llmenabled.txt ./experiment_result/temp/42
b'close function: __clockevents_update_freq\nclose function: clockevent_state_shutdown\nclose function: clockevents_program_event\nclose function: clockevents_program_min_delta\nclose function: hotplug_cpu__broadcast_tick_pull\nclose function: tick_broadcast_set_event\nclose function: tick_handle_periodic\nclose function: tick_handle_periodic_broadcast\nclose function: tick_oneshot_wakeup_control\nclose function: tick_program_event\nclose function: tick_resume_oneshot\nclose function: tick_setup_oneshot\nclose function: tick_setup_periodic\ncurrent function name file path: /home/clexma/Desktop/fox3/fuzzing/linuxRepo//linux_new/kernel/time/clockevents.c\nline range: \nfrom: 233 to: 262\ncurrent function name file path: /home/clexma/Desktop/fox3/fuzzing/linuxRepo//linux_new/kernel/time/tick-oneshot.c\nline range: \nfrom: 61 to: 68\ncurrent function name file path: /home/clexma/Desktop/fox3/fuzzing/linuxRepo//linux_new/kernel/time/tick-oneshot.c\nline range: \nfrom: 23 to: 45\ncurrent function name file path: /home/clexma/Desktop/fox3/fuzzing/linuxRepo//linux_new/kernel/time/tick-common.c\nline range: \nfrom: 108 to: 146\ncurrent function name file path: /home/clexma/Desktop/fox3/fuzzing/linuxRepo//linux_new/kernel/time/tick-oneshot.c\nline range: \nfrom: 50 to: 56\ncurrent function name file path: NOT FOUND\nNOT FOUND\nline range: \nfrom: -1 to: -1\ncurrent function name file path: /home/clexma/Desktop/fox3/fuzzing/linuxRepo//linux_new/kernel/time/tick-broadcast.c\nline range: \nfrom: 400 to: 429\ncurrent function name file path: /home/clexma/Desktop/fox3/fuzzing/linuxRepo//linux_new/kernel/time/tick-broadcast.c\nline range: \nfrom: 651 to: 659\ncurrent function name file path: /home/clexma/Desktop/fox3/fuzzing/linuxRepo//linux_new/kernel/time/tick-common.c\nline range: \nfrom: 151 to: 179\ncurrent function name file path: /home/clexma/Desktop/fox3/fuzzing/linuxRepo//linux_new/kernel/time/clockevents.c\nline range: \nfrom: 515 to: 526\ncurrent function name file path: /home/clexma/Desktop/fox3/fuzzing/linuxRepo//linux_new/kernel/time/clockevents.c\nline range: \nfrom: 303 to: 337\ncurrent function name file path: /home/clexma/Desktop/fox3/fuzzing/linuxRepo//linux_new/kernel/time/tick-broadcast.c\nline range: \nfrom: 1142 to: 1155\ncurrent function name file path: /home/clexma/Desktop/fox3/fuzzing/linuxRepo//linux_new/kernel/time/tick-broadcast.c\nline range: \nfrom: 934 to: 961\nLLM ENABLED\nCLOSE RANGE: 2\npython3 chat_interface.py init clockevent_state_shutdown\ninit output: 1 syscall analysis for clockevent_state_shutdown : ----------------------------\n[reboot, rt_sigsuspend, timer_create, timer_settime, timer_gettime, timer_delete, clock_settime, clock_gettime, clock_nanosleep, alarm]\nInit LLM result:\nreboot\nrt_sigsuspend\ntimer_create\ntimer_settime\ntimer_gettime\ntimer_delete\nclock_settime\nclock_gettime\nclock_nanosleep\nalarm\n\ninit error: \n/home/clexma/Desktop/fox3/fuzzing/ChatAnalyzer\npython3 chat_interface.py close clockevent_state_shutdown 2\n/home/clexma/Desktop/fox3/fuzzing/linuxRepo/line2addr\npython3 ./addr_extractor.py ./input_functions.txt\nfuzzing terminate, time bound reach\n'
b'close function: __clockevents_update_freq\nclose function: clockevent_state_shutdown\nclose function: clockevents_program_event\nclose function: clockevents_program_min_delta\nclose function: hotplug_cpu__broadcast_tick_pull\nclose function: tick_broadcast_set_event\nclose function: tick_handle_periodic\nclose function: tick_handle_periodic_broadcast\nclose function: tick_oneshot_wakeup_control\nclose function: tick_program_event\nclose function: tick_resume_oneshot\nclose function: tick_setup_oneshot\nclose function: tick_setup_periodic\ncurrent function name file path: /home/clexma/Desktop/fox3/fuzzing/linuxRepo//linux_new/kernel/time/clockevents.c\nline range: \nfrom: 233 to: 262\ncurrent function name file path: /home/clexma/Desktop/fox3/fuzzing/linuxRepo//linux_new/kernel/time/tick-oneshot.c\nline range: \nfrom: 61 to: 68\ncurrent function name file path: /home/clexma/Desktop/fox3/fuzzing/linuxRepo//linux_new/kernel/time/tick-oneshot.c\nline range: \nfrom: 23 to: 45\ncurrent function name file path: /home/clexma/Desktop/fox3/fuzzing/linuxRepo//linux_new/kernel/time/tick-common.c\nline range: \nfrom: 108 to: 146\ncurrent function name file path: /home/clexma/Desktop/fox3/fuzzing/linuxRepo//linux_new/kernel/time/tick-oneshot.c\nline range: \nfrom: 50 to: 56\ncurrent function name file path: NOT FOUND\nNOT FOUND\nline range: \nfrom: -1 to: -1\ncurrent function name file path: /home/clexma/Desktop/fox3/fuzzing/linuxRepo//linux_new/kernel/time/tick-broadcast.c\nline range: \nfrom: 400 to: 429\ncurrent function name file path: /home/clexma/Desktop/fox3/fuzzing/linuxRepo//linux_new/kernel/time/tick-broadcast.c\nline range: \nfrom: 651 to: 659\ncurrent function name file path: /home/clexma/Desktop/fox3/fuzzing/linuxRepo//linux_new/kernel/time/tick-common.c\nline range: \nfrom: 151 to: 179\ncurrent function name file path: /home/clexma/Desktop/fox3/fuzzing/linuxRepo//linux_new/kernel/time/clockevents.c\nline range: \nfrom: 515 to: 526\ncurrent function name file path: /home/clexma/Desktop/fox3/fuzzing/linuxRepo//linux_new/kernel/time/clockevents.c\nline range: \nfrom: 303 to: 337\ncurrent function name file path: /home/clexma/Desktop/fox3/fuzzing/linuxRepo//linux_new/kernel/time/tick-broadcast.c\nline range: \nfrom: 1142 to: 1155\ncurrent function name file path: /home/clexma/Desktop/fox3/fuzzing/linuxRepo//linux_new/kernel/time/tick-broadcast.c\nline range: \nfrom: 934 to: 961\nLLM ENABLED\nCLOSE RANGE: 2\npython3 chat_interface.py init clockevent_state_shutdown\ninit output: 1 syscall analysis for clockevent_state_shutdown : ----------------------------\n[reboot, rt_sigsuspend, timer_create, timer_settime, timer_gettime, timer_delete, clock_settime, clock_gettime, clock_nanosleep, alarm]\nInit LLM result:\nreboot\nrt_sigsuspend\ntimer_create\ntimer_settime\ntimer_gettime\ntimer_delete\nclock_settime\nclock_gettime\nclock_nanosleep\nalarm\n\ninit error: \n/home/clexma/Desktop/fox3/fuzzing/ChatAnalyzer\npython3 chat_interface.py close clockevent_state_shutdown 2\n/home/clexma/Desktop/fox3/fuzzing/linuxRepo/line2addr\npython3 ./addr_extractor.py ./input_functions.txt\nfuzzing terminate, time bound reach\n'
b'usage: line2addr.py [-h] --binary BINARY [--json-db] [--file FILE]\n                    [--line LINE] [--directory DIRECTORY]\n                    [--base-address BASE_ADDRESS] [--dwarf]\nline2addr.py: error: unrecognized arguments: FOUND\nTraceback (most recent call last):\n  File "/home/clexma/Desktop/fox3/fuzzing/./run_experiment.py", line 128, in <module>\n    syzkaller_proc.wait(timeout=syzkaller_time_out)\n  File "/usr/lib/python3.10/subprocess.py", line 1209, in wait\n    return self._wait(timeout=timeout)\n  File "/usr/lib/python3.10/subprocess.py", line 1951, in _wait\n    raise TimeoutExpired(self.args, timeout)\nsubprocess.TimeoutExpired: Command \'[\'sudo\', \'-s\', \'./bin/syz-manager\', \'-config\', \'./my.cfg\']\' timed out after 7200 seconds\n\nDuring handling of the above exception, another exception occurred:\n\nTraceback (most recent call last):\n  File "/home/clexma/Desktop/fox3/fuzzing/./run_experiment.py", line 132, in <module>\n    kill_process_tree(syzkaller_proc.pid)\n  File "/home/clexma/Desktop/fox3/fuzzing/./run_experiment.py", line 14, in kill_process_tree\n    os.kill(child.pid, sig)\nPermissionError: [Errno 1] Operation not permitted\n'
python3 ./run_experiment.py copy 42
