mkdir in /home/clexma/Desktop/fox3/fuzzing
mkdir ./experiment_result/temp/13
cp -rf ./ChatAnalyzer/pathsFile.txt ./ChatAnalyzer/path_source_code.txt ./target_functions.txt ./ChatAnalyzer/syz_comm_content.txt ./ChatAnalyzer/syz_comm_sig.txt ./linuxRepo/line2addr/input_functions.txt ./linuxRepo/line2addr/func2addr_info.txt ./linuxRepo/line2addr/result_addr_info.txt  ./experiment_result/temp/13
cp ./target_functions.txt ./experiment_result/temp/13
cp ./syzkaller/experiment_output_llmenabled.txt ./experiment_result/temp/13
START EXP
----- target functions

fscontext_create_fd

----- target functions

stable_page_flags

----- target functions

ksys_semctl

----- target functions

mmgrab

----- target functions

__sys_setfsgid

----- target functions

do_sched_yield

----- target functions

access_pidfd_pidns

----- target functions

vm_acct_memory

----- target functions

__shmem_file_setup

----- target functions

inc_cluster_info_page

----- target functions

io_register_iowq_max_workers

----- target functions

__anon_inode_getfile

----- target functions

copy_fsxattr_from_user

----- target functions

__io_uring_add_tctx_node

----- target functions

keyring_ptr_to_key

----- target functions

mnt_get_writers

----- target functions

futex_requeue_pi_prepare

----- target functions

wait_for_device_probe

----- target functions

memcpy_to_page

----- target functions

task_clear_jobctl_trapping

----- target functions

__io_put_kbuf

----- target functions

bio_discard_limit

----- target functions

ptr_set_bit

----- target functions

kimage_is_destination_range

----- target functions

find_lock_entries

----- target functions

fsnotify_data_sb

----- target functions

security_inode_setxattr

----- target functions

relocate_restore_code

----- target functions

free_partitions

----- target functions

bpf_prog_free

----- target functions

xol_free_insn_slot

----- target functions

locks_delete_global_blocked

----- target functions

pmd_none_or_clear_bad

----- target functions

__hugetlb_cgroup_uncharge_folio

----- target functions

__submit_bio_noacct_mq

----- target functions

srcu_read_lock_nmisafe

----- target functions

__skb_queue_after

----- target functions

trace_wbc_writepage

----- target functions

alloc_skb_with_frags

----- target functions

sk_set_bit

----- target functions

sidtab_search_core

----- target functions

__owner_task

----- target functions

clockevent_state_shutdown
is llm enable: 1
close range: 2
here
here
here
here
here
here
here
here
here
here
13 CURRENT TARGET FUNCTIONS: 
__io_uring_add_tctx_node
write target_functions.txt
b'close function: __io_uring_add_tctx_node\nclose function: __io_uring_add_tctx_node_from_submit\nclose function: __io_uring_register\nclose function: io_ringfd_register\nclose function: io_uring_add_tctx_node\nclose function: io_uring_create\nclose function: io_uring_setup\ncurrent function name file path: /home/clexma/Desktop/fox3/fuzzing/linuxRepo//linux_new/io_uring/tctx.c\nline range: \nfrom: 253 to: 310\ncurrent function name file path: NOT FOUND\nNOT FOUND\nline range: \nfrom: -1 to: -1\ncurrent function name file path: /home/clexma/Desktop/fox3/fuzzing/linuxRepo//linux_new/io_uring/tctx.c\nline range: \nfrom: 94 to: 134\ncurrent function name file path: /home/clexma/Desktop/fox3/fuzzing/linuxRepo//linux_new/io_uring/io_uring.c\nline range: \nfrom: 3666 to: 3673\ncurrent function name file path: /home/clexma/Desktop/fox3/fuzzing/linuxRepo//linux_new/io_uring/register.c\nline range: \nfrom: 389 to: 571\ncurrent function name file path: /home/clexma/Desktop/fox3/fuzzing/linuxRepo//linux_new/io_uring/tctx.c\nline range: \nfrom: 136 to: 150\ncurrent function name file path: /home/clexma/Desktop/fox3/fuzzing/linuxRepo//linux_new/io_uring/io_uring.c\nline range: \nfrom: 3410 to: 3615\nLLM ENABLED\nCLOSE RANGE: 2\npython3 chat_interface.py init __io_uring_add_tctx_node\ninit output: 1 syscall analysis for __io_uring_add_tctx_node : ----------------------------\n[io_uring_enter, io_uring_register, io_uring_setup]\nInit LLM result:\nio_uring_enter\nio_uring_register\nio_uring_setup\n\ninit error: \n/home/clexma/Desktop/fox3/fuzzing/ChatAnalyzer\npython3 chat_interface.py close __io_uring_add_tctx_node 2\n/home/clexma/Desktop/fox3/fuzzing/linuxRepo/line2addr\npython3 ./addr_extractor.py ./input_functions.txt\nfuzzing terminate, time bound reach\n'
b'close function: __io_uring_add_tctx_node\nclose function: __io_uring_add_tctx_node_from_submit\nclose function: __io_uring_register\nclose function: io_ringfd_register\nclose function: io_uring_add_tctx_node\nclose function: io_uring_create\nclose function: io_uring_setup\ncurrent function name file path: /home/clexma/Desktop/fox3/fuzzing/linuxRepo//linux_new/io_uring/tctx.c\nline range: \nfrom: 253 to: 310\ncurrent function name file path: NOT FOUND\nNOT FOUND\nline range: \nfrom: -1 to: -1\ncurrent function name file path: /home/clexma/Desktop/fox3/fuzzing/linuxRepo//linux_new/io_uring/tctx.c\nline range: \nfrom: 94 to: 134\ncurrent function name file path: /home/clexma/Desktop/fox3/fuzzing/linuxRepo//linux_new/io_uring/io_uring.c\nline range: \nfrom: 3666 to: 3673\ncurrent function name file path: /home/clexma/Desktop/fox3/fuzzing/linuxRepo//linux_new/io_uring/register.c\nline range: \nfrom: 389 to: 571\ncurrent function name file path: /home/clexma/Desktop/fox3/fuzzing/linuxRepo//linux_new/io_uring/tctx.c\nline range: \nfrom: 136 to: 150\ncurrent function name file path: /home/clexma/Desktop/fox3/fuzzing/linuxRepo//linux_new/io_uring/io_uring.c\nline range: \nfrom: 3410 to: 3615\nLLM ENABLED\nCLOSE RANGE: 2\npython3 chat_interface.py init __io_uring_add_tctx_node\ninit output: 1 syscall analysis for __io_uring_add_tctx_node : ----------------------------\n[io_uring_enter, io_uring_register, io_uring_setup]\nInit LLM result:\nio_uring_enter\nio_uring_register\nio_uring_setup\n\ninit error: \n/home/clexma/Desktop/fox3/fuzzing/ChatAnalyzer\npython3 chat_interface.py close __io_uring_add_tctx_node 2\n/home/clexma/Desktop/fox3/fuzzing/linuxRepo/line2addr\npython3 ./addr_extractor.py ./input_functions.txt\nfuzzing terminate, time bound reach\n'
b'usage: line2addr.py [-h] --binary BINARY [--json-db] [--file FILE]\n                    [--line LINE] [--directory DIRECTORY]\n                    [--base-address BASE_ADDRESS] [--dwarf]\nline2addr.py: error: unrecognized arguments: FOUND\nTraceback (most recent call last):\n  File "/home/clexma/Desktop/fox3/fuzzing/./run_experiment.py", line 128, in <module>\n    syzkaller_proc.wait(timeout=syzkaller_time_out)\n  File "/usr/lib/python3.10/subprocess.py", line 1209, in wait\n    return self._wait(timeout=timeout)\n  File "/usr/lib/python3.10/subprocess.py", line 1951, in _wait\n    raise TimeoutExpired(self.args, timeout)\nsubprocess.TimeoutExpired: Command \'[\'sudo\', \'-s\', \'./bin/syz-manager\', \'-config\', \'./my.cfg\']\' timed out after 7200 seconds\n\nDuring handling of the above exception, another exception occurred:\n\nTraceback (most recent call last):\n  File "/home/clexma/Desktop/fox3/fuzzing/./run_experiment.py", line 132, in <module>\n    kill_process_tree(syzkaller_proc.pid)\n  File "/home/clexma/Desktop/fox3/fuzzing/./run_experiment.py", line 14, in kill_process_tree\n    os.kill(child.pid, sig)\nPermissionError: [Errno 1] Operation not permitted\n'
python3 ./run_experiment.py copy 13
14 CURRENT TARGET FUNCTIONS: 
keyring_ptr_to_key
write target_functions.txt
mkdir in /home/clexma/Desktop/fox3/fuzzing
mkdir ./experiment_result/temp/14
cp -rf ./ChatAnalyzer/pathsFile.txt ./ChatAnalyzer/path_source_code.txt ./target_functions.txt ./ChatAnalyzer/syz_comm_content.txt ./ChatAnalyzer/syz_comm_sig.txt ./linuxRepo/line2addr/input_functions.txt ./linuxRepo/line2addr/func2addr_info.txt ./linuxRepo/line2addr/result_addr_info.txt  ./experiment_result/temp/14
cp ./target_functions.txt ./experiment_result/temp/14
cp ./syzkaller/experiment_output_llmenabled.txt ./experiment_result/temp/14
b'close function: __key_create_or_update\nclose function: find_key_to_update\nclose function: keyring_compare_object\nclose function: keyring_detect_cycle\nclose function: keyring_detect_cycle_iterator\nclose function: keyring_diff_objects\nclose function: keyring_free_object\nclose function: keyring_gc_check_iterator\nclose function: keyring_gc_select_iterator\nclose function: keyring_get_object_key_chunk\nclose function: keyring_ptr_to_key\nclose function: keyring_read_iterator\nclose function: keyring_search_iterator\nclose function: keyring_search_rcu\nclose function: search_nested_keyrings\ncurrent function name file path: /home/clexma/Desktop/fox3/fuzzing/linuxRepo//linux_new/security/keys/key.c\nline range: \nfrom: 803 to: 983\ncurrent function name file path: /home/clexma/Desktop/fox3/fuzzing/linuxRepo//linux_new/security/keys/keyring.c\nline range: \nfrom: 40 to: 44\ncurrent function name file path: /home/clexma/Desktop/fox3/fuzzing/linuxRepo//linux_new/security/keys/keyring.c\nline range: \nfrom: 303 to: 307\ncurrent function name file path: /home/clexma/Desktop/fox3/fuzzing/linuxRepo//linux_new/security/keys/keyring.c\nline range: \nfrom: 1690 to: 1699\ncurrent function name file path: /home/clexma/Desktop/fox3/fuzzing/linuxRepo//linux_new/security/keys/keyring.c\nline range: \nfrom: 458 to: 472\ncurrent function name file path: /home/clexma/Desktop/fox3/fuzzing/linuxRepo//linux_new/security/keys/keyring.c\nline range: \nfrom: 1701 to: 1708\ncurrent function name file path: /home/clexma/Desktop/fox3/fuzzing/linuxRepo//linux_new/security/keys/keyring.c\nline range: \nfrom: 574 to: 639\ncurrent function name file path: /home/clexma/Desktop/fox3/fuzzing/linuxRepo//linux_new/security/keys/keyring.c\nline range: \nfrom: 899 to: 925\ncurrent function name file path: /home/clexma/Desktop/fox3/fuzzing/linuxRepo//linux_new/security/keys/keyring.c\nline range: \nfrom: 663 to: 863\ncurrent function name file path: /home/clexma/Desktop/fox3/fuzzing/linuxRepo//linux_new/security/keys/keyring.c\nline range: \nfrom: 1213 to: 1231\ncurrent function name file path: /home/clexma/Desktop/fox3/fuzzing/linuxRepo//linux_new/security/keys/keyring.c\nline range: \nfrom: 387 to: 390\ncurrent function name file path: /home/clexma/Desktop/fox3/fuzzing/linuxRepo//linux_new/security/keys/keyring.c\nline range: \nfrom: 1189 to: 1204\ncurrent function name file path: /home/clexma/Desktop/fox3/fuzzing/linuxRepo//linux_new/security/keys/keyring.c\nline range: \nfrom: 309 to: 319\ncurrent function name file path: /home/clexma/Desktop/fox3/fuzzing/linuxRepo//linux_new/security/keys/keyring.c\nline range: \nfrom: 325 to: 382\ncurrent function name file path: /home/clexma/Desktop/fox3/fuzzing/linuxRepo//linux_new/security/keys/keyring.c\nline range: \nfrom: 1098 to: 1128\nLLM ENABLED\nCLOSE RANGE: 2\npython3 chat_interface.py init keyring_ptr_to_key\ninit output: 1 syscall analysis for keyring_ptr_to_key : ----------------------------\n[add_key, keyctl]\nInit LLM result:\nadd_key\nkeyctl\n\ninit error: \n/home/clexma/Desktop/fox3/fuzzing/ChatAnalyzer\npython3 chat_interface.py close keyring_ptr_to_key 2\n/home/clexma/Desktop/fox3/fuzzing/linuxRepo/line2addr\npython3 ./addr_extractor.py ./input_functions.txt\nfuzzing terminate, time bound reach\n'
b'close function: __key_create_or_update\nclose function: find_key_to_update\nclose function: keyring_compare_object\nclose function: keyring_detect_cycle\nclose function: keyring_detect_cycle_iterator\nclose function: keyring_diff_objects\nclose function: keyring_free_object\nclose function: keyring_gc_check_iterator\nclose function: keyring_gc_select_iterator\nclose function: keyring_get_object_key_chunk\nclose function: keyring_ptr_to_key\nclose function: keyring_read_iterator\nclose function: keyring_search_iterator\nclose function: keyring_search_rcu\nclose function: search_nested_keyrings\ncurrent function name file path: /home/clexma/Desktop/fox3/fuzzing/linuxRepo//linux_new/security/keys/key.c\nline range: \nfrom: 803 to: 983\ncurrent function name file path: /home/clexma/Desktop/fox3/fuzzing/linuxRepo//linux_new/security/keys/keyring.c\nline range: \nfrom: 40 to: 44\ncurrent function name file path: /home/clexma/Desktop/fox3/fuzzing/linuxRepo//linux_new/security/keys/keyring.c\nline range: \nfrom: 303 to: 307\ncurrent function name file path: /home/clexma/Desktop/fox3/fuzzing/linuxRepo//linux_new/security/keys/keyring.c\nline range: \nfrom: 1690 to: 1699\ncurrent function name file path: /home/clexma/Desktop/fox3/fuzzing/linuxRepo//linux_new/security/keys/keyring.c\nline range: \nfrom: 458 to: 472\ncurrent function name file path: /home/clexma/Desktop/fox3/fuzzing/linuxRepo//linux_new/security/keys/keyring.c\nline range: \nfrom: 1701 to: 1708\ncurrent function name file path: /home/clexma/Desktop/fox3/fuzzing/linuxRepo//linux_new/security/keys/keyring.c\nline range: \nfrom: 574 to: 639\ncurrent function name file path: /home/clexma/Desktop/fox3/fuzzing/linuxRepo//linux_new/security/keys/keyring.c\nline range: \nfrom: 899 to: 925\ncurrent function name file path: /home/clexma/Desktop/fox3/fuzzing/linuxRepo//linux_new/security/keys/keyring.c\nline range: \nfrom: 663 to: 863\ncurrent function name file path: /home/clexma/Desktop/fox3/fuzzing/linuxRepo//linux_new/security/keys/keyring.c\nline range: \nfrom: 1213 to: 1231\ncurrent function name file path: /home/clexma/Desktop/fox3/fuzzing/linuxRepo//linux_new/security/keys/keyring.c\nline range: \nfrom: 387 to: 390\ncurrent function name file path: /home/clexma/Desktop/fox3/fuzzing/linuxRepo//linux_new/security/keys/keyring.c\nline range: \nfrom: 1189 to: 1204\ncurrent function name file path: /home/clexma/Desktop/fox3/fuzzing/linuxRepo//linux_new/security/keys/keyring.c\nline range: \nfrom: 309 to: 319\ncurrent function name file path: /home/clexma/Desktop/fox3/fuzzing/linuxRepo//linux_new/security/keys/keyring.c\nline range: \nfrom: 325 to: 382\ncurrent function name file path: /home/clexma/Desktop/fox3/fuzzing/linuxRepo//linux_new/security/keys/keyring.c\nline range: \nfrom: 1098 to: 1128\nLLM ENABLED\nCLOSE RANGE: 2\npython3 chat_interface.py init keyring_ptr_to_key\ninit output: 1 syscall analysis for keyring_ptr_to_key : ----------------------------\n[add_key, keyctl]\nInit LLM result:\nadd_key\nkeyctl\n\ninit error: \n/home/clexma/Desktop/fox3/fuzzing/ChatAnalyzer\npython3 chat_interface.py close keyring_ptr_to_key 2\n/home/clexma/Desktop/fox3/fuzzing/linuxRepo/line2addr\npython3 ./addr_extractor.py ./input_functions.txt\nfuzzing terminate, time bound reach\n'
b'Traceback (most recent call last):\n  File "/home/clexma/Desktop/fox3/fuzzing/./run_experiment.py", line 128, in <module>\n    syzkaller_proc.wait(timeout=syzkaller_time_out)\n  File "/usr/lib/python3.10/subprocess.py", line 1209, in wait\n    return self._wait(timeout=timeout)\n  File "/usr/lib/python3.10/subprocess.py", line 1951, in _wait\n    raise TimeoutExpired(self.args, timeout)\nsubprocess.TimeoutExpired: Command \'[\'sudo\', \'-s\', \'./bin/syz-manager\', \'-config\', \'./my.cfg\']\' timed out after 7200 seconds\n\nDuring handling of the above exception, another exception occurred:\n\nTraceback (most recent call last):\n  File "/home/clexma/Desktop/fox3/fuzzing/./run_experiment.py", line 132, in <module>\n    kill_process_tree(syzkaller_proc.pid)\n  File "/home/clexma/Desktop/fox3/fuzzing/./run_experiment.py", line 14, in kill_process_tree\n    os.kill(child.pid, sig)\nPermissionError: [Errno 1] Operation not permitted\n'
python3 ./run_experiment.py copy 14
15 CURRENT TARGET FUNCTIONS: 
mnt_get_writers
write target_functions.txt
mkdir in /home/clexma/Desktop/fox3/fuzzing
mkdir ./experiment_result/temp/15
cp -rf ./ChatAnalyzer/pathsFile.txt ./ChatAnalyzer/path_source_code.txt ./target_functions.txt ./ChatAnalyzer/syz_comm_content.txt ./ChatAnalyzer/syz_comm_sig.txt ./linuxRepo/line2addr/input_functions.txt ./linuxRepo/line2addr/func2addr_info.txt ./linuxRepo/line2addr/result_addr_info.txt  ./experiment_result/temp/15
cp ./target_functions.txt ./experiment_result/temp/15
cp ./syzkaller/experiment_output_llmenabled.txt ./experiment_result/temp/15
b'close function: __cleanup_mnt\nclose function: cleanup_mnt\nclose function: delayed_mntput\nclose function: mnt_get_writers\nclose function: mnt_hold_writers\nclose function: mnt_make_readonly\nclose function: mntput_no_expire\nclose function: mount_setattr_prepare\nclose function: sb_prepare_remount_readonly\ncurrent function name file path: /home/clexma/Desktop/fox3/fuzzing/linuxRepo//linux_new/fs/namespace.c\nline range: \nfrom: 1247 to: 1270\ncurrent function name file path: /home/clexma/Desktop/fox3/fuzzing/linuxRepo//linux_new/fs/namespace.c\nline range: \nfrom: 4345 to: 4392\ncurrent function name file path: /home/clexma/Desktop/fox3/fuzzing/linuxRepo//linux_new/fs/namespace.c\nline range: \nfrom: 587 to: 616\ncurrent function name file path: /home/clexma/Desktop/fox3/fuzzing/linuxRepo//linux_new/fs/namespace.c\nline range: \nfrom: 576 to: 585\ncurrent function name file path: /home/clexma/Desktop/fox3/fuzzing/linuxRepo//linux_new/fs/namespace.c\nline range: \nfrom: 523 to: 552\ncurrent function name file path: /home/clexma/Desktop/fox3/fuzzing/linuxRepo//linux_new/fs/namespace.c\nline range: \nfrom: 1288 to: 1354\ncurrent function name file path: /home/clexma/Desktop/fox3/fuzzing/linuxRepo//linux_new/fs/namespace.c\nline range: \nfrom: 299 to: 313\ncurrent function name file path: /home/clexma/Desktop/fox3/fuzzing/linuxRepo//linux_new/fs/namespace.c\nline range: \nfrom: 1278 to: 1285\ncurrent function name file path: /home/clexma/Desktop/fox3/fuzzing/linuxRepo//linux_new/fs/namespace.c\nline range: \nfrom: 1272 to: 1275\nLLM ENABLED\nCLOSE RANGE: 2\npython3 chat_interface.py init mnt_get_writers\ninit output: 1 syscall analysis for mnt_get_writers : ----------------------------\n[pivot_root, move_mount, mount_setattr]\nInit LLM result:\npivot_root\nmove_mount\nmount_setattr\n\ninit error: \n/home/clexma/Desktop/fox3/fuzzing/ChatAnalyzer\npython3 chat_interface.py close mnt_get_writers 2\n/home/clexma/Desktop/fox3/fuzzing/linuxRepo/line2addr\npython3 ./addr_extractor.py ./input_functions.txt\nfuzzing terminate, time bound reach\n'
b'close function: __cleanup_mnt\nclose function: cleanup_mnt\nclose function: delayed_mntput\nclose function: mnt_get_writers\nclose function: mnt_hold_writers\nclose function: mnt_make_readonly\nclose function: mntput_no_expire\nclose function: mount_setattr_prepare\nclose function: sb_prepare_remount_readonly\ncurrent function name file path: /home/clexma/Desktop/fox3/fuzzing/linuxRepo//linux_new/fs/namespace.c\nline range: \nfrom: 1247 to: 1270\ncurrent function name file path: /home/clexma/Desktop/fox3/fuzzing/linuxRepo//linux_new/fs/namespace.c\nline range: \nfrom: 4345 to: 4392\ncurrent function name file path: /home/clexma/Desktop/fox3/fuzzing/linuxRepo//linux_new/fs/namespace.c\nline range: \nfrom: 587 to: 616\ncurrent function name file path: /home/clexma/Desktop/fox3/fuzzing/linuxRepo//linux_new/fs/namespace.c\nline range: \nfrom: 576 to: 585\ncurrent function name file path: /home/clexma/Desktop/fox3/fuzzing/linuxRepo//linux_new/fs/namespace.c\nline range: \nfrom: 523 to: 552\ncurrent function name file path: /home/clexma/Desktop/fox3/fuzzing/linuxRepo//linux_new/fs/namespace.c\nline range: \nfrom: 1288 to: 1354\ncurrent function name file path: /home/clexma/Desktop/fox3/fuzzing/linuxRepo//linux_new/fs/namespace.c\nline range: \nfrom: 299 to: 313\ncurrent function name file path: /home/clexma/Desktop/fox3/fuzzing/linuxRepo//linux_new/fs/namespace.c\nline range: \nfrom: 1278 to: 1285\ncurrent function name file path: /home/clexma/Desktop/fox3/fuzzing/linuxRepo//linux_new/fs/namespace.c\nline range: \nfrom: 1272 to: 1275\nLLM ENABLED\nCLOSE RANGE: 2\npython3 chat_interface.py init mnt_get_writers\ninit output: 1 syscall analysis for mnt_get_writers : ----------------------------\n[pivot_root, move_mount, mount_setattr]\nInit LLM result:\npivot_root\nmove_mount\nmount_setattr\n\ninit error: \n/home/clexma/Desktop/fox3/fuzzing/ChatAnalyzer\npython3 chat_interface.py close mnt_get_writers 2\n/home/clexma/Desktop/fox3/fuzzing/linuxRepo/line2addr\npython3 ./addr_extractor.py ./input_functions.txt\nfuzzing terminate, time bound reach\n'
b'Traceback (most recent call last):\n  File "/home/clexma/Desktop/fox3/fuzzing/./run_experiment.py", line 128, in <module>\n    syzkaller_proc.wait(timeout=syzkaller_time_out)\n  File "/usr/lib/python3.10/subprocess.py", line 1209, in wait\n    return self._wait(timeout=timeout)\n  File "/usr/lib/python3.10/subprocess.py", line 1951, in _wait\n    raise TimeoutExpired(self.args, timeout)\nsubprocess.TimeoutExpired: Command \'[\'sudo\', \'-s\', \'./bin/syz-manager\', \'-config\', \'./my.cfg\']\' timed out after 7200 seconds\n\nDuring handling of the above exception, another exception occurred:\n\nTraceback (most recent call last):\n  File "/home/clexma/Desktop/fox3/fuzzing/./run_experiment.py", line 132, in <module>\n    kill_process_tree(syzkaller_proc.pid)\n  File "/home/clexma/Desktop/fox3/fuzzing/./run_experiment.py", line 14, in kill_process_tree\n    os.kill(child.pid, sig)\nPermissionError: [Errno 1] Operation not permitted\n'
python3 ./run_experiment.py copy 15
16 CURRENT TARGET FUNCTIONS: 
futex_requeue_pi_prepare
write target_functions.txt
b'close function: do_futex\nclose function: futex_proxy_trylock_atomic\nclose function: futex_requeue\nclose function: futex_requeue_pi_prepare\ncurrent function name file path: /home/clexma/Desktop/fox3/fuzzing/linuxRepo//linux_new/kernel/futex/syscalls.c\nline range: \nfrom: 414 to: 439\ncurrent function name file path: /home/clexma/Desktop/fox3/fuzzing/linuxRepo//linux_new/kernel/futex/requeue.c\nline range: \nfrom: 269 to: 346\ncurrent function name file path: /home/clexma/Desktop/fox3/fuzzing/linuxRepo//linux_new/kernel/futex/syscalls.c\nline range: \nfrom: 84 to: 131\ncurrent function name file path: /home/clexma/Desktop/fox3/fuzzing/linuxRepo//linux_new/kernel/futex/requeue.c\nline range: \nfrom: 94 to: 125\nLLM ENABLED\nCLOSE RANGE: 2\npython3 chat_interface.py init futex_requeue_pi_prepare\ninit output: 1 syscall analysis for futex_requeue_pi_prepare : ----------------------------\n[FUTEX_WAIT_REQUEUE_PI, FUTEX_CMP_REQUEUE_PI]\nInit LLM result:\nFUTEX_WAIT_REQUEUE_PI\nFUTEX_CMP_REQUEUE_PI\n\ninit error: \n/home/clexma/Desktop/fox3/fuzzing/ChatAnalyzer\npython3 chat_interface.py close futex_requeue_pi_prepare 2\n/home/clexma/Desktop/fox3/fuzzing/linuxRepo/line2addr\npython3 ./addr_extractor.py ./input_functions.txt\nfuzzing terminate, time bound reach\n'
b'close function: do_futex\nclose function: futex_proxy_trylock_atomic\nclose function: futex_requeue\nclose function: futex_requeue_pi_prepare\ncurrent function name file path: /home/clexma/Desktop/fox3/fuzzing/linuxRepo//linux_new/kernel/futex/syscalls.c\nline range: \nfrom: 414 to: 439\ncurrent function name file path: /home/clexma/Desktop/fox3/fuzzing/linuxRepo//linux_new/kernel/futex/requeue.c\nline range: \nfrom: 269 to: 346\ncurrent function name file path: /home/clexma/Desktop/fox3/fuzzing/linuxRepo//linux_new/kernel/futex/syscalls.c\nline range: \nfrom: 84 to: 131\ncurrent function name file path: /home/clexma/Desktop/fox3/fuzzing/linuxRepo//linux_new/kernel/futex/requeue.c\nline range: \nfrom: 94 to: 125\nLLM ENABLED\nCLOSE RANGE: 2\npython3 chat_interface.py init futex_requeue_pi_prepare\ninit output: 1 syscall analysis for futex_requeue_pi_prepare : ----------------------------\n[FUTEX_WAIT_REQUEUE_PI, FUTEX_CMP_REQUEUE_PI]\nInit LLM result:\nFUTEX_WAIT_REQUEUE_PI\nFUTEX_CMP_REQUEUE_PI\n\ninit error: \n/home/clexma/Desktop/fox3/fuzzing/ChatAnalyzer\npython3 chat_interface.py close futex_requeue_pi_prepare 2\n/home/clexma/Desktop/fox3/fuzzing/linuxRepo/line2addr\npython3 ./addr_extractor.py ./input_functions.txt\nfuzzing terminate, time bound reach\n'
mkdir in /home/clexma/Desktop/fox3/fuzzing
mkdir ./experiment_result/temp/16
cp -rf ./ChatAnalyzer/pathsFile.txt ./ChatAnalyzer/path_source_code.txt ./target_functions.txt ./ChatAnalyzer/syz_comm_content.txt ./ChatAnalyzer/syz_comm_sig.txt ./linuxRepo/line2addr/input_functions.txt ./linuxRepo/line2addr/func2addr_info.txt ./linuxRepo/line2addr/result_addr_info.txt  ./experiment_result/temp/16
cp ./target_functions.txt ./experiment_result/temp/16
cp ./syzkaller/experiment_output_llmenabled.txt ./experiment_result/temp/16
mkdir in /home/clexma/Desktop/fox3/fuzzing
mkdir ./experiment_result/temp/23
cp -rf ./ChatAnalyzer/pathsFile.txt ./ChatAnalyzer/path_source_code.txt ./target_functions.txt ./ChatAnalyzer/syz_comm_content.txt ./ChatAnalyzer/syz_comm_sig.txt ./linuxRepo/line2addr/input_functions.txt ./linuxRepo/line2addr/func2addr_info.txt ./linuxRepo/line2addr/result_addr_info.txt  ./experiment_result/temp/23
cp ./target_functions.txt ./experiment_result/temp/23
cp ./syzkaller/experiment_output_llmenabled.txt ./experiment_result/temp/23
START EXP
----- target functions

fscontext_create_fd

----- target functions

stable_page_flags

----- target functions

ksys_semctl

----- target functions

mmgrab

----- target functions

__sys_setfsgid

----- target functions

do_sched_yield

----- target functions

access_pidfd_pidns

----- target functions

vm_acct_memory

----- target functions

__shmem_file_setup

----- target functions

inc_cluster_info_page

----- target functions

io_register_iowq_max_workers

----- target functions

__anon_inode_getfile

----- target functions

copy_fsxattr_from_user

----- target functions

__io_uring_add_tctx_node

----- target functions

keyring_ptr_to_key

----- target functions

mnt_get_writers

----- target functions

futex_requeue_pi_prepare

----- target functions

wait_for_device_probe

----- target functions

memcpy_to_page

----- target functions

task_clear_jobctl_trapping

----- target functions

__io_put_kbuf

----- target functions

bio_discard_limit

----- target functions

ptr_set_bit

----- target functions

kimage_is_destination_range

----- target functions

find_lock_entries

----- target functions

fsnotify_data_sb

----- target functions

security_inode_setxattr

----- target functions

relocate_restore_code

----- target functions

free_partitions

----- target functions

bpf_prog_free

----- target functions

xol_free_insn_slot

----- target functions

locks_delete_global_blocked

----- target functions

pmd_none_or_clear_bad

----- target functions

__hugetlb_cgroup_uncharge_folio

----- target functions

__submit_bio_noacct_mq

----- target functions

srcu_read_lock_nmisafe

----- target functions

__skb_queue_after

----- target functions

trace_wbc_writepage

----- target functions

alloc_skb_with_frags

----- target functions

sk_set_bit

----- target functions

sidtab_search_core

----- target functions

__owner_task

----- target functions

clockevent_state_shutdown
is llm enable: 1
close range: 2
here
here
23 CURRENT TARGET FUNCTIONS: 
access_pidfd_pidns
write target_functions.txt
b'close function: access_pidfd_pidns\ncurrent function name file path: /home/clexma/Desktop/fox3/fuzzing/linuxRepo//linux_new/kernel/signal.c\nline range: \nfrom: 3840 to: 3854\nLLM ENABLED\nCLOSE RANGE: 2\npython3 chat_interface.py init access_pidfd_pidns\ninit output: 1 syscall analysis for access_pidfd_pidns : ----------------------------\n[pidfd_send_signal]\nInit LLM result:\npidfd_send_signal\n\ninit error: \n/home/clexma/Desktop/fox3/fuzzing/ChatAnalyzer\npython3 chat_interface.py close access_pidfd_pidns 2\n/home/clexma/Desktop/fox3/fuzzing/linuxRepo/line2addr\npython3 ./addr_extractor.py ./input_functions.txt\nfuzzing terminate, time bound reach\n'
b'close function: access_pidfd_pidns\ncurrent function name file path: /home/clexma/Desktop/fox3/fuzzing/linuxRepo//linux_new/kernel/signal.c\nline range: \nfrom: 3840 to: 3854\nLLM ENABLED\nCLOSE RANGE: 2\npython3 chat_interface.py init access_pidfd_pidns\ninit output: 1 syscall analysis for access_pidfd_pidns : ----------------------------\n[pidfd_send_signal]\nInit LLM result:\npidfd_send_signal\n\ninit error: \n/home/clexma/Desktop/fox3/fuzzing/ChatAnalyzer\npython3 chat_interface.py close access_pidfd_pidns 2\n/home/clexma/Desktop/fox3/fuzzing/linuxRepo/line2addr\npython3 ./addr_extractor.py ./input_functions.txt\nfuzzing terminate, time bound reach\n'
b'Traceback (most recent call last):\n  File "/home/clexma/Desktop/fox3/fuzzing/./run_experiment.py", line 128, in <module>\n    syzkaller_proc.wait(timeout=syzkaller_time_out)\n  File "/usr/lib/python3.10/subprocess.py", line 1209, in wait\n    return self._wait(timeout=timeout)\n  File "/usr/lib/python3.10/subprocess.py", line 1951, in _wait\n    raise TimeoutExpired(self.args, timeout)\nsubprocess.TimeoutExpired: Command \'[\'sudo\', \'-s\', \'./bin/syz-manager\', \'-config\', \'./my.cfg\']\' timed out after 7200 seconds\n\nDuring handling of the above exception, another exception occurred:\n\nTraceback (most recent call last):\n  File "/home/clexma/Desktop/fox3/fuzzing/./run_experiment.py", line 132, in <module>\n    kill_process_tree(syzkaller_proc.pid)\n  File "/home/clexma/Desktop/fox3/fuzzing/./run_experiment.py", line 14, in kill_process_tree\n    os.kill(child.pid, sig)\nPermissionError: [Errno 1] Operation not permitted\n'
python3 ./run_experiment.py copy 23
24 CURRENT TARGET FUNCTIONS: 
vm_acct_memory
write target_functions.txt
b'close function: __vm_enough_memory\nclose function: do_brk_flags\nclose function: dup_mmap\nclose function: exit_mmap\nclose function: insert_vm_struct\nclose function: mmap_region\nclose function: move_vma\nclose function: mprotect_fixup\nclose function: mremap_to\nclose function: remove_mt\nclose function: security_vm_enough_memory_mm\nclose function: shmem_reacct_size\nclose function: shmem_unacct_blocks\nclose function: shmem_unacct_size\nclose function: vm_acct_memory\nclose function: vm_unacct_memory\ncurrent function name file path: /home/clexma/Desktop/fox3/fuzzing/linuxRepo//linux_new/mm/shmem.c\nline range: \nfrom: 170 to: 174\ncurrent function name file path: /home/clexma/Desktop/fox3/fuzzing/linuxRepo//linux_new/kernel/fork.c\nline range: \nfrom: 628 to: 792\ncurrent function name file path: /home/clexma/Desktop/fox3/fuzzing/linuxRepo//linux_new/mm/mprotect.c\nline range: \nfrom: 578 to: 676\ncurrent function name file path: /home/clexma/Desktop/fox3/fuzzing/linuxRepo//linux_new/mm/mremap.c\nline range: \nfrom: 650 to: 811\ncurrent function name file path: /home/clexma/Desktop/fox3/fuzzing/linuxRepo//linux_new/mm/mmap.c\nline range: \nfrom: 2321 to: 2337\ncurrent function name file path: /home/clexma/Desktop/fox3/fuzzing/linuxRepo//linux_new/mm/mremap.c\nline range: \nfrom: 867 to: 952\ncurrent function name file path: /home/clexma/Desktop/fox3/fuzzing/linuxRepo//linux_new/mm/shmem.c\nline range: \nfrom: 176 to: 187\ncurrent function name file path: /home/clexma/Desktop/fox3/fuzzing/linuxRepo//linux_new/mm/mmap.c\nline range: \nfrom: 3355 to: 3391\ncurrent function name file path: /home/clexma/Desktop/fox3/fuzzing/linuxRepo//linux_new/mm/mmap.c\nline range: \nfrom: 2760 to: 3005\ncurrent function name file path: NOT FOUND\nNOT FOUND\nline range: \nfrom: -1 to: -1\ncurrent function name file path: /home/clexma/Desktop/fox3/fuzzing/linuxRepo//linux_new/security/security.c\nline range: \nfrom: 1111 to: 1132\ncurrent function name file path: /home/clexma/Desktop/fox3/fuzzing/linuxRepo//linux_new/mm/shmem.c\nline range: \nfrom: 204 to: 208\ncurrent function name file path: /home/clexma/Desktop/fox3/fuzzing/linuxRepo//linux_new/mm/mmap.c\nline range: \nfrom: 3285 to: 3349\ncurrent function name file path: /home/clexma/Desktop/fox3/fuzzing/linuxRepo//linux_new/mm/mmap.c\nline range: \nfrom: 3158 to: 3235\ncurrent function name file path: NOT FOUND\nNOT FOUND\nline range: \nfrom: -1 to: -1\ncurrent function name file path: /home/clexma/Desktop/fox3/fuzzing/linuxRepo//linux_new/mm/util.c\nline range: \nfrom: 959 to: 1003\nLLM ENABLED\nCLOSE RANGE: 2\npython3 chat_interface.py init vm_acct_memory\ninit output: 1 syscall analysis for vm_acct_memory : ----------------------------\n[mremap, swapoff, osf_brk, sparc_remap_file_pages, mprotect, pkey_mprotect]\nInit LLM result:\nmremap\nswapoff\nosf_brk\nsparc_remap_file_pages\nmprotect\npkey_mprotect\n\ninit error: \n/home/clexma/Desktop/fox3/fuzzing/ChatAnalyzer\npython3 chat_interface.py close vm_acct_memory 2\n/home/clexma/Desktop/fox3/fuzzing/linuxRepo/line2addr\npython3 ./addr_extractor.py ./input_functions.txt\nfuzzing terminate, time bound reach\n'
mkdir in /home/clexma/Desktop/fox3/fuzzing
mkdir ./experiment_result/temp/24
cp -rf ./ChatAnalyzer/pathsFile.txt ./ChatAnalyzer/path_source_code.txt ./target_functions.txt ./ChatAnalyzer/syz_comm_content.txt ./ChatAnalyzer/syz_comm_sig.txt ./linuxRepo/line2addr/input_functions.txt ./linuxRepo/line2addr/func2addr_info.txt ./linuxRepo/line2addr/result_addr_info.txt  ./experiment_result/temp/24
cp ./target_functions.txt ./experiment_result/temp/24
cp ./syzkaller/experiment_output_llmenabled.txt ./experiment_result/temp/24
b'close function: __vm_enough_memory\nclose function: do_brk_flags\nclose function: dup_mmap\nclose function: exit_mmap\nclose function: insert_vm_struct\nclose function: mmap_region\nclose function: move_vma\nclose function: mprotect_fixup\nclose function: mremap_to\nclose function: remove_mt\nclose function: security_vm_enough_memory_mm\nclose function: shmem_reacct_size\nclose function: shmem_unacct_blocks\nclose function: shmem_unacct_size\nclose function: vm_acct_memory\nclose function: vm_unacct_memory\ncurrent function name file path: /home/clexma/Desktop/fox3/fuzzing/linuxRepo//linux_new/mm/shmem.c\nline range: \nfrom: 170 to: 174\ncurrent function name file path: /home/clexma/Desktop/fox3/fuzzing/linuxRepo//linux_new/kernel/fork.c\nline range: \nfrom: 628 to: 792\ncurrent function name file path: /home/clexma/Desktop/fox3/fuzzing/linuxRepo//linux_new/mm/mprotect.c\nline range: \nfrom: 578 to: 676\ncurrent function name file path: /home/clexma/Desktop/fox3/fuzzing/linuxRepo//linux_new/mm/mremap.c\nline range: \nfrom: 650 to: 811\ncurrent function name file path: /home/clexma/Desktop/fox3/fuzzing/linuxRepo//linux_new/mm/mmap.c\nline range: \nfrom: 2321 to: 2337\ncurrent function name file path: /home/clexma/Desktop/fox3/fuzzing/linuxRepo//linux_new/mm/mremap.c\nline range: \nfrom: 867 to: 952\ncurrent function name file path: /home/clexma/Desktop/fox3/fuzzing/linuxRepo//linux_new/mm/shmem.c\nline range: \nfrom: 176 to: 187\ncurrent function name file path: /home/clexma/Desktop/fox3/fuzzing/linuxRepo//linux_new/mm/mmap.c\nline range: \nfrom: 3355 to: 3391\ncurrent function name file path: /home/clexma/Desktop/fox3/fuzzing/linuxRepo//linux_new/mm/mmap.c\nline range: \nfrom: 2760 to: 3005\ncurrent function name file path: NOT FOUND\nNOT FOUND\nline range: \nfrom: -1 to: -1\ncurrent function name file path: /home/clexma/Desktop/fox3/fuzzing/linuxRepo//linux_new/security/security.c\nline range: \nfrom: 1111 to: 1132\ncurrent function name file path: /home/clexma/Desktop/fox3/fuzzing/linuxRepo//linux_new/mm/shmem.c\nline range: \nfrom: 204 to: 208\ncurrent function name file path: /home/clexma/Desktop/fox3/fuzzing/linuxRepo//linux_new/mm/mmap.c\nline range: \nfrom: 3285 to: 3349\ncurrent function name file path: /home/clexma/Desktop/fox3/fuzzing/linuxRepo//linux_new/mm/mmap.c\nline range: \nfrom: 3158 to: 3235\ncurrent function name file path: NOT FOUND\nNOT FOUND\nline range: \nfrom: -1 to: -1\ncurrent function name file path: /home/clexma/Desktop/fox3/fuzzing/linuxRepo//linux_new/mm/util.c\nline range: \nfrom: 959 to: 1003\nLLM ENABLED\nCLOSE RANGE: 2\npython3 chat_interface.py init vm_acct_memory\ninit output: 1 syscall analysis for vm_acct_memory : ----------------------------\n[mremap, swapoff, osf_brk, sparc_remap_file_pages, mprotect, pkey_mprotect]\nInit LLM result:\nmremap\nswapoff\nosf_brk\nsparc_remap_file_pages\nmprotect\npkey_mprotect\n\ninit error: \n/home/clexma/Desktop/fox3/fuzzing/ChatAnalyzer\npython3 chat_interface.py close vm_acct_memory 2\n/home/clexma/Desktop/fox3/fuzzing/linuxRepo/line2addr\npython3 ./addr_extractor.py ./input_functions.txt\nfuzzing terminate, time bound reach\n'
b'usage: line2addr.py [-h] --binary BINARY [--json-db] [--file FILE]\n                    [--line LINE] [--directory DIRECTORY]\n                    [--base-address BASE_ADDRESS] [--dwarf]\nline2addr.py: error: unrecognized arguments: FOUND\nusage: line2addr.py [-h] --binary BINARY [--json-db] [--file FILE]\n                    [--line LINE] [--directory DIRECTORY]\n                    [--base-address BASE_ADDRESS] [--dwarf]\nline2addr.py: error: unrecognized arguments: FOUND\nTraceback (most recent call last):\n  File "/home/clexma/Desktop/fox3/fuzzing/./run_experiment.py", line 128, in <module>\n    syzkaller_proc.wait(timeout=syzkaller_time_out)\n  File "/usr/lib/python3.10/subprocess.py", line 1209, in wait\n    return self._wait(timeout=timeout)\n  File "/usr/lib/python3.10/subprocess.py", line 1951, in _wait\n    raise TimeoutExpired(self.args, timeout)\nsubprocess.TimeoutExpired: Command \'[\'sudo\', \'-s\', \'./bin/syz-manager\', \'-config\', \'./my.cfg\']\' timed out after 7200 seconds\n\nDuring handling of the above exception, another exception occurred:\n\nTraceback (most recent call last):\n  File "/home/clexma/Desktop/fox3/fuzzing/./run_experiment.py", line 132, in <module>\n    kill_process_tree(syzkaller_proc.pid)\n  File "/home/clexma/Desktop/fox3/fuzzing/./run_experiment.py", line 14, in kill_process_tree\n    os.kill(child.pid, sig)\nPermissionError: [Errno 1] Operation not permitted\n'
python3 ./run_experiment.py copy 24
here
here
here
here
here
32 CURRENT TARGET FUNCTIONS: 
mnt_get_writers
write target_functions.txt
b'close function: __cleanup_mnt\nclose function: cleanup_mnt\nclose function: delayed_mntput\nclose function: mnt_get_writers\nclose function: mnt_hold_writers\nclose function: mnt_make_readonly\nclose function: mntput_no_expire\nclose function: mount_setattr_prepare\nclose function: sb_prepare_remount_readonly\ncurrent function name file path: /home/clexma/Desktop/fox3/fuzzing/linuxRepo//linux_new/fs/namespace.c\nline range: \nfrom: 587 to: 616\ncurrent function name file path: /home/clexma/Desktop/fox3/fuzzing/linuxRepo//linux_new/fs/namespace.c\nline range: \nfrom: 4345 to: 4392\ncurrent function name file path: /home/clexma/Desktop/fox3/fuzzing/linuxRepo//linux_new/fs/namespace.c\nline range: \nfrom: 299 to: 313\ncurrent function name file path: /home/clexma/Desktop/fox3/fuzzing/linuxRepo//linux_new/fs/namespace.c\nline range: \nfrom: 1272 to: 1275\ncurrent function name file path: /home/clexma/Desktop/fox3/fuzzing/linuxRepo//linux_new/fs/namespace.c\nline range: \nfrom: 1247 to: 1270\ncurrent function name file path: /home/clexma/Desktop/fox3/fuzzing/linuxRepo//linux_new/fs/namespace.c\nline range: \nfrom: 1288 to: 1354\ncurrent function name file path: /home/clexma/Desktop/fox3/fuzzing/linuxRepo//linux_new/fs/namespace.c\nline range: \nfrom: 1278 to: 1285\ncurrent function name file path: /home/clexma/Desktop/fox3/fuzzing/linuxRepo//linux_new/fs/namespace.c\nline range: \nfrom: 576 to: 585\ncurrent function name file path: /home/clexma/Desktop/fox3/fuzzing/linuxRepo//linux_new/fs/namespace.c\nline range: \nfrom: 523 to: 552\nLLM ENABLED\nCLOSE RANGE: 2\npython3 chat_interface.py init mnt_get_writers\ninit output: 1 syscall analysis for mnt_get_writers : ----------------------------\n[pivot_root, move_mount, mount_setattr]\nInit LLM result:\npivot_root\nmove_mount\nmount_setattr\n\ninit error: \n/home/clexma/Desktop/fox3/fuzzing/ChatAnalyzer\npython3 chat_interface.py close mnt_get_writers 2\n/home/clexma/Desktop/fox3/fuzzing/linuxRepo/line2addr\npython3 ./addr_extractor.py ./input_functions.txt\nfuzzing terminate, time bound reach\n'
mkdir in /home/clexma/Desktop/fox3/fuzzing
mkdir ./experiment_result/temp/32
cp -rf ./ChatAnalyzer/pathsFile.txt ./ChatAnalyzer/path_source_code.txt ./target_functions.txt ./ChatAnalyzer/syz_comm_content.txt ./ChatAnalyzer/syz_comm_sig.txt ./linuxRepo/line2addr/input_functions.txt ./linuxRepo/line2addr/func2addr_info.txt ./linuxRepo/line2addr/result_addr_info.txt  ./experiment_result/temp/32
cp ./target_functions.txt ./experiment_result/temp/32
cp ./syzkaller/experiment_output_llmenabled.txt ./experiment_result/temp/32
mkdir in /home/clexma/Desktop/fox3/fuzzing
mkdir ./experiment_result/temp/38
cp -rf ./ChatAnalyzer/pathsFile.txt ./ChatAnalyzer/path_source_code.txt ./target_functions.txt ./ChatAnalyzer/syz_comm_content.txt ./ChatAnalyzer/syz_comm_sig.txt ./linuxRepo/line2addr/input_functions.txt ./linuxRepo/line2addr/func2addr_info.txt ./linuxRepo/line2addr/result_addr_info.txt  ./experiment_result/temp/38
cp ./target_functions.txt ./experiment_result/temp/38
cp ./syzkaller/experiment_output_llmenabled.txt ./experiment_result/temp/38
b'close function: __cleanup_mnt\nclose function: cleanup_mnt\nclose function: delayed_mntput\nclose function: mnt_get_writers\nclose function: mnt_hold_writers\nclose function: mnt_make_readonly\nclose function: mntput_no_expire\nclose function: mount_setattr_prepare\nclose function: sb_prepare_remount_readonly\ncurrent function name file path: /home/clexma/Desktop/fox3/fuzzing/linuxRepo//linux_new/fs/namespace.c\nline range: \nfrom: 587 to: 616\ncurrent function name file path: /home/clexma/Desktop/fox3/fuzzing/linuxRepo//linux_new/fs/namespace.c\nline range: \nfrom: 4345 to: 4392\ncurrent function name file path: /home/clexma/Desktop/fox3/fuzzing/linuxRepo//linux_new/fs/namespace.c\nline range: \nfrom: 299 to: 313\ncurrent function name file path: /home/clexma/Desktop/fox3/fuzzing/linuxRepo//linux_new/fs/namespace.c\nline range: \nfrom: 1272 to: 1275\ncurrent function name file path: /home/clexma/Desktop/fox3/fuzzing/linuxRepo//linux_new/fs/namespace.c\nline range: \nfrom: 1247 to: 1270\ncurrent function name file path: /home/clexma/Desktop/fox3/fuzzing/linuxRepo//linux_new/fs/namespace.c\nline range: \nfrom: 1288 to: 1354\ncurrent function name file path: /home/clexma/Desktop/fox3/fuzzing/linuxRepo//linux_new/fs/namespace.c\nline range: \nfrom: 1278 to: 1285\ncurrent function name file path: /home/clexma/Desktop/fox3/fuzzing/linuxRepo//linux_new/fs/namespace.c\nline range: \nfrom: 576 to: 585\ncurrent function name file path: /home/clexma/Desktop/fox3/fuzzing/linuxRepo//linux_new/fs/namespace.c\nline range: \nfrom: 523 to: 552\nLLM ENABLED\nCLOSE RANGE: 2\npython3 chat_interface.py init mnt_get_writers\ninit output: 1 syscall analysis for mnt_get_writers : ----------------------------\n[pivot_root, move_mount, mount_setattr]\nInit LLM result:\npivot_root\nmove_mount\nmount_setattr\n\ninit error: \n/home/clexma/Desktop/fox3/fuzzing/ChatAnalyzer\npython3 chat_interface.py close mnt_get_writers 2\n/home/clexma/Desktop/fox3/fuzzing/linuxRepo/line2addr\npython3 ./addr_extractor.py ./input_functions.txt\nfuzzing terminate, time bound reach\n'
b'Traceback (most recent call last):\n  File "/home/clexma/Desktop/fox3/fuzzing/./run_experiment.py", line 128, in <module>\n    syzkaller_proc.wait(timeout=syzkaller_time_out)\n  File "/usr/lib/python3.10/subprocess.py", line 1209, in wait\n    return self._wait(timeout=timeout)\n  File "/usr/lib/python3.10/subprocess.py", line 1951, in _wait\n    raise TimeoutExpired(self.args, timeout)\nsubprocess.TimeoutExpired: Command \'[\'sudo\', \'-s\', \'./bin/syz-manager\', \'-config\', \'./my.cfg\']\' timed out after 7200 seconds\n\nDuring handling of the above exception, another exception occurred:\n\nTraceback (most recent call last):\n  File "/home/clexma/Desktop/fox3/fuzzing/./run_experiment.py", line 132, in <module>\n    kill_process_tree(syzkaller_proc.pid)\n  File "/home/clexma/Desktop/fox3/fuzzing/./run_experiment.py", line 14, in kill_process_tree\n    os.kill(child.pid, sig)\nPermissionError: [Errno 1] Operation not permitted\n'
python3 ./run_experiment.py copy 32
here
here
here
38 CURRENT TARGET FUNCTIONS: 
bio_discard_limit
write target_functions.txt
b'close function: __blkdev_issue_discard\nclose function: bio_discard_limit\nclose function: blk_alloc_discard_bio\nclose function: blk_ioctl_discard\ncurrent function name file path: /home/clexma/Desktop/fox3/fuzzing/linuxRepo//linux_new/block/ioctl.c\nline range: \nfrom: 95 to: 162\ncurrent function name file path: /home/clexma/Desktop/fox3/fuzzing/linuxRepo//linux_new/block/blk-lib.c\nline range: \nfrom: 13 to: 36\ncurrent function name file path: /home/clexma/Desktop/fox3/fuzzing/linuxRepo//linux_new/block/blk-lib.c\nline range: \nfrom: 63 to: 72\ncurrent function name file path: /home/clexma/Desktop/fox3/fuzzing/linuxRepo//linux_new/block/blk-lib.c\nline range: \nfrom: 38 to: 61\nLLM ENABLED\nCLOSE RANGE: 2\npython3 chat_interface.py init bio_discard_limit\ninit output: 1 syscall analysis for bio_discard_limit : ----------------------------\n[fallocate, ioctl]\nInit LLM result:\nfallocate\nioctl\n\ninit error: \n/home/clexma/Desktop/fox3/fuzzing/ChatAnalyzer\npython3 chat_interface.py close bio_discard_limit 2\n/home/clexma/Desktop/fox3/fuzzing/linuxRepo/line2addr\npython3 ./addr_extractor.py ./input_functions.txt\nfuzzing terminate, time bound reach\n'
b'close function: __blkdev_issue_discard\nclose function: bio_discard_limit\nclose function: blk_alloc_discard_bio\nclose function: blk_ioctl_discard\ncurrent function name file path: /home/clexma/Desktop/fox3/fuzzing/linuxRepo//linux_new/block/ioctl.c\nline range: \nfrom: 95 to: 162\ncurrent function name file path: /home/clexma/Desktop/fox3/fuzzing/linuxRepo//linux_new/block/blk-lib.c\nline range: \nfrom: 13 to: 36\ncurrent function name file path: /home/clexma/Desktop/fox3/fuzzing/linuxRepo//linux_new/block/blk-lib.c\nline range: \nfrom: 63 to: 72\ncurrent function name file path: /home/clexma/Desktop/fox3/fuzzing/linuxRepo//linux_new/block/blk-lib.c\nline range: \nfrom: 38 to: 61\nLLM ENABLED\nCLOSE RANGE: 2\npython3 chat_interface.py init bio_discard_limit\ninit output: 1 syscall analysis for bio_discard_limit : ----------------------------\n[fallocate, ioctl]\nInit LLM result:\nfallocate\nioctl\n\ninit error: \n/home/clexma/Desktop/fox3/fuzzing/ChatAnalyzer\npython3 chat_interface.py close bio_discard_limit 2\n/home/clexma/Desktop/fox3/fuzzing/linuxRepo/line2addr\npython3 ./addr_extractor.py ./input_functions.txt\nfuzzing terminate, time bound reach\n'
b'Traceback (most recent call last):\n  File "/home/clexma/Desktop/fox3/fuzzing/./run_experiment.py", line 128, in <module>\n    syzkaller_proc.wait(timeout=syzkaller_time_out)\n  File "/usr/lib/python3.10/subprocess.py", line 1209, in wait\n    return self._wait(timeout=timeout)\n  File "/usr/lib/python3.10/subprocess.py", line 1951, in _wait\n    raise TimeoutExpired(self.args, timeout)\nsubprocess.TimeoutExpired: Command \'[\'sudo\', \'-s\', \'./bin/syz-manager\', \'-config\', \'./my.cfg\']\' timed out after 7200 seconds\n\nDuring handling of the above exception, another exception occurred:\n\nTraceback (most recent call last):\n  File "/home/clexma/Desktop/fox3/fuzzing/./run_experiment.py", line 132, in <module>\n    kill_process_tree(syzkaller_proc.pid)\n  File "/home/clexma/Desktop/fox3/fuzzing/./run_experiment.py", line 14, in kill_process_tree\n    os.kill(child.pid, sig)\nPermissionError: [Errno 1] Operation not permitted\n'
python3 ./run_experiment.py copy 38
here
here
here
here
here
here
here
here
here
here
here
here
here
here
here
here
here
here
here
here
